{"/home/shannon/Desktop/hr_projects/FEC/config/config.js": {"path":"/home/shannon/Desktop/hr_projects/FEC/config/config.js","statementMap":{"0":{"start":{"line":1,"column":16},"end":{"line":1,"column":58}},"1":{"start":{"line":3,"column":12},"end":{"line":3,"column":65}}},"fnMap":{},"branchMap":{},"s":{"0":6,"1":6},"f":{},"b":{},"_coverageSchema":"1a1c01bbd47fc00a2c39e90264f33305004495a9","hash":"0905f4ec6d435677e0d684093724045a24c8c79e"}
,"/home/shannon/Desktop/hr_projects/FEC/src/controllers.js": {"path":"/home/shannon/Desktop/hr_projects/FEC/src/controllers.js","statementMap":{"0":{"start":{"line":5,"column":22},"end":{"line":5,"column":38}},"1":{"start":{"line":6,"column":23},"end":{"line":6,"column":39}},"2":{"start":{"line":8,"column":24},"end":{"line":8,"column":26}},"3":{"start":{"line":11,"column":2},"end":{"line":15,"column":3}},"4":{"start":{"line":12,"column":4},"end":{"line":14,"column":7}},"5":{"start":{"line":13,"column":6},"end":{"line":13,"column":37}},"6":{"start":{"line":16,"column":2},"end":{"line":29,"column":5}},"7":{"start":{"line":27,"column":4},"end":{"line":27,"column":42}},"8":{"start":{"line":28,"column":4},"end":{"line":28,"column":33}},"9":{"start":{"line":32,"column":23},"end":{"line":32,"column":25}},"10":{"start":{"line":35,"column":2},"end":{"line":39,"column":3}},"11":{"start":{"line":36,"column":4},"end":{"line":38,"column":7}},"12":{"start":{"line":37,"column":6},"end":{"line":37,"column":36}},"13":{"start":{"line":40,"column":2},"end":{"line":49,"column":5}},"14":{"start":{"line":47,"column":4},"end":{"line":47,"column":49}},"15":{"start":{"line":48,"column":4},"end":{"line":48,"column":32}},"16":{"start":{"line":52,"column":20},"end":{"line":52,"column":22}},"17":{"start":{"line":55,"column":2},"end":{"line":69,"column":3}},"18":{"start":{"line":56,"column":4},"end":{"line":56,"column":11}},"19":{"start":{"line":58,"column":4},"end":{"line":60,"column":5}},"20":{"start":{"line":59,"column":6},"end":{"line":59,"column":13}},"21":{"start":{"line":61,"column":4},"end":{"line":68,"column":7}},"22":{"start":{"line":62,"column":6},"end":{"line":67,"column":9}},"23":{"start":{"line":63,"column":8},"end":{"line":65,"column":11}},"24":{"start":{"line":64,"column":10},"end":{"line":64,"column":43}},"25":{"start":{"line":66,"column":8},"end":{"line":66,"column":86}},"26":{"start":{"line":73,"column":2},"end":{"line":95,"column":3}},"27":{"start":{"line":74,"column":14},"end":{"line":74,"column":47}},"28":{"start":{"line":75,"column":4},"end":{"line":90,"column":6}},"29":{"start":{"line":77,"column":8},"end":{"line":88,"column":10}},"30":{"start":{"line":92,"column":4},"end":{"line":94,"column":7}},"31":{"start":{"line":93,"column":6},"end":{"line":93,"column":15}},"32":{"start":{"line":98,"column":18},"end":{"line":98,"column":20}},"33":{"start":{"line":101,"column":2},"end":{"line":105,"column":3}},"34":{"start":{"line":102,"column":4},"end":{"line":104,"column":7}},"35":{"start":{"line":103,"column":6},"end":{"line":103,"column":39}},"36":{"start":{"line":106,"column":2},"end":{"line":142,"column":5}},"37":{"start":{"line":116,"column":19},"end":{"line":116,"column":32}},"38":{"start":{"line":118,"column":6},"end":{"line":122,"column":39}},"39":{"start":{"line":125,"column":6},"end":{"line":129,"column":35}},"40":{"start":{"line":131,"column":25},"end":{"line":131,"column":67}},"41":{"start":{"line":133,"column":4},"end":{"line":133,"column":45}},"42":{"start":{"line":134,"column":4},"end":{"line":134,"column":35}}},"fnMap":{"0":{"name":"getProductById","decl":{"start":{"line":10,"column":16},"end":{"line":10,"column":30}},"loc":{"start":{"line":10,"column":46},"end":{"line":30,"column":1}},"line":10},"1":{"name":"(anonymous_1)","decl":{"start":{"line":12,"column":23},"end":{"line":12,"column":24}},"loc":{"start":{"line":12,"column":44},"end":{"line":14,"column":5}},"line":12},"2":{"name":"(anonymous_2)","decl":{"start":{"line":26,"column":10},"end":{"line":26,"column":11}},"loc":{"start":{"line":26,"column":24},"end":{"line":29,"column":3}},"line":26},"3":{"name":"getStylesById","decl":{"start":{"line":34,"column":16},"end":{"line":34,"column":29}},"loc":{"start":{"line":34,"column":34},"end":{"line":50,"column":1}},"line":34},"4":{"name":"(anonymous_4)","decl":{"start":{"line":36,"column":23},"end":{"line":36,"column":24}},"loc":{"start":{"line":36,"column":44},"end":{"line":38,"column":5}},"line":36},"5":{"name":"(anonymous_5)","decl":{"start":{"line":46,"column":10},"end":{"line":46,"column":11}},"loc":{"start":{"line":46,"column":24},"end":{"line":49,"column":3}},"line":46},"6":{"name":"prefetch","decl":{"start":{"line":54,"column":16},"end":{"line":54,"column":24}},"loc":{"start":{"line":54,"column":51},"end":{"line":70,"column":1}},"line":54},"7":{"name":"(anonymous_7)","decl":{"start":{"line":61,"column":25},"end":{"line":61,"column":26}},"loc":{"start":{"line":61,"column":48},"end":{"line":68,"column":5}},"line":61},"8":{"name":"(anonymous_8)","decl":{"start":{"line":62,"column":33},"end":{"line":62,"column":34}},"loc":{"start":{"line":62,"column":56},"end":{"line":67,"column":7}},"line":62},"9":{"name":"(anonymous_9)","decl":{"start":{"line":63,"column":79},"end":{"line":63,"column":80}},"loc":{"start":{"line":63,"column":85},"end":{"line":65,"column":9}},"line":63},"10":{"name":"addToCart","decl":{"start":{"line":72,"column":16},"end":{"line":72,"column":25}},"loc":{"start":{"line":72,"column":40},"end":{"line":96,"column":1}},"line":72},"11":{"name":"(anonymous_11)","decl":{"start":{"line":76,"column":14},"end":{"line":76,"column":15}},"loc":{"start":{"line":76,"column":22},"end":{"line":89,"column":7}},"line":76},"12":{"name":"(anonymous_12)","decl":{"start":{"line":92,"column":23},"end":{"line":92,"column":24}},"loc":{"start":{"line":92,"column":44},"end":{"line":94,"column":5}},"line":92},"13":{"name":"getStars","decl":{"start":{"line":100,"column":16},"end":{"line":100,"column":24}},"loc":{"start":{"line":100,"column":37},"end":{"line":143,"column":1}},"line":100},"14":{"name":"(anonymous_14)","decl":{"start":{"line":102,"column":23},"end":{"line":102,"column":24}},"loc":{"start":{"line":102,"column":44},"end":{"line":104,"column":5}},"line":102},"15":{"name":"(anonymous_15)","decl":{"start":{"line":115,"column":10},"end":{"line":115,"column":11}},"loc":{"start":{"line":115,"column":24},"end":{"line":142,"column":3}},"line":115}},"branchMap":{"0":{"loc":{"start":{"line":10,"column":35},"end":{"line":10,"column":44}},"type":"default-arg","locations":[{"start":{"line":10,"column":43},"end":{"line":10,"column":44}}],"line":10},"1":{"loc":{"start":{"line":11,"column":2},"end":{"line":15,"column":3}},"type":"if","locations":[{"start":{"line":11,"column":2},"end":{"line":15,"column":3}},{"start":{},"end":{}}],"line":11},"2":{"loc":{"start":{"line":35,"column":2},"end":{"line":39,"column":3}},"type":"if","locations":[{"start":{"line":35,"column":2},"end":{"line":39,"column":3}},{"start":{},"end":{}}],"line":35},"3":{"loc":{"start":{"line":55,"column":2},"end":{"line":69,"column":3}},"type":"if","locations":[{"start":{"line":55,"column":2},"end":{"line":69,"column":3}},{"start":{"line":57,"column":9},"end":{"line":69,"column":3}}],"line":55},"4":{"loc":{"start":{"line":58,"column":4},"end":{"line":60,"column":5}},"type":"if","locations":[{"start":{"line":58,"column":4},"end":{"line":60,"column":5}},{"start":{},"end":{}}],"line":58},"5":{"loc":{"start":{"line":73,"column":2},"end":{"line":95,"column":3}},"type":"if","locations":[{"start":{"line":73,"column":2},"end":{"line":95,"column":3}},{"start":{"line":91,"column":9},"end":{"line":95,"column":3}}],"line":73},"6":{"loc":{"start":{"line":73,"column":6},"end":{"line":73,"column":24}},"type":"binary-expr","locations":[{"start":{"line":73,"column":6},"end":{"line":73,"column":18}},{"start":{"line":73,"column":22},"end":{"line":73,"column":24}}],"line":73},"7":{"loc":{"start":{"line":101,"column":2},"end":{"line":105,"column":3}},"type":"if","locations":[{"start":{"line":101,"column":2},"end":{"line":105,"column":3}},{"start":{},"end":{}}],"line":101}},"s":{"0":6,"1":6,"2":6,"3":4,"4":0,"5":0,"6":4,"7":0,"8":0,"9":6,"10":4,"11":0,"12":0,"13":4,"14":0,"15":0,"16":6,"17":2,"18":0,"19":2,"20":2,"21":0,"22":0,"23":0,"24":0,"25":0,"26":2,"27":1,"28":1,"29":2,"30":1,"31":1,"32":6,"33":1,"34":0,"35":0,"36":1,"37":0,"38":0,"39":0,"40":0,"41":0,"42":0},"f":{"0":4,"1":0,"2":0,"3":4,"4":0,"5":0,"6":2,"7":0,"8":0,"9":0,"10":2,"11":2,"12":1,"13":1,"14":0,"15":0},"b":{"0":[4],"1":[0,4],"2":[0,4],"3":[0,2],"4":[2,0],"5":[1,1],"6":[2,2],"7":[0,1]},"_coverageSchema":"1a1c01bbd47fc00a2c39e90264f33305004495a9","hash":"fcb3440133fb3915c9f9438a40a7457620d4120d"}
,"/home/shannon/Desktop/hr_projects/FEC/src/components/commonComponents/StarRatingStatic.jsx": {"path":"/home/shannon/Desktop/hr_projects/FEC/src/components/commonComponents/StarRatingStatic.jsx","statementMap":{"0":{"start":{"line":3,"column":25},"end":{"line":5,"column":1}},"1":{"start":{"line":4,"column":2},"end":{"line":4,"column":76}},"2":{"start":{"line":8,"column":2},"end":{"line":8,"column":95}}},"fnMap":{"0":{"name":"(anonymous_0)","decl":{"start":{"line":3,"column":25},"end":{"line":3,"column":26}},"loc":{"start":{"line":3,"column":36},"end":{"line":5,"column":1}},"line":3},"1":{"name":"StarRatingStatic2","decl":{"start":{"line":7,"column":16},"end":{"line":7,"column":33}},"loc":{"start":{"line":7,"column":41},"end":{"line":9,"column":1}},"line":7}},"branchMap":{},"s":{"0":4,"1":12,"2":5},"f":{"0":12,"1":5},"b":{},"_coverageSchema":"1a1c01bbd47fc00a2c39e90264f33305004495a9","hash":"d9c684c7d43b20f469657acfd95994c9dccc1b0a"}
,"/home/shannon/Desktop/hr_projects/FEC/src/components/commonComponents/usePreviousHook.jsx": {"path":"/home/shannon/Desktop/hr_projects/FEC/src/components/commonComponents/usePreviousHook.jsx","statementMap":{"0":{"start":{"line":3,"column":18},"end":{"line":11,"column":1}},"1":{"start":{"line":4,"column":12},"end":{"line":4,"column":20}},"2":{"start":{"line":6,"column":2},"end":{"line":8,"column":17}},"3":{"start":{"line":7,"column":4},"end":{"line":7,"column":27}},"4":{"start":{"line":10,"column":2},"end":{"line":10,"column":21}}},"fnMap":{"0":{"name":"(anonymous_0)","decl":{"start":{"line":3,"column":18},"end":{"line":3,"column":19}},"loc":{"start":{"line":3,"column":38},"end":{"line":11,"column":1}},"line":3},"1":{"name":"(anonymous_1)","decl":{"start":{"line":6,"column":12},"end":{"line":6,"column":13}},"loc":{"start":{"line":6,"column":18},"end":{"line":8,"column":3}},"line":6}},"branchMap":{},"s":{"0":3,"1":15,"2":15,"3":5,"4":15},"f":{"0":15,"1":5},"b":{},"_coverageSchema":"1a1c01bbd47fc00a2c39e90264f33305004495a9","hash":"29b2546f191968489b1461cdb8689af22e302235"}
,"/home/shannon/Desktop/hr_projects/FEC/src/components/overview/AddToCart.jsx": {"path":"/home/shannon/Desktop/hr_projects/FEC/src/components/overview/AddToCart.jsx","statementMap":{"0":{"start":{"line":3,"column":18},"end":{"line":58,"column":1}},"1":{"start":{"line":4,"column":28},"end":{"line":4,"column":43}},"2":{"start":{"line":6,"column":20},"end":{"line":36,"column":3}},"3":{"start":{"line":7,"column":15},"end":{"line":7,"column":20}},"4":{"start":{"line":8,"column":4},"end":{"line":14,"column":7}},"5":{"start":{"line":9,"column":6},"end":{"line":13,"column":7}},"6":{"start":{"line":10,"column":8},"end":{"line":12,"column":9}},"7":{"start":{"line":11,"column":10},"end":{"line":11,"column":22}},"8":{"start":{"line":15,"column":4},"end":{"line":17,"column":5}},"9":{"start":{"line":16,"column":6},"end":{"line":16,"column":22}},"10":{"start":{"line":18,"column":4},"end":{"line":18,"column":39}},"11":{"start":{"line":19,"column":4},"end":{"line":19,"column":17}},"12":{"start":{"line":20,"column":4},"end":{"line":35,"column":7}},"13":{"start":{"line":21,"column":6},"end":{"line":24,"column":7}},"14":{"start":{"line":22,"column":8},"end":{"line":22,"column":20}},"15":{"start":{"line":23,"column":8},"end":{"line":23,"column":25}},"16":{"start":{"line":25,"column":6},"end":{"line":31,"column":7}},"17":{"start":{"line":26,"column":8},"end":{"line":30,"column":9}},"18":{"start":{"line":27,"column":10},"end":{"line":27,"column":28}},"19":{"start":{"line":29,"column":10},"end":{"line":29,"column":28}},"20":{"start":{"line":32,"column":6},"end":{"line":34,"column":7}},"21":{"start":{"line":33,"column":8},"end":{"line":33,"column":24}},"22":{"start":{"line":38,"column":2},"end":{"line":46,"column":14}},"23":{"start":{"line":39,"column":4},"end":{"line":39,"column":34}},"24":{"start":{"line":40,"column":4},"end":{"line":40,"column":20}},"25":{"start":{"line":41,"column":4},"end":{"line":45,"column":7}},"26":{"start":{"line":42,"column":6},"end":{"line":44,"column":7}},"27":{"start":{"line":43,"column":8},"end":{"line":43,"column":25}},"28":{"start":{"line":48,"column":2},"end":{"line":57,"column":4}},"29":{"start":{"line":52,"column":8},"end":{"line":52,"column":22}}},"fnMap":{"0":{"name":"(anonymous_0)","decl":{"start":{"line":3,"column":18},"end":{"line":3,"column":19}},"loc":{"start":{"line":3,"column":111},"end":{"line":58,"column":1}},"line":3},"1":{"name":"(anonymous_1)","decl":{"start":{"line":6,"column":20},"end":{"line":6,"column":21}},"loc":{"start":{"line":6,"column":32},"end":{"line":36,"column":3}},"line":6},"2":{"name":"(anonymous_2)","decl":{"start":{"line":8,"column":18},"end":{"line":8,"column":19}},"loc":{"start":{"line":8,"column":41},"end":{"line":14,"column":5}},"line":8},"3":{"name":"(anonymous_3)","decl":{"start":{"line":20,"column":18},"end":{"line":20,"column":19}},"loc":{"start":{"line":20,"column":38},"end":{"line":35,"column":5}},"line":20},"4":{"name":"(anonymous_4)","decl":{"start":{"line":38,"column":12},"end":{"line":38,"column":13}},"loc":{"start":{"line":38,"column":18},"end":{"line":46,"column":3}},"line":38},"5":{"name":"(anonymous_5)","decl":{"start":{"line":41,"column":19},"end":{"line":41,"column":20}},"loc":{"start":{"line":41,"column":39},"end":{"line":45,"column":5}},"line":41},"6":{"name":"(anonymous_6)","decl":{"start":{"line":51,"column":15},"end":{"line":51,"column":16}},"loc":{"start":{"line":51,"column":21},"end":{"line":53,"column":7}},"line":51}},"branchMap":{"0":{"loc":{"start":{"line":9,"column":6},"end":{"line":13,"column":7}},"type":"if","locations":[{"start":{"line":9,"column":6},"end":{"line":13,"column":7}},{"start":{},"end":{}}],"line":9},"1":{"loc":{"start":{"line":10,"column":8},"end":{"line":12,"column":9}},"type":"if","locations":[{"start":{"line":10,"column":8},"end":{"line":12,"column":9}},{"start":{},"end":{}}],"line":10},"2":{"loc":{"start":{"line":15,"column":4},"end":{"line":17,"column":5}},"type":"if","locations":[{"start":{"line":15,"column":4},"end":{"line":17,"column":5}},{"start":{},"end":{}}],"line":15},"3":{"loc":{"start":{"line":21,"column":6},"end":{"line":24,"column":7}},"type":"if","locations":[{"start":{"line":21,"column":6},"end":{"line":24,"column":7}},{"start":{},"end":{}}],"line":21},"4":{"loc":{"start":{"line":25,"column":6},"end":{"line":31,"column":7}},"type":"if","locations":[{"start":{"line":25,"column":6},"end":{"line":31,"column":7}},{"start":{},"end":{}}],"line":25},"5":{"loc":{"start":{"line":26,"column":8},"end":{"line":30,"column":9}},"type":"if","locations":[{"start":{"line":26,"column":8},"end":{"line":30,"column":9}},{"start":{"line":28,"column":15},"end":{"line":30,"column":9}}],"line":26},"6":{"loc":{"start":{"line":32,"column":6},"end":{"line":34,"column":7}},"type":"if","locations":[{"start":{"line":32,"column":6},"end":{"line":34,"column":7}},{"start":{},"end":{}}],"line":32},"7":{"loc":{"start":{"line":42,"column":6},"end":{"line":44,"column":7}},"type":"if","locations":[{"start":{"line":42,"column":6},"end":{"line":44,"column":7}},{"start":{},"end":{}}],"line":42},"8":{"loc":{"start":{"line":54,"column":17},"end":{"line":54,"column":58}},"type":"cond-expr","locations":[{"start":{"line":54,"column":26},"end":{"line":54,"column":42}},{"start":{"line":54,"column":45},"end":{"line":54,"column":58}}],"line":54}},"s":{"0":5,"1":23,"2":23,"3":3,"4":3,"5":7,"6":0,"7":0,"8":3,"9":3,"10":3,"11":3,"12":3,"13":7,"14":7,"15":7,"16":7,"17":0,"18":0,"19":0,"20":7,"21":0,"22":23,"23":11,"24":11,"25":11,"26":31,"27":31,"28":23,"29":3},"f":{"0":23,"1":3,"2":7,"3":7,"4":11,"5":31,"6":3},"b":{"0":[0,7],"1":[0,0],"2":[3,0],"3":[7,0],"4":[0,7],"5":[0,0],"6":[0,7],"7":[31,0],"8":[2,21]},"_coverageSchema":"1a1c01bbd47fc00a2c39e90264f33305004495a9","hash":"fee5687bea9f185011eb211efc78768e0ea23760"}
,"/home/shannon/Desktop/hr_projects/FEC/src/components/overview/BottomInformation.jsx": {"path":"/home/shannon/Desktop/hr_projects/FEC/src/components/overview/BottomInformation.jsx","statementMap":{"0":{"start":{"line":3,"column":26},"end":{"line":49,"column":1}},"1":{"start":{"line":4,"column":2},"end":{"line":48,"column":4}}},"fnMap":{"0":{"name":"(anonymous_0)","decl":{"start":{"line":3,"column":26},"end":{"line":3,"column":27}},"loc":{"start":{"line":3,"column":37},"end":{"line":49,"column":1}},"line":3}},"branchMap":{},"s":{"0":1,"1":2},"f":{"0":2},"b":{},"_coverageSchema":"1a1c01bbd47fc00a2c39e90264f33305004495a9","hash":"95a2e01c48d8ea17d20b3a25b535da0ab91a2796"}
,"/home/shannon/Desktop/hr_projects/FEC/src/components/overview/CollapseButton.jsx": {"path":"/home/shannon/Desktop/hr_projects/FEC/src/components/overview/CollapseButton.jsx","statementMap":{"0":{"start":{"line":3,"column":23},"end":{"line":14,"column":1}},"1":{"start":{"line":4,"column":2},"end":{"line":13,"column":4}},"2":{"start":{"line":9,"column":8},"end":{"line":9,"column":31}}},"fnMap":{"0":{"name":"(anonymous_0)","decl":{"start":{"line":3,"column":23},"end":{"line":3,"column":24}},"loc":{"start":{"line":3,"column":54},"end":{"line":14,"column":1}},"line":3},"1":{"name":"(anonymous_1)","decl":{"start":{"line":8,"column":15},"end":{"line":8,"column":16}},"loc":{"start":{"line":8,"column":21},"end":{"line":10,"column":7}},"line":8}},"branchMap":{},"s":{"0":3,"1":5,"2":0},"f":{"0":5,"1":0},"b":{},"_coverageSchema":"1a1c01bbd47fc00a2c39e90264f33305004495a9","hash":"c0d09c236939ee68017d895bddc31f4c8e1fe301"}
,"/home/shannon/Desktop/hr_projects/FEC/src/components/overview/ExpandedProductInfo.jsx": {"path":"/home/shannon/Desktop/hr_projects/FEC/src/components/overview/ExpandedProductInfo.jsx","statementMap":{"0":{"start":{"line":9,"column":28},"end":{"line":79,"column":1}},"1":{"start":{"line":26,"column":2},"end":{"line":78,"column":4}},"2":{"start":{"line":30,"column":10},"end":{"line":30,"column":36}}},"fnMap":{"0":{"name":"(anonymous_0)","decl":{"start":{"line":9,"column":28},"end":{"line":9,"column":29}},"loc":{"start":{"line":25,"column":6},"end":{"line":79,"column":1}},"line":25},"1":{"name":"(anonymous_1)","decl":{"start":{"line":29,"column":17},"end":{"line":29,"column":18}},"loc":{"start":{"line":29,"column":23},"end":{"line":31,"column":9}},"line":29}},"branchMap":{"0":{"loc":{"start":{"line":27,"column":62},"end":{"line":27,"column":148}},"type":"cond-expr","locations":[{"start":{"line":27,"column":78},"end":{"line":27,"column":116}},{"start":{"line":27,"column":119},"end":{"line":27,"column":148}}],"line":27},"1":{"loc":{"start":{"line":33,"column":10},"end":{"line":47,"column":15}},"type":"cond-expr","locations":[{"start":{"line":34,"column":14},"end":{"line":34,"column":60}},{"start":{"line":35,"column":14},"end":{"line":47,"column":15}}],"line":33}},"s":{"0":3,"1":5,"2":0},"f":{"0":5,"1":0},"b":{"0":[0,5],"1":[0,5]},"_coverageSchema":"1a1c01bbd47fc00a2c39e90264f33305004495a9","hash":"e5794b6a167b48d9734672fb63b2e36ad8588542"}
,"/home/shannon/Desktop/hr_projects/FEC/src/components/overview/ImageCarousel.jsx": {"path":"/home/shannon/Desktop/hr_projects/FEC/src/components/overview/ImageCarousel.jsx","statementMap":{"0":{"start":{"line":7,"column":22},"end":{"line":71,"column":1}},"1":{"start":{"line":24,"column":42},"end":{"line":24,"column":57}},"2":{"start":{"line":26,"column":19},"end":{"line":28,"column":3}},"3":{"start":{"line":27,"column":4},"end":{"line":27,"column":15}},"4":{"start":{"line":30,"column":2},"end":{"line":70,"column":4}},"5":{"start":{"line":34,"column":10},"end":{"line":34,"column":36}},"6":{"start":{"line":67,"column":10},"end":{"line":67,"column":43}}},"fnMap":{"0":{"name":"(anonymous_0)","decl":{"start":{"line":7,"column":22},"end":{"line":7,"column":23}},"loc":{"start":{"line":23,"column":6},"end":{"line":71,"column":1}},"line":23},"1":{"name":"(anonymous_1)","decl":{"start":{"line":26,"column":19},"end":{"line":26,"column":20}},"loc":{"start":{"line":26,"column":39},"end":{"line":28,"column":3}},"line":26},"2":{"name":"(anonymous_2)","decl":{"start":{"line":33,"column":17},"end":{"line":33,"column":18}},"loc":{"start":{"line":33,"column":23},"end":{"line":35,"column":9}},"line":33},"3":{"name":"(anonymous_3)","decl":{"start":{"line":66,"column":21},"end":{"line":66,"column":22}},"loc":{"start":{"line":66,"column":27},"end":{"line":68,"column":9}},"line":66}},"branchMap":{"0":{"loc":{"start":{"line":37,"column":10},"end":{"line":39,"column":63}},"type":"cond-expr","locations":[{"start":{"line":38,"column":14},"end":{"line":38,"column":85}},{"start":{"line":39,"column":14},"end":{"line":39,"column":63}}],"line":37}},"s":{"0":3,"1":9,"2":9,"3":0,"4":9,"5":0,"6":0},"f":{"0":9,"1":0,"2":0,"3":0},"b":{"0":[3,6]},"_coverageSchema":"1a1c01bbd47fc00a2c39e90264f33305004495a9","hash":"0e9e70ed6e9360d9e095fd264d13be6802171024"}
,"/home/shannon/Desktop/hr_projects/FEC/src/components/overview/OverlayThumbnail.jsx": {"path":"/home/shannon/Desktop/hr_projects/FEC/src/components/overview/OverlayThumbnail.jsx","statementMap":{"0":{"start":{"line":4,"column":25},"end":{"line":40,"column":1}},"1":{"start":{"line":5,"column":40},"end":{"line":5,"column":85}},"2":{"start":{"line":7,"column":20},"end":{"line":9,"column":3}},"3":{"start":{"line":8,"column":4},"end":{"line":8,"column":39}},"4":{"start":{"line":11,"column":20},"end":{"line":15,"column":3}},"5":{"start":{"line":12,"column":4},"end":{"line":14,"column":5}},"6":{"start":{"line":13,"column":6},"end":{"line":13,"column":60}},"7":{"start":{"line":17,"column":2},"end":{"line":28,"column":3}},"8":{"start":{"line":18,"column":4},"end":{"line":27,"column":6}},"9":{"start":{"line":21,"column":10},"end":{"line":21,"column":24}},"10":{"start":{"line":30,"column":2},"end":{"line":39,"column":4}},"11":{"start":{"line":33,"column":8},"end":{"line":33,"column":22}}},"fnMap":{"0":{"name":"(anonymous_0)","decl":{"start":{"line":4,"column":25},"end":{"line":4,"column":26}},"loc":{"start":{"line":4,"column":92},"end":{"line":40,"column":1}},"line":4},"1":{"name":"(anonymous_1)","decl":{"start":{"line":7,"column":20},"end":{"line":7,"column":21}},"loc":{"start":{"line":7,"column":32},"end":{"line":9,"column":3}},"line":7},"2":{"name":"(anonymous_2)","decl":{"start":{"line":11,"column":20},"end":{"line":11,"column":21}},"loc":{"start":{"line":11,"column":32},"end":{"line":15,"column":3}},"line":11},"3":{"name":"(anonymous_3)","decl":{"start":{"line":20,"column":17},"end":{"line":20,"column":18}},"loc":{"start":{"line":20,"column":23},"end":{"line":22,"column":9}},"line":20},"4":{"name":"(anonymous_4)","decl":{"start":{"line":32,"column":15},"end":{"line":32,"column":16}},"loc":{"start":{"line":32,"column":21},"end":{"line":34,"column":7}},"line":32}},"branchMap":{"0":{"loc":{"start":{"line":12,"column":4},"end":{"line":14,"column":5}},"type":"if","locations":[{"start":{"line":12,"column":4},"end":{"line":14,"column":5}},{"start":{},"end":{}}],"line":12},"1":{"loc":{"start":{"line":17,"column":2},"end":{"line":28,"column":3}},"type":"if","locations":[{"start":{"line":17,"column":2},"end":{"line":28,"column":3}},{"start":{},"end":{}}],"line":17},"2":{"loc":{"start":{"line":24,"column":19},"end":{"line":24,"column":94}},"type":"cond-expr","locations":[{"start":{"line":24,"column":28},"end":{"line":24,"column":63}},{"start":{"line":24,"column":66},"end":{"line":24,"column":94}}],"line":24}},"s":{"0":3,"1":36,"2":36,"3":0,"4":36,"5":36,"6":18,"7":36,"8":6,"9":0,"10":30,"11":0},"f":{"0":36,"1":0,"2":36,"3":0,"4":0},"b":{"0":[18,18],"1":[6,30],"2":[6,0]},"_coverageSchema":"1a1c01bbd47fc00a2c39e90264f33305004495a9","hash":"7b38c0fee987023e318e04e032e490743ad42ce4"}
,"/home/shannon/Desktop/hr_projects/FEC/src/components/overview/Price.jsx": {"path":"/home/shannon/Desktop/hr_projects/FEC/src/components/overview/Price.jsx","statementMap":{"0":{"start":{"line":3,"column":14},"end":{"line":22,"column":1}},"1":{"start":{"line":4,"column":2},"end":{"line":21,"column":3}},"2":{"start":{"line":5,"column":4},"end":{"line":14,"column":6}},"3":{"start":{"line":16,"column":4},"end":{"line":20,"column":6}}},"fnMap":{"0":{"name":"(anonymous_0)","decl":{"start":{"line":3,"column":14},"end":{"line":3,"column":15}},"loc":{"start":{"line":3,"column":33},"end":{"line":22,"column":1}},"line":3}},"branchMap":{"0":{"loc":{"start":{"line":4,"column":2},"end":{"line":21,"column":3}},"type":"if","locations":[{"start":{"line":4,"column":2},"end":{"line":21,"column":3}},{"start":{"line":15,"column":9},"end":{"line":21,"column":3}}],"line":4}},"s":{"0":4,"1":8,"2":2,"3":6},"f":{"0":8},"b":{"0":[2,6]},"_coverageSchema":"1a1c01bbd47fc00a2c39e90264f33305004495a9","hash":"8545b7f57672c1dd7f2c9319a78f57e9714a0b4c"}
,"/home/shannon/Desktop/hr_projects/FEC/src/components/overview/ProductOverview.jsx": {"path":"/home/shannon/Desktop/hr_projects/FEC/src/components/overview/ProductOverview.jsx","statementMap":{"0":{"start":{"line":7,"column":24},"end":{"line":214,"column":1}},"1":{"start":{"line":8,"column":28},"end":{"line":8,"column":39}},"2":{"start":{"line":9,"column":26},"end":{"line":9,"column":38}},"3":{"start":{"line":10,"column":40},"end":{"line":19,"column":4}},"4":{"start":{"line":20,"column":60},"end":{"line":20,"column":72}},"5":{"start":{"line":21,"column":38},"end":{"line":21,"column":50}},"6":{"start":{"line":22,"column":52},"end":{"line":22,"column":63}},"7":{"start":{"line":23,"column":36},"end":{"line":23,"column":50}},"8":{"start":{"line":24,"column":26},"end":{"line":24,"column":38}},"9":{"start":{"line":26,"column":2},"end":{"line":61,"column":19}},"10":{"start":{"line":27,"column":4},"end":{"line":29,"column":7}},"11":{"start":{"line":28,"column":6},"end":{"line":28,"column":27}},"12":{"start":{"line":30,"column":4},"end":{"line":60,"column":7}},"13":{"start":{"line":31,"column":29},"end":{"line":31,"column":31}},"14":{"start":{"line":32,"column":21},"end":{"line":32,"column":23}},"15":{"start":{"line":33,"column":6},"end":{"line":53,"column":9}},"16":{"start":{"line":34,"column":8},"end":{"line":34,"column":48}},"17":{"start":{"line":35,"column":8},"end":{"line":37,"column":11}},"18":{"start":{"line":36,"column":10},"end":{"line":36,"column":33}},"19":{"start":{"line":39,"column":23},"end":{"line":39,"column":25}},"20":{"start":{"line":40,"column":8},"end":{"line":51,"column":9}},"21":{"start":{"line":41,"column":21},"end":{"line":41,"column":26}},"22":{"start":{"line":42,"column":10},"end":{"line":47,"column":13}},"23":{"start":{"line":43,"column":12},"end":{"line":46,"column":13}},"24":{"start":{"line":44,"column":14},"end":{"line":44,"column":26}},"25":{"start":{"line":45,"column":14},"end":{"line":45,"column":86}},"26":{"start":{"line":48,"column":10},"end":{"line":50,"column":11}},"27":{"start":{"line":49,"column":12},"end":{"line":49,"column":58}},"28":{"start":{"line":52,"column":8},"end":{"line":52,"column":68}},"29":{"start":{"line":54,"column":6},"end":{"line":54,"column":50}},"30":{"start":{"line":55,"column":6},"end":{"line":55,"column":25}},"31":{"start":{"line":56,"column":6},"end":{"line":56,"column":28}},"32":{"start":{"line":57,"column":6},"end":{"line":59,"column":9}},"33":{"start":{"line":58,"column":8},"end":{"line":58,"column":27}},"34":{"start":{"line":63,"column":2},"end":{"line":65,"column":21}},"35":{"start":{"line":64,"column":4},"end":{"line":64,"column":39}},"36":{"start":{"line":67,"column":20},"end":{"line":69,"column":3}},"37":{"start":{"line":68,"column":4},"end":{"line":68,"column":24}},"38":{"start":{"line":71,"column":20},"end":{"line":87,"column":3}},"39":{"start":{"line":72,"column":4},"end":{"line":72,"column":78}},"40":{"start":{"line":73,"column":4},"end":{"line":73,"column":48}},"41":{"start":{"line":74,"column":4},"end":{"line":74,"column":32}},"42":{"start":{"line":75,"column":4},"end":{"line":75,"column":68}},"43":{"start":{"line":76,"column":4},"end":{"line":76,"column":60}},"44":{"start":{"line":77,"column":4},"end":{"line":77,"column":69}},"45":{"start":{"line":78,"column":4},"end":{"line":78,"column":46}},"46":{"start":{"line":79,"column":4},"end":{"line":79,"column":23}},"47":{"start":{"line":80,"column":4},"end":{"line":80,"column":28}},"48":{"start":{"line":81,"column":4},"end":{"line":83,"column":7}},"49":{"start":{"line":82,"column":6},"end":{"line":82,"column":28}},"50":{"start":{"line":84,"column":4},"end":{"line":86,"column":7}},"51":{"start":{"line":85,"column":6},"end":{"line":85,"column":24}},"52":{"start":{"line":89,"column":32},"end":{"line":94,"column":3}},"53":{"start":{"line":90,"column":4},"end":{"line":92,"column":5}},"54":{"start":{"line":91,"column":6},"end":{"line":91,"column":71}},"55":{"start":{"line":93,"column":4},"end":{"line":93,"column":77}},"56":{"start":{"line":96,"column":32},"end":{"line":100,"column":3}},"57":{"start":{"line":97,"column":18},"end":{"line":97,"column":47}},"58":{"start":{"line":98,"column":4},"end":{"line":98,"column":67}},"59":{"start":{"line":99,"column":4},"end":{"line":99,"column":39}},"60":{"start":{"line":102,"column":30},"end":{"line":107,"column":3}},"61":{"start":{"line":103,"column":4},"end":{"line":105,"column":5}},"62":{"start":{"line":104,"column":6},"end":{"line":104,"column":45}},"63":{"start":{"line":106,"column":4},"end":{"line":106,"column":51}},"64":{"start":{"line":109,"column":24},"end":{"line":114,"column":3}},"65":{"start":{"line":110,"column":4},"end":{"line":112,"column":5}},"66":{"start":{"line":111,"column":6},"end":{"line":111,"column":38}},"67":{"start":{"line":113,"column":4},"end":{"line":113,"column":44}},"68":{"start":{"line":116,"column":23},"end":{"line":120,"column":3}},"69":{"start":{"line":117,"column":4},"end":{"line":119,"column":7}},"70":{"start":{"line":118,"column":6},"end":{"line":118,"column":29}},"71":{"start":{"line":122,"column":29},"end":{"line":126,"column":3}},"72":{"start":{"line":123,"column":4},"end":{"line":125,"column":7}},"73":{"start":{"line":124,"column":6},"end":{"line":124,"column":39}},"74":{"start":{"line":128,"column":24},"end":{"line":133,"column":3}},"75":{"start":{"line":129,"column":4},"end":{"line":131,"column":5}},"76":{"start":{"line":130,"column":6},"end":{"line":130,"column":109}},"77":{"start":{"line":132,"column":4},"end":{"line":132,"column":123}},"78":{"start":{"line":135,"column":27},"end":{"line":137,"column":3}},"79":{"start":{"line":136,"column":4},"end":{"line":136,"column":53}},"80":{"start":{"line":139,"column":32},"end":{"line":143,"column":3}},"81":{"start":{"line":140,"column":21},"end":{"line":140,"column":50}},"82":{"start":{"line":141,"column":4},"end":{"line":141,"column":39}},"83":{"start":{"line":142,"column":4},"end":{"line":142,"column":42}},"84":{"start":{"line":145,"column":32},"end":{"line":149,"column":3}},"85":{"start":{"line":146,"column":21},"end":{"line":146,"column":50}},"86":{"start":{"line":147,"column":4},"end":{"line":147,"column":39}},"87":{"start":{"line":148,"column":4},"end":{"line":148,"column":42}},"88":{"start":{"line":151,"column":24},"end":{"line":168,"column":3}},"89":{"start":{"line":152,"column":4},"end":{"line":154,"column":5}},"90":{"start":{"line":153,"column":6},"end":{"line":153,"column":13}},"91":{"start":{"line":155,"column":4},"end":{"line":167,"column":53}},"92":{"start":{"line":157,"column":24},"end":{"line":157,"column":36}},"93":{"start":{"line":158,"column":23},"end":{"line":158,"column":58}},"94":{"start":{"line":159,"column":8},"end":{"line":163,"column":9}},"95":{"start":{"line":159,"column":21},"end":{"line":159,"column":22}},"96":{"start":{"line":160,"column":10},"end":{"line":162,"column":11}},"97":{"start":{"line":161,"column":12},"end":{"line":161,"column":109}},"98":{"start":{"line":164,"column":8},"end":{"line":164,"column":51}},"99":{"start":{"line":165,"column":8},"end":{"line":165,"column":28}},"100":{"start":{"line":167,"column":22},"end":{"line":167,"column":51}},"101":{"start":{"line":170,"column":2},"end":{"line":213,"column":4}},"102":{"start":{"line":196,"column":12},"end":{"line":196,"column":37}},"103":{"start":{"line":200,"column":12},"end":{"line":200,"column":31}},"104":{"start":{"line":207,"column":12},"end":{"line":207,"column":26}}},"fnMap":{"0":{"name":"(anonymous_0)","decl":{"start":{"line":7,"column":24},"end":{"line":7,"column":25}},"loc":{"start":{"line":7,"column":58},"end":{"line":214,"column":1}},"line":7},"1":{"name":"(anonymous_1)","decl":{"start":{"line":26,"column":12},"end":{"line":26,"column":13}},"loc":{"start":{"line":26,"column":18},"end":{"line":61,"column":3}},"line":26},"2":{"name":"(anonymous_2)","decl":{"start":{"line":27,"column":36},"end":{"line":27,"column":37}},"loc":{"start":{"line":27,"column":46},"end":{"line":29,"column":5}},"line":27},"3":{"name":"(anonymous_3)","decl":{"start":{"line":30,"column":35},"end":{"line":30,"column":36}},"loc":{"start":{"line":30,"column":45},"end":{"line":60,"column":5}},"line":30},"4":{"name":"(anonymous_4)","decl":{"start":{"line":33,"column":19},"end":{"line":33,"column":20}},"loc":{"start":{"line":33,"column":33},"end":{"line":53,"column":7}},"line":33},"5":{"name":"(anonymous_5)","decl":{"start":{"line":35,"column":32},"end":{"line":35,"column":33}},"loc":{"start":{"line":35,"column":55},"end":{"line":37,"column":9}},"line":35},"6":{"name":"(anonymous_6)","decl":{"start":{"line":42,"column":27},"end":{"line":42,"column":28}},"loc":{"start":{"line":42,"column":50},"end":{"line":47,"column":11}},"line":42},"7":{"name":"(anonymous_7)","decl":{"start":{"line":57,"column":32},"end":{"line":57,"column":33}},"loc":{"start":{"line":57,"column":45},"end":{"line":59,"column":7}},"line":57},"8":{"name":"(anonymous_8)","decl":{"start":{"line":63,"column":12},"end":{"line":63,"column":13}},"loc":{"start":{"line":63,"column":18},"end":{"line":65,"column":3}},"line":63},"9":{"name":"(anonymous_9)","decl":{"start":{"line":67,"column":20},"end":{"line":67,"column":21}},"loc":{"start":{"line":67,"column":32},"end":{"line":69,"column":3}},"line":67},"10":{"name":"(anonymous_10)","decl":{"start":{"line":71,"column":20},"end":{"line":71,"column":21}},"loc":{"start":{"line":71,"column":32},"end":{"line":87,"column":3}},"line":71},"11":{"name":"(anonymous_11)","decl":{"start":{"line":81,"column":31},"end":{"line":81,"column":32}},"loc":{"start":{"line":81,"column":45},"end":{"line":83,"column":5}},"line":81},"12":{"name":"(anonymous_12)","decl":{"start":{"line":84,"column":25},"end":{"line":84,"column":26}},"loc":{"start":{"line":84,"column":35},"end":{"line":86,"column":5}},"line":84},"13":{"name":"(anonymous_13)","decl":{"start":{"line":89,"column":32},"end":{"line":89,"column":33}},"loc":{"start":{"line":89,"column":44},"end":{"line":94,"column":3}},"line":89},"14":{"name":"(anonymous_14)","decl":{"start":{"line":96,"column":32},"end":{"line":96,"column":33}},"loc":{"start":{"line":96,"column":53},"end":{"line":100,"column":3}},"line":96},"15":{"name":"(anonymous_15)","decl":{"start":{"line":102,"column":30},"end":{"line":102,"column":31}},"loc":{"start":{"line":102,"column":42},"end":{"line":107,"column":3}},"line":102},"16":{"name":"(anonymous_16)","decl":{"start":{"line":109,"column":24},"end":{"line":109,"column":25}},"loc":{"start":{"line":109,"column":36},"end":{"line":114,"column":3}},"line":109},"17":{"name":"(anonymous_17)","decl":{"start":{"line":116,"column":23},"end":{"line":116,"column":24}},"loc":{"start":{"line":116,"column":35},"end":{"line":120,"column":3}},"line":116},"18":{"name":"(anonymous_18)","decl":{"start":{"line":117,"column":55},"end":{"line":117,"column":56}},"loc":{"start":{"line":117,"column":78},"end":{"line":119,"column":5}},"line":117},"19":{"name":"(anonymous_19)","decl":{"start":{"line":122,"column":29},"end":{"line":122,"column":30}},"loc":{"start":{"line":122,"column":41},"end":{"line":126,"column":3}},"line":122},"20":{"name":"(anonymous_20)","decl":{"start":{"line":123,"column":55},"end":{"line":123,"column":56}},"loc":{"start":{"line":123,"column":78},"end":{"line":125,"column":5}},"line":123},"21":{"name":"(anonymous_21)","decl":{"start":{"line":128,"column":24},"end":{"line":128,"column":25}},"loc":{"start":{"line":128,"column":36},"end":{"line":133,"column":3}},"line":128},"22":{"name":"(anonymous_22)","decl":{"start":{"line":135,"column":27},"end":{"line":135,"column":28}},"loc":{"start":{"line":135,"column":39},"end":{"line":137,"column":3}},"line":135},"23":{"name":"(anonymous_23)","decl":{"start":{"line":139,"column":32},"end":{"line":139,"column":33}},"loc":{"start":{"line":139,"column":44},"end":{"line":143,"column":3}},"line":139},"24":{"name":"(anonymous_24)","decl":{"start":{"line":145,"column":32},"end":{"line":145,"column":33}},"loc":{"start":{"line":145,"column":44},"end":{"line":149,"column":3}},"line":145},"25":{"name":"(anonymous_25)","decl":{"start":{"line":151,"column":24},"end":{"line":151,"column":25}},"loc":{"start":{"line":151,"column":53},"end":{"line":168,"column":3}},"line":151},"26":{"name":"(anonymous_26)","decl":{"start":{"line":156,"column":12},"end":{"line":156,"column":13}},"loc":{"start":{"line":156,"column":18},"end":{"line":166,"column":7}},"line":156},"27":{"name":"(anonymous_27)","decl":{"start":{"line":167,"column":13},"end":{"line":167,"column":14}},"loc":{"start":{"line":167,"column":22},"end":{"line":167,"column":51}},"line":167},"28":{"name":"(anonymous_28)","decl":{"start":{"line":195,"column":20},"end":{"line":195,"column":21}},"loc":{"start":{"line":195,"column":27},"end":{"line":197,"column":11}},"line":195},"29":{"name":"(anonymous_29)","decl":{"start":{"line":199,"column":19},"end":{"line":199,"column":20}},"loc":{"start":{"line":199,"column":25},"end":{"line":201,"column":11}},"line":199},"30":{"name":"(anonymous_30)","decl":{"start":{"line":206,"column":19},"end":{"line":206,"column":20}},"loc":{"start":{"line":206,"column":25},"end":{"line":208,"column":11}},"line":206}},"branchMap":{"0":{"loc":{"start":{"line":43,"column":12},"end":{"line":46,"column":13}},"type":"if","locations":[{"start":{"line":43,"column":12},"end":{"line":46,"column":13}},{"start":{},"end":{}}],"line":43},"1":{"loc":{"start":{"line":48,"column":10},"end":{"line":50,"column":11}},"type":"if","locations":[{"start":{"line":48,"column":10},"end":{"line":50,"column":11}},{"start":{},"end":{}}],"line":48},"2":{"loc":{"start":{"line":90,"column":4},"end":{"line":92,"column":5}},"type":"if","locations":[{"start":{"line":90,"column":4},"end":{"line":92,"column":5}},{"start":{},"end":{}}],"line":90},"3":{"loc":{"start":{"line":103,"column":4},"end":{"line":105,"column":5}},"type":"if","locations":[{"start":{"line":103,"column":4},"end":{"line":105,"column":5}},{"start":{},"end":{}}],"line":103},"4":{"loc":{"start":{"line":110,"column":4},"end":{"line":112,"column":5}},"type":"if","locations":[{"start":{"line":110,"column":4},"end":{"line":112,"column":5}},{"start":{},"end":{}}],"line":110},"5":{"loc":{"start":{"line":129,"column":4},"end":{"line":131,"column":5}},"type":"if","locations":[{"start":{"line":129,"column":4},"end":{"line":131,"column":5}},{"start":{},"end":{}}],"line":129},"6":{"loc":{"start":{"line":152,"column":4},"end":{"line":154,"column":5}},"type":"if","locations":[{"start":{"line":152,"column":4},"end":{"line":154,"column":5}},{"start":{},"end":{}}],"line":152},"7":{"loc":{"start":{"line":152,"column":8},"end":{"line":152,"column":29}},"type":"binary-expr","locations":[{"start":{"line":152,"column":8},"end":{"line":152,"column":16}},{"start":{"line":152,"column":20},"end":{"line":152,"column":29}}],"line":152},"8":{"loc":{"start":{"line":160,"column":10},"end":{"line":162,"column":11}},"type":"if","locations":[{"start":{"line":160,"column":10},"end":{"line":162,"column":11}},{"start":{},"end":{}}],"line":160}},"s":{"0":1,"1":2,"2":2,"3":2,"4":2,"5":2,"6":2,"7":2,"8":2,"9":2,"10":2,"11":0,"12":2,"13":0,"14":0,"15":0,"16":0,"17":0,"18":0,"19":0,"20":0,"21":0,"22":0,"23":0,"24":0,"25":0,"26":0,"27":0,"28":0,"29":0,"30":0,"31":0,"32":0,"33":0,"34":2,"35":2,"36":2,"37":0,"38":2,"39":0,"40":0,"41":0,"42":0,"43":0,"44":0,"45":0,"46":0,"47":0,"48":0,"49":0,"50":0,"51":0,"52":2,"53":2,"54":0,"55":2,"56":2,"57":0,"58":0,"59":0,"60":2,"61":2,"62":0,"63":2,"64":2,"65":2,"66":0,"67":2,"68":2,"69":0,"70":0,"71":2,"72":0,"73":0,"74":2,"75":2,"76":0,"77":2,"78":2,"79":0,"80":2,"81":0,"82":0,"83":0,"84":2,"85":0,"86":0,"87":0,"88":2,"89":0,"90":0,"91":0,"92":0,"93":0,"94":0,"95":0,"96":0,"97":0,"98":0,"99":0,"100":0,"101":2,"102":0,"103":0,"104":0},"f":{"0":2,"1":2,"2":0,"3":0,"4":0,"5":0,"6":0,"7":0,"8":2,"9":0,"10":0,"11":0,"12":0,"13":2,"14":0,"15":2,"16":2,"17":0,"18":0,"19":0,"20":0,"21":2,"22":0,"23":0,"24":0,"25":0,"26":0,"27":0,"28":0,"29":0,"30":0},"b":{"0":[0,0],"1":[0,0],"2":[0,2],"3":[0,2],"4":[0,2],"5":[0,2],"6":[0,0],"7":[0,0],"8":[0,0]},"_coverageSchema":"1a1c01bbd47fc00a2c39e90264f33305004495a9","hash":"f28de882d9219b1ad05d667e2a5baf6e1e00bb51"}
,"/home/shannon/Desktop/hr_projects/FEC/src/components/overview/PurchaseInfo.jsx": {"path":"/home/shannon/Desktop/hr_projects/FEC/src/components/overview/PurchaseInfo.jsx","statementMap":{"0":{"start":{"line":9,"column":21},"end":{"line":72,"column":1}},"1":{"start":{"line":10,"column":35},"end":{"line":10,"column":49}},"2":{"start":{"line":11,"column":27},"end":{"line":11,"column":41}},"3":{"start":{"line":12,"column":28},"end":{"line":12,"column":43}},"4":{"start":{"line":13,"column":30},"end":{"line":13,"column":45}},"5":{"start":{"line":14,"column":30},"end":{"line":14,"column":44}},"6":{"start":{"line":16,"column":2},"end":{"line":27,"column":14}},"7":{"start":{"line":17,"column":15},"end":{"line":17,"column":20}},"8":{"start":{"line":18,"column":4},"end":{"line":26,"column":7}},"9":{"start":{"line":19,"column":6},"end":{"line":19,"column":24}},"10":{"start":{"line":20,"column":6},"end":{"line":22,"column":7}},"11":{"start":{"line":21,"column":8},"end":{"line":21,"column":20}},"12":{"start":{"line":23,"column":6},"end":{"line":25,"column":7}},"13":{"start":{"line":24,"column":8},"end":{"line":24,"column":25}},"14":{"start":{"line":29,"column":2},"end":{"line":71,"column":4}}},"fnMap":{"0":{"name":"(anonymous_0)","decl":{"start":{"line":9,"column":21},"end":{"line":9,"column":22}},"loc":{"start":{"line":9,"column":66},"end":{"line":72,"column":1}},"line":9},"1":{"name":"(anonymous_1)","decl":{"start":{"line":16,"column":12},"end":{"line":16,"column":13}},"loc":{"start":{"line":16,"column":18},"end":{"line":27,"column":3}},"line":16},"2":{"name":"(anonymous_2)","decl":{"start":{"line":18,"column":19},"end":{"line":18,"column":20}},"loc":{"start":{"line":18,"column":39},"end":{"line":26,"column":5}},"line":18}},"branchMap":{"0":{"loc":{"start":{"line":20,"column":6},"end":{"line":22,"column":7}},"type":"if","locations":[{"start":{"line":20,"column":6},"end":{"line":22,"column":7}},{"start":{},"end":{}}],"line":20},"1":{"loc":{"start":{"line":20,"column":10},"end":{"line":20,"column":63}},"type":"binary-expr","locations":[{"start":{"line":20,"column":10},"end":{"line":20,"column":33}},{"start":{"line":20,"column":37},"end":{"line":20,"column":63}}],"line":20},"2":{"loc":{"start":{"line":23,"column":6},"end":{"line":25,"column":7}},"type":"if","locations":[{"start":{"line":23,"column":6},"end":{"line":25,"column":7}},{"start":{},"end":{}}],"line":23},"3":{"loc":{"start":{"line":36,"column":11},"end":{"line":44,"column":11}},"type":"cond-expr","locations":[{"start":{"line":37,"column":12},"end":{"line":39,"column":19}},{"start":{"line":41,"column":12},"end":{"line":43,"column":19}}],"line":36}},"s":{"0":4,"1":11,"2":11,"3":11,"4":11,"5":11,"6":11,"7":9,"8":9,"9":25,"10":25,"11":25,"12":25,"13":0,"14":11},"f":{"0":11,"1":9,"2":25},"b":{"0":[25,0],"1":[25,25],"2":[0,25],"3":[2,9]},"_coverageSchema":"1a1c01bbd47fc00a2c39e90264f33305004495a9","hash":"cb65415f76adc9895ca795d5a0a40d365d4c7a4e"}
,"/home/shannon/Desktop/hr_projects/FEC/src/components/overview/QMenu.jsx": {"path":"/home/shannon/Desktop/hr_projects/FEC/src/components/overview/QMenu.jsx","statementMap":{"0":{"start":{"line":3,"column":14},"end":{"line":49,"column":1}},"1":{"start":{"line":4,"column":32},"end":{"line":4,"column":47}},"2":{"start":{"line":5,"column":2},"end":{"line":5,"column":31}},"3":{"start":{"line":7,"column":20},"end":{"line":28,"column":3}},"4":{"start":{"line":8,"column":4},"end":{"line":27,"column":5}},"5":{"start":{"line":9,"column":21},"end":{"line":9,"column":25}},"6":{"start":{"line":10,"column":6},"end":{"line":15,"column":7}},"7":{"start":{"line":10,"column":19},"end":{"line":10,"column":20}},"8":{"start":{"line":11,"column":8},"end":{"line":14,"column":9}},"9":{"start":{"line":12,"column":10},"end":{"line":12,"column":39}},"10":{"start":{"line":13,"column":10},"end":{"line":13,"column":16}},"11":{"start":{"line":16,"column":22},"end":{"line":16,"column":44}},"12":{"start":{"line":17,"column":6},"end":{"line":26,"column":7}},"13":{"start":{"line":18,"column":21},"end":{"line":22,"column":12}},"14":{"start":{"line":21,"column":12},"end":{"line":21,"column":25}},"15":{"start":{"line":23,"column":8},"end":{"line":23,"column":22}},"16":{"start":{"line":25,"column":8},"end":{"line":25,"column":18}},"17":{"start":{"line":30,"column":2},"end":{"line":48,"column":4}},"18":{"start":{"line":37,"column":8},"end":{"line":37,"column":49}},"19":{"start":{"line":41,"column":8},"end":{"line":45,"column":10}}},"fnMap":{"0":{"name":"(anonymous_0)","decl":{"start":{"line":3,"column":14},"end":{"line":3,"column":15}},"loc":{"start":{"line":3,"column":69},"end":{"line":49,"column":1}},"line":3},"1":{"name":"(anonymous_1)","decl":{"start":{"line":7,"column":20},"end":{"line":7,"column":21}},"loc":{"start":{"line":7,"column":32},"end":{"line":28,"column":3}},"line":7},"2":{"name":"(anonymous_2)","decl":{"start":{"line":20,"column":15},"end":{"line":20,"column":16}},"loc":{"start":{"line":20,"column":25},"end":{"line":22,"column":11}},"line":20},"3":{"name":"(anonymous_3)","decl":{"start":{"line":36,"column":16},"end":{"line":36,"column":17}},"loc":{"start":{"line":36,"column":23},"end":{"line":38,"column":7}},"line":36},"4":{"name":"(anonymous_4)","decl":{"start":{"line":40,"column":26},"end":{"line":40,"column":27}},"loc":{"start":{"line":40,"column":46},"end":{"line":46,"column":7}},"line":40}},"branchMap":{"0":{"loc":{"start":{"line":8,"column":4},"end":{"line":27,"column":5}},"type":"if","locations":[{"start":{"line":8,"column":4},"end":{"line":27,"column":5}},{"start":{},"end":{}}],"line":8},"1":{"loc":{"start":{"line":8,"column":8},"end":{"line":8,"column":23}},"type":"binary-expr","locations":[{"start":{"line":8,"column":8},"end":{"line":8,"column":12}},{"start":{"line":8,"column":16},"end":{"line":8,"column":23}}],"line":8},"2":{"loc":{"start":{"line":11,"column":8},"end":{"line":14,"column":9}},"type":"if","locations":[{"start":{"line":11,"column":8},"end":{"line":14,"column":9}},{"start":{},"end":{}}],"line":11},"3":{"loc":{"start":{"line":17,"column":6},"end":{"line":26,"column":7}},"type":"if","locations":[{"start":{"line":17,"column":6},"end":{"line":26,"column":7}},{"start":{"line":24,"column":13},"end":{"line":26,"column":7}}],"line":17}},"s":{"0":5,"1":13,"2":13,"3":13,"4":13,"5":1,"6":1,"7":1,"8":1,"9":1,"10":1,"11":1,"12":1,"13":1,"14":1,"15":1,"16":0,"17":13,"18":0,"19":1},"f":{"0":13,"1":13,"2":1,"3":0,"4":1},"b":{"0":[1,12],"1":[13,2],"2":[1,0],"3":[1,0]},"_coverageSchema":"1a1c01bbd47fc00a2c39e90264f33305004495a9","hash":"50ea1769a155f20d0b37ab7bdc918cec3df4e0bd"}
,"/home/shannon/Desktop/hr_projects/FEC/src/components/overview/SizeMenu.jsx": {"path":"/home/shannon/Desktop/hr_projects/FEC/src/components/overview/SizeMenu.jsx","statementMap":{"0":{"start":{"line":3,"column":17},"end":{"line":71,"column":1}},"1":{"start":{"line":4,"column":40},"end":{"line":4,"column":65}},"2":{"start":{"line":6,"column":2},"end":{"line":18,"column":23}},"3":{"start":{"line":7,"column":15},"end":{"line":7,"column":20}},"4":{"start":{"line":8,"column":4},"end":{"line":13,"column":7}},"5":{"start":{"line":9,"column":6},"end":{"line":12,"column":7}},"6":{"start":{"line":10,"column":8},"end":{"line":10,"column":20}},"7":{"start":{"line":11,"column":8},"end":{"line":11,"column":42}},"8":{"start":{"line":14,"column":4},"end":{"line":17,"column":5}},"9":{"start":{"line":15,"column":6},"end":{"line":15,"column":27}},"10":{"start":{"line":16,"column":6},"end":{"line":16,"column":39}},"11":{"start":{"line":20,"column":20},"end":{"line":34,"column":3}},"12":{"start":{"line":21,"column":4},"end":{"line":27,"column":7}},"13":{"start":{"line":22,"column":6},"end":{"line":26,"column":7}},"14":{"start":{"line":23,"column":8},"end":{"line":23,"column":46}},"15":{"start":{"line":25,"column":8},"end":{"line":25,"column":48}},"16":{"start":{"line":29,"column":4},"end":{"line":33,"column":6}},"17":{"start":{"line":36,"column":2},"end":{"line":70,"column":4}},"18":{"start":{"line":40,"column":8},"end":{"line":40,"column":25}},"19":{"start":{"line":41,"column":8},"end":{"line":41,"column":35}},"20":{"start":{"line":42,"column":8},"end":{"line":42,"column":26}},"21":{"start":{"line":43,"column":8},"end":{"line":47,"column":11}},"22":{"start":{"line":44,"column":10},"end":{"line":46,"column":11}},"23":{"start":{"line":45,"column":12},"end":{"line":45,"column":36}},"24":{"start":{"line":59,"column":8},"end":{"line":67,"column":9}},"25":{"start":{"line":60,"column":10},"end":{"line":64,"column":12}},"26":{"start":{"line":66,"column":10},"end":{"line":66,"column":84}}},"fnMap":{"0":{"name":"(anonymous_0)","decl":{"start":{"line":3,"column":17},"end":{"line":3,"column":18}},"loc":{"start":{"line":3,"column":104},"end":{"line":71,"column":1}},"line":3},"1":{"name":"(anonymous_1)","decl":{"start":{"line":6,"column":12},"end":{"line":6,"column":13}},"loc":{"start":{"line":6,"column":18},"end":{"line":18,"column":3}},"line":6},"2":{"name":"(anonymous_2)","decl":{"start":{"line":8,"column":19},"end":{"line":8,"column":20}},"loc":{"start":{"line":8,"column":39},"end":{"line":13,"column":5}},"line":8},"3":{"name":"(anonymous_3)","decl":{"start":{"line":20,"column":20},"end":{"line":20,"column":21}},"loc":{"start":{"line":20,"column":32},"end":{"line":34,"column":3}},"line":20},"4":{"name":"(anonymous_4)","decl":{"start":{"line":21,"column":14},"end":{"line":21,"column":15}},"loc":{"start":{"line":21,"column":34},"end":{"line":27,"column":5}},"line":21},"5":{"name":"(anonymous_5)","decl":{"start":{"line":39,"column":16},"end":{"line":39,"column":17}},"loc":{"start":{"line":39,"column":23},"end":{"line":48,"column":7}},"line":39},"6":{"name":"(anonymous_6)","decl":{"start":{"line":43,"column":22},"end":{"line":43,"column":23}},"loc":{"start":{"line":43,"column":42},"end":{"line":47,"column":9}},"line":43},"7":{"name":"(anonymous_7)","decl":{"start":{"line":58,"column":18},"end":{"line":58,"column":19}},"loc":{"start":{"line":58,"column":41},"end":{"line":68,"column":7}},"line":58}},"branchMap":{"0":{"loc":{"start":{"line":9,"column":6},"end":{"line":12,"column":7}},"type":"if","locations":[{"start":{"line":9,"column":6},"end":{"line":12,"column":7}},{"start":{},"end":{}}],"line":9},"1":{"loc":{"start":{"line":9,"column":10},"end":{"line":9,"column":104}},"type":"binary-expr","locations":[{"start":{"line":9,"column":10},"end":{"line":9,"column":36}},{"start":{"line":9,"column":40},"end":{"line":9,"column":60}},{"start":{"line":9,"column":64},"end":{"line":9,"column":81}},{"start":{"line":9,"column":85},"end":{"line":9,"column":104}}],"line":9},"2":{"loc":{"start":{"line":14,"column":4},"end":{"line":17,"column":5}},"type":"if","locations":[{"start":{"line":14,"column":4},"end":{"line":17,"column":5}},{"start":{},"end":{}}],"line":14},"3":{"loc":{"start":{"line":22,"column":6},"end":{"line":26,"column":7}},"type":"if","locations":[{"start":{"line":22,"column":6},"end":{"line":26,"column":7}},{"start":{"line":24,"column":13},"end":{"line":26,"column":7}}],"line":22},"4":{"loc":{"start":{"line":31,"column":9},"end":{"line":31,"column":66}},"type":"cond-expr","locations":[{"start":{"line":31,"column":35},"end":{"line":31,"column":48}},{"start":{"line":31,"column":51},"end":{"line":31,"column":66}}],"line":31},"5":{"loc":{"start":{"line":44,"column":10},"end":{"line":46,"column":11}},"type":"if","locations":[{"start":{"line":44,"column":10},"end":{"line":46,"column":11}},{"start":{},"end":{}}],"line":44},"6":{"loc":{"start":{"line":51,"column":7},"end":{"line":57,"column":7}},"type":"cond-expr","locations":[{"start":{"line":52,"column":8},"end":{"line":54,"column":17}},{"start":{"line":56,"column":8},"end":{"line":56,"column":13}}],"line":51},"7":{"loc":{"start":{"line":59,"column":8},"end":{"line":67,"column":9}},"type":"if","locations":[{"start":{"line":59,"column":8},"end":{"line":67,"column":9}},{"start":{"line":65,"column":15},"end":{"line":67,"column":9}}],"line":59},"8":{"loc":{"start":{"line":59,"column":12},"end":{"line":59,"column":65}},"type":"binary-expr","locations":[{"start":{"line":59,"column":12},"end":{"line":59,"column":35}},{"start":{"line":59,"column":39},"end":{"line":59,"column":65}}],"line":59},"9":{"loc":{"start":{"line":62,"column":15},"end":{"line":62,"column":72}},"type":"cond-expr","locations":[{"start":{"line":62,"column":41},"end":{"line":62,"column":54}},{"start":{"line":62,"column":57},"end":{"line":62,"column":72}}],"line":62}},"s":{"0":4,"1":17,"2":17,"3":9,"4":9,"5":25,"6":25,"7":25,"8":9,"9":0,"10":0,"11":17,"12":0,"13":0,"14":0,"15":0,"16":0,"17":17,"18":0,"19":0,"20":0,"21":0,"22":0,"23":0,"24":51,"25":0,"26":51},"f":{"0":17,"1":9,"2":25,"3":0,"4":0,"5":0,"6":0,"7":51},"b":{"0":[25,0],"1":[25,25,25,25],"2":[0,9],"3":[0,0],"4":[0,0],"5":[0,0],"6":[0,17],"7":[0,51],"8":[51,51],"9":[0,0]},"_coverageSchema":"1a1c01bbd47fc00a2c39e90264f33305004495a9","hash":"fb7471f572c504c4f42598579e0e6735e75a4eed"}
,"/home/shannon/Desktop/hr_projects/FEC/src/components/overview/StyleObjectThumbnail.jsx": {"path":"/home/shannon/Desktop/hr_projects/FEC/src/components/overview/StyleObjectThumbnail.jsx","statementMap":{"0":{"start":{"line":4,"column":29},"end":{"line":61,"column":1}},"1":{"start":{"line":5,"column":20},"end":{"line":7,"column":3}},"2":{"start":{"line":6,"column":4},"end":{"line":6,"column":33}},"3":{"start":{"line":9,"column":2},"end":{"line":42,"column":3}},"4":{"start":{"line":10,"column":4},"end":{"line":41,"column":6}},"5":{"start":{"line":15,"column":12},"end":{"line":15,"column":33}},"6":{"start":{"line":18,"column":12},"end":{"line":18,"column":32}},"7":{"start":{"line":21,"column":12},"end":{"line":21,"column":26}},"8":{"start":{"line":44,"column":2},"end":{"line":60,"column":4}},"9":{"start":{"line":49,"column":10},"end":{"line":49,"column":31}},"10":{"start":{"line":52,"column":10},"end":{"line":52,"column":30}},"11":{"start":{"line":55,"column":10},"end":{"line":55,"column":24}}},"fnMap":{"0":{"name":"(anonymous_0)","decl":{"start":{"line":4,"column":29},"end":{"line":4,"column":30}},"loc":{"start":{"line":4,"column":115},"end":{"line":61,"column":1}},"line":4},"1":{"name":"(anonymous_1)","decl":{"start":{"line":5,"column":20},"end":{"line":5,"column":21}},"loc":{"start":{"line":5,"column":32},"end":{"line":7,"column":3}},"line":5},"2":{"name":"(anonymous_2)","decl":{"start":{"line":14,"column":24},"end":{"line":14,"column":25}},"loc":{"start":{"line":14,"column":30},"end":{"line":16,"column":11}},"line":14},"3":{"name":"(anonymous_3)","decl":{"start":{"line":17,"column":24},"end":{"line":17,"column":25}},"loc":{"start":{"line":17,"column":30},"end":{"line":19,"column":11}},"line":17},"4":{"name":"(anonymous_4)","decl":{"start":{"line":20,"column":19},"end":{"line":20,"column":20}},"loc":{"start":{"line":20,"column":25},"end":{"line":22,"column":11}},"line":20},"5":{"name":"(anonymous_5)","decl":{"start":{"line":48,"column":22},"end":{"line":48,"column":23}},"loc":{"start":{"line":48,"column":28},"end":{"line":50,"column":9}},"line":48},"6":{"name":"(anonymous_6)","decl":{"start":{"line":51,"column":22},"end":{"line":51,"column":23}},"loc":{"start":{"line":51,"column":28},"end":{"line":53,"column":9}},"line":51},"7":{"name":"(anonymous_7)","decl":{"start":{"line":54,"column":17},"end":{"line":54,"column":18}},"loc":{"start":{"line":54,"column":23},"end":{"line":56,"column":9}},"line":54}},"branchMap":{"0":{"loc":{"start":{"line":9,"column":2},"end":{"line":42,"column":3}},"type":"if","locations":[{"start":{"line":9,"column":2},"end":{"line":42,"column":3}},{"start":{},"end":{}}],"line":9}},"s":{"0":3,"1":20,"2":0,"3":20,"4":5,"5":0,"6":0,"7":0,"8":15,"9":0,"10":0,"11":0},"f":{"0":20,"1":0,"2":0,"3":0,"4":0,"5":0,"6":0,"7":0},"b":{"0":[5,15]},"_coverageSchema":"1a1c01bbd47fc00a2c39e90264f33305004495a9","hash":"c132d7279291bf086853f02a773462386d9e6593"}
,"/home/shannon/Desktop/hr_projects/FEC/src/components/overview/StylesContainer.jsx": {"path":"/home/shannon/Desktop/hr_projects/FEC/src/components/overview/StylesContainer.jsx","statementMap":{"0":{"start":{"line":4,"column":24},"end":{"line":20,"column":1}},"1":{"start":{"line":5,"column":2},"end":{"line":19,"column":4}},"2":{"start":{"line":8,"column":8},"end":{"line":16,"column":10}}},"fnMap":{"0":{"name":"(anonymous_0)","decl":{"start":{"line":4,"column":24},"end":{"line":4,"column":25}},"loc":{"start":{"line":4,"column":104},"end":{"line":20,"column":1}},"line":4},"1":{"name":"(anonymous_1)","decl":{"start":{"line":7,"column":24},"end":{"line":7,"column":25}},"loc":{"start":{"line":7,"column":50},"end":{"line":17,"column":7}},"line":7}},"branchMap":{},"s":{"0":3,"1":5,"2":20},"f":{"0":5,"1":20},"b":{},"_coverageSchema":"1a1c01bbd47fc00a2c39e90264f33305004495a9","hash":"b0c6298831cc18c0b02da15e4d7194e4e3681468"}
,"/home/shannon/Desktop/hr_projects/FEC/src/components/overview/ThumbnailContainer.jsx": {"path":"/home/shannon/Desktop/hr_projects/FEC/src/components/overview/ThumbnailContainer.jsx","statementMap":{"0":{"start":{"line":9,"column":27},"end":{"line":116,"column":1}},"1":{"start":{"line":10,"column":32},"end":{"line":10,"column":48}},"2":{"start":{"line":11,"column":32},"end":{"line":11,"column":46}},"3":{"start":{"line":12,"column":28},"end":{"line":12,"column":43}},"4":{"start":{"line":13,"column":36},"end":{"line":13,"column":48}},"5":{"start":{"line":14,"column":24},"end":{"line":14,"column":57}},"6":{"start":{"line":16,"column":2},"end":{"line":47,"column":15}},"7":{"start":{"line":30,"column":4},"end":{"line":32,"column":5}},"8":{"start":{"line":31,"column":6},"end":{"line":31,"column":24}},"9":{"start":{"line":33,"column":18},"end":{"line":37,"column":8}},"10":{"start":{"line":36,"column":8},"end":{"line":36,"column":17}},"11":{"start":{"line":38,"column":4},"end":{"line":38,"column":39}},"12":{"start":{"line":49,"column":2},"end":{"line":53,"column":19}},"13":{"start":{"line":50,"column":4},"end":{"line":52,"column":5}},"14":{"start":{"line":51,"column":6},"end":{"line":51,"column":24}},"15":{"start":{"line":55,"column":2},"end":{"line":71,"column":29}},"16":{"start":{"line":56,"column":4},"end":{"line":70,"column":5}},"17":{"start":{"line":57,"column":14},"end":{"line":61,"column":10}},"18":{"start":{"line":60,"column":10},"end":{"line":60,"column":42}},"19":{"start":{"line":62,"column":6},"end":{"line":62,"column":23}},"20":{"start":{"line":63,"column":11},"end":{"line":70,"column":5}},"21":{"start":{"line":64,"column":14},"end":{"line":68,"column":10}},"22":{"start":{"line":67,"column":10},"end":{"line":67,"column":46}},"23":{"start":{"line":69,"column":6},"end":{"line":69,"column":23}},"24":{"start":{"line":81,"column":25},"end":{"line":86,"column":3}},"25":{"start":{"line":82,"column":21},"end":{"line":84,"column":6}},"26":{"start":{"line":83,"column":6},"end":{"line":83,"column":19}},"27":{"start":{"line":85,"column":4},"end":{"line":85,"column":30}},"28":{"start":{"line":88,"column":23},"end":{"line":93,"column":3}},"29":{"start":{"line":89,"column":21},"end":{"line":91,"column":6}},"30":{"start":{"line":90,"column":6},"end":{"line":90,"column":19}},"31":{"start":{"line":92,"column":4},"end":{"line":92,"column":30}},"32":{"start":{"line":95,"column":2},"end":{"line":115,"column":4}},"33":{"start":{"line":99,"column":8},"end":{"line":111,"column":9}},"34":{"start":{"line":99,"column":21},"end":{"line":99,"column":22}},"35":{"start":{"line":100,"column":10},"end":{"line":110,"column":11}},"36":{"start":{"line":101,"column":12},"end":{"line":109,"column":14}}},"fnMap":{"0":{"name":"(anonymous_0)","decl":{"start":{"line":9,"column":27},"end":{"line":9,"column":28}},"loc":{"start":{"line":9,"column":90},"end":{"line":116,"column":1}},"line":9},"1":{"name":"(anonymous_1)","decl":{"start":{"line":16,"column":12},"end":{"line":16,"column":13}},"loc":{"start":{"line":16,"column":18},"end":{"line":47,"column":3}},"line":16},"2":{"name":"(anonymous_2)","decl":{"start":{"line":35,"column":11},"end":{"line":35,"column":12}},"loc":{"start":{"line":35,"column":27},"end":{"line":37,"column":7}},"line":35},"3":{"name":"(anonymous_3)","decl":{"start":{"line":49,"column":12},"end":{"line":49,"column":13}},"loc":{"start":{"line":49,"column":18},"end":{"line":53,"column":3}},"line":49},"4":{"name":"(anonymous_4)","decl":{"start":{"line":55,"column":12},"end":{"line":55,"column":13}},"loc":{"start":{"line":55,"column":18},"end":{"line":71,"column":3}},"line":55},"5":{"name":"(anonymous_5)","decl":{"start":{"line":59,"column":13},"end":{"line":59,"column":14}},"loc":{"start":{"line":59,"column":29},"end":{"line":61,"column":9}},"line":59},"6":{"name":"(anonymous_6)","decl":{"start":{"line":66,"column":13},"end":{"line":66,"column":14}},"loc":{"start":{"line":66,"column":29},"end":{"line":68,"column":9}},"line":66},"7":{"name":"(anonymous_7)","decl":{"start":{"line":81,"column":25},"end":{"line":81,"column":26}},"loc":{"start":{"line":81,"column":37},"end":{"line":86,"column":3}},"line":81},"8":{"name":"(anonymous_8)","decl":{"start":{"line":82,"column":36},"end":{"line":82,"column":37}},"loc":{"start":{"line":82,"column":49},"end":{"line":84,"column":5}},"line":82},"9":{"name":"(anonymous_9)","decl":{"start":{"line":88,"column":23},"end":{"line":88,"column":24}},"loc":{"start":{"line":88,"column":35},"end":{"line":93,"column":3}},"line":88},"10":{"name":"(anonymous_10)","decl":{"start":{"line":89,"column":36},"end":{"line":89,"column":37}},"loc":{"start":{"line":89,"column":49},"end":{"line":91,"column":5}},"line":89},"11":{"name":"(anonymous_11)","decl":{"start":{"line":98,"column":23},"end":{"line":98,"column":24}},"loc":{"start":{"line":98,"column":44},"end":{"line":112,"column":7}},"line":98}},"branchMap":{"0":{"loc":{"start":{"line":30,"column":4},"end":{"line":32,"column":5}},"type":"if","locations":[{"start":{"line":30,"column":4},"end":{"line":32,"column":5}},{"start":{},"end":{}}],"line":30},"1":{"loc":{"start":{"line":50,"column":4},"end":{"line":52,"column":5}},"type":"if","locations":[{"start":{"line":50,"column":4},"end":{"line":52,"column":5}},{"start":{},"end":{}}],"line":50},"2":{"loc":{"start":{"line":56,"column":4},"end":{"line":70,"column":5}},"type":"if","locations":[{"start":{"line":56,"column":4},"end":{"line":70,"column":5}},{"start":{"line":63,"column":11},"end":{"line":70,"column":5}}],"line":56},"3":{"loc":{"start":{"line":63,"column":11},"end":{"line":70,"column":5}},"type":"if","locations":[{"start":{"line":63,"column":11},"end":{"line":70,"column":5}},{"start":{},"end":{}}],"line":63},"4":{"loc":{"start":{"line":100,"column":10},"end":{"line":110,"column":11}},"type":"if","locations":[{"start":{"line":100,"column":10},"end":{"line":110,"column":11}},{"start":{},"end":{}}],"line":100}},"s":{"0":3,"1":15,"2":15,"3":15,"4":15,"5":15,"6":15,"7":5,"8":0,"9":5,"10":20,"11":5,"12":15,"13":10,"14":5,"15":15,"16":5,"17":0,"18":0,"19":0,"20":5,"21":0,"22":0,"23":0,"24":15,"25":0,"26":0,"27":0,"28":15,"29":0,"30":0,"31":0,"32":15,"33":40,"34":40,"35":130,"36":36},"f":{"0":15,"1":5,"2":20,"3":10,"4":5,"5":0,"6":0,"7":0,"8":0,"9":0,"10":0,"11":40},"b":{"0":[0,5],"1":[5,5],"2":[0,5],"3":[0,5],"4":[36,94]},"_coverageSchema":"1a1c01bbd47fc00a2c39e90264f33305004495a9","hash":"5d00ecae99c743abd123637243d3b85da8704f07"}
,"/home/shannon/Desktop/hr_projects/FEC/src/components/overview/ThumbnailDecrement.jsx": {"path":"/home/shannon/Desktop/hr_projects/FEC/src/components/overview/ThumbnailDecrement.jsx","statementMap":{"0":{"start":{"line":3,"column":27},"end":{"line":27,"column":1}},"1":{"start":{"line":4,"column":28},"end":{"line":4,"column":43}},"2":{"start":{"line":6,"column":2},"end":{"line":12,"column":19}},"3":{"start":{"line":7,"column":4},"end":{"line":11,"column":5}},"4":{"start":{"line":8,"column":6},"end":{"line":8,"column":22}},"5":{"start":{"line":10,"column":6},"end":{"line":10,"column":23}},"6":{"start":{"line":14,"column":2},"end":{"line":26,"column":4}},"7":{"start":{"line":21,"column":10},"end":{"line":21,"column":21}}},"fnMap":{"0":{"name":"(anonymous_0)","decl":{"start":{"line":3,"column":27},"end":{"line":3,"column":28}},"loc":{"start":{"line":3,"column":57},"end":{"line":27,"column":1}},"line":3},"1":{"name":"(anonymous_1)","decl":{"start":{"line":6,"column":12},"end":{"line":6,"column":13}},"loc":{"start":{"line":6,"column":18},"end":{"line":12,"column":3}},"line":6},"2":{"name":"(anonymous_2)","decl":{"start":{"line":20,"column":17},"end":{"line":20,"column":18}},"loc":{"start":{"line":20,"column":23},"end":{"line":22,"column":9}},"line":20}},"branchMap":{"0":{"loc":{"start":{"line":7,"column":4},"end":{"line":11,"column":5}},"type":"if","locations":[{"start":{"line":7,"column":4},"end":{"line":11,"column":5}},{"start":{"line":9,"column":11},"end":{"line":11,"column":5}}],"line":7},"1":{"loc":{"start":{"line":17,"column":13},"end":{"line":17,"column":94}},"type":"cond-expr","locations":[{"start":{"line":17,"column":22},"end":{"line":17,"column":46}},{"start":{"line":17,"column":49},"end":{"line":17,"column":94}}],"line":17}},"s":{"0":3,"1":15,"2":15,"3":10,"4":5,"5":5,"6":15,"7":0},"f":{"0":15,"1":10,"2":0},"b":{"0":[5,5],"1":[5,10]},"_coverageSchema":"1a1c01bbd47fc00a2c39e90264f33305004495a9","hash":"4ce6471331d58a7e3db1e6922d394442aec7a640"}
,"/home/shannon/Desktop/hr_projects/FEC/src/components/overview/ThumbnailIncrement.jsx": {"path":"/home/shannon/Desktop/hr_projects/FEC/src/components/overview/ThumbnailIncrement.jsx","statementMap":{"0":{"start":{"line":3,"column":27},"end":{"line":27,"column":1}},"1":{"start":{"line":4,"column":28},"end":{"line":4,"column":43}},"2":{"start":{"line":6,"column":2},"end":{"line":12,"column":19}},"3":{"start":{"line":7,"column":4},"end":{"line":11,"column":5}},"4":{"start":{"line":8,"column":6},"end":{"line":8,"column":22}},"5":{"start":{"line":10,"column":6},"end":{"line":10,"column":23}},"6":{"start":{"line":14,"column":2},"end":{"line":26,"column":4}},"7":{"start":{"line":21,"column":10},"end":{"line":21,"column":21}}},"fnMap":{"0":{"name":"(anonymous_0)","decl":{"start":{"line":3,"column":27},"end":{"line":3,"column":28}},"loc":{"start":{"line":3,"column":72},"end":{"line":27,"column":1}},"line":3},"1":{"name":"(anonymous_1)","decl":{"start":{"line":6,"column":12},"end":{"line":6,"column":13}},"loc":{"start":{"line":6,"column":18},"end":{"line":12,"column":3}},"line":6},"2":{"name":"(anonymous_2)","decl":{"start":{"line":20,"column":17},"end":{"line":20,"column":18}},"loc":{"start":{"line":20,"column":23},"end":{"line":22,"column":9}},"line":20}},"branchMap":{"0":{"loc":{"start":{"line":7,"column":4},"end":{"line":11,"column":5}},"type":"if","locations":[{"start":{"line":7,"column":4},"end":{"line":11,"column":5}},{"start":{"line":9,"column":11},"end":{"line":11,"column":5}}],"line":7},"1":{"loc":{"start":{"line":17,"column":13},"end":{"line":17,"column":94}},"type":"cond-expr","locations":[{"start":{"line":17,"column":22},"end":{"line":17,"column":46}},{"start":{"line":17,"column":49},"end":{"line":17,"column":94}}],"line":17}},"s":{"0":3,"1":15,"2":15,"3":10,"4":5,"5":5,"6":15,"7":0},"f":{"0":15,"1":10,"2":0},"b":{"0":[5,5],"1":[5,10]},"_coverageSchema":"1a1c01bbd47fc00a2c39e90264f33305004495a9","hash":"8fe0df6f59133fc5e592463e026c15b0b8f4bcd2"}
,"/home/shannon/Desktop/hr_projects/FEC/src/components/ratingsReviews/KeywordSearchFilter.jsx": {"path":"/home/shannon/Desktop/hr_projects/FEC/src/components/ratingsReviews/KeywordSearchFilter.jsx","statementMap":{"0":{"start":{"line":3,"column":28},"end":{"line":25,"column":1}},"1":{"start":{"line":6,"column":24},"end":{"line":9,"column":3}},"2":{"start":{"line":7,"column":4},"end":{"line":7,"column":23}},"3":{"start":{"line":8,"column":4},"end":{"line":8,"column":45}},"4":{"start":{"line":11,"column":23},"end":{"line":15,"column":3}},"5":{"start":{"line":12,"column":4},"end":{"line":12,"column":23}},"6":{"start":{"line":13,"column":4},"end":{"line":13,"column":71}},"7":{"start":{"line":14,"column":4},"end":{"line":14,"column":33}},"8":{"start":{"line":17,"column":2},"end":{"line":24,"column":3}}},"fnMap":{"0":{"name":"(anonymous_0)","decl":{"start":{"line":3,"column":28},"end":{"line":3,"column":29}},"loc":{"start":{"line":3,"column":39},"end":{"line":25,"column":1}},"line":3},"1":{"name":"(anonymous_1)","decl":{"start":{"line":6,"column":24},"end":{"line":6,"column":25}},"loc":{"start":{"line":6,"column":31},"end":{"line":9,"column":3}},"line":6},"2":{"name":"(anonymous_2)","decl":{"start":{"line":11,"column":23},"end":{"line":11,"column":24}},"loc":{"start":{"line":11,"column":30},"end":{"line":15,"column":3}},"line":11}},"branchMap":{},"s":{"0":1,"1":6,"2":0,"3":0,"4":6,"5":0,"6":0,"7":0,"8":6},"f":{"0":6,"1":0,"2":0},"b":{},"_coverageSchema":"1a1c01bbd47fc00a2c39e90264f33305004495a9","hash":"36592badc7206c27b1d2b28158925a6609c6a328"}
,"/home/shannon/Desktop/hr_projects/FEC/src/components/ratingsReviews/ReviewImageModal.jsx": {"path":"/home/shannon/Desktop/hr_projects/FEC/src/components/ratingsReviews/ReviewImageModal.jsx","statementMap":{"0":{"start":{"line":3,"column":25},"end":{"line":11,"column":1}},"1":{"start":{"line":4,"column":2},"end":{"line":10,"column":3}}},"fnMap":{"0":{"name":"(anonymous_0)","decl":{"start":{"line":3,"column":25},"end":{"line":3,"column":26}},"loc":{"start":{"line":3,"column":36},"end":{"line":11,"column":1}},"line":3}},"branchMap":{},"s":{"0":1,"1":0},"f":{"0":0},"b":{},"_coverageSchema":"1a1c01bbd47fc00a2c39e90264f33305004495a9","hash":"371809207f400e670d072766a52cbf3a68a005cc"}
,"/home/shannon/Desktop/hr_projects/FEC/src/components/ratingsReviews/ReviewList.jsx": {"path":"/home/shannon/Desktop/hr_projects/FEC/src/components/ratingsReviews/ReviewList.jsx","statementMap":{"0":{"start":{"line":8,"column":4},"end":{"line":8,"column":17}},"1":{"start":{"line":9,"column":4},"end":{"line":13,"column":6}},"2":{"start":{"line":14,"column":4},"end":{"line":14,"column":73}},"3":{"start":{"line":15,"column":4},"end":{"line":15,"column":75}},"4":{"start":{"line":16,"column":4},"end":{"line":16,"column":51}},"5":{"start":{"line":17,"column":4},"end":{"line":17,"column":67}},"6":{"start":{"line":21,"column":4},"end":{"line":21,"column":34}},"7":{"start":{"line":25,"column":4},"end":{"line":25,"column":28}},"8":{"start":{"line":26,"column":4},"end":{"line":26,"column":66}},"9":{"start":{"line":30,"column":4},"end":{"line":32,"column":7}},"10":{"start":{"line":36,"column":4},"end":{"line":38,"column":7}},"11":{"start":{"line":42,"column":4},"end":{"line":44,"column":7}},"12":{"start":{"line":49,"column":22},"end":{"line":49,"column":48}},"13":{"start":{"line":51,"column":4},"end":{"line":64,"column":5}},"14":{"start":{"line":52,"column":6},"end":{"line":52,"column":106}},"15":{"start":{"line":52,"column":54},"end":{"line":52,"column":104}},"16":{"start":{"line":53,"column":11},"end":{"line":64,"column":5}},"17":{"start":{"line":54,"column":6},"end":{"line":56,"column":9}},"18":{"start":{"line":55,"column":8},"end":{"line":55,"column":104}},"19":{"start":{"line":58,"column":6},"end":{"line":63,"column":9}},"20":{"start":{"line":59,"column":8},"end":{"line":61,"column":9}},"21":{"start":{"line":60,"column":10},"end":{"line":60,"column":106}},"22":{"start":{"line":62,"column":8},"end":{"line":62,"column":66}},"23":{"start":{"line":66,"column":4},"end":{"line":66,"column":23}},"24":{"start":{"line":70,"column":26},"end":{"line":70,"column":28}},"25":{"start":{"line":71,"column":4},"end":{"line":83,"column":5}},"26":{"start":{"line":72,"column":6},"end":{"line":79,"column":7}},"27":{"start":{"line":72,"column":19},"end":{"line":72,"column":20}},"28":{"start":{"line":73,"column":8},"end":{"line":78,"column":9}},"29":{"start":{"line":77,"column":10},"end":{"line":77,"column":51}},"30":{"start":{"line":80,"column":6},"end":{"line":80,"column":29}},"31":{"start":{"line":82,"column":6},"end":{"line":82,"column":29}},"32":{"start":{"line":87,"column":4},"end":{"line":87,"column":42}},"33":{"start":{"line":91,"column":27},"end":{"line":91,"column":106}},"34":{"start":{"line":94,"column":4},"end":{"line":139,"column":5}},"35":{"start":{"line":95,"column":6},"end":{"line":101,"column":8}},"36":{"start":{"line":104,"column":11},"end":{"line":139,"column":5}},"37":{"start":{"line":105,"column":6},"end":{"line":109,"column":8}},"38":{"start":{"line":112,"column":6},"end":{"line":138,"column":8}},"39":{"start":{"line":118,"column":14},"end":{"line":123,"column":16}}},"fnMap":{"0":{"name":"(anonymous_0)","decl":{"start":{"line":7,"column":2},"end":{"line":7,"column":3}},"loc":{"start":{"line":7,"column":21},"end":{"line":18,"column":3}},"line":7},"1":{"name":"(anonymous_1)","decl":{"start":{"line":20,"column":2},"end":{"line":20,"column":3}},"loc":{"start":{"line":20,"column":22},"end":{"line":22,"column":3}},"line":20},"2":{"name":"(anonymous_2)","decl":{"start":{"line":24,"column":2},"end":{"line":24,"column":3}},"loc":{"start":{"line":24,"column":16},"end":{"line":27,"column":3}},"line":24},"3":{"name":"(anonymous_3)","decl":{"start":{"line":29,"column":2},"end":{"line":29,"column":3}},"loc":{"start":{"line":29,"column":27},"end":{"line":33,"column":3}},"line":29},"4":{"name":"(anonymous_4)","decl":{"start":{"line":35,"column":2},"end":{"line":35,"column":3}},"loc":{"start":{"line":35,"column":38},"end":{"line":39,"column":3}},"line":35},"5":{"name":"(anonymous_5)","decl":{"start":{"line":41,"column":2},"end":{"line":41,"column":3}},"loc":{"start":{"line":41,"column":28},"end":{"line":45,"column":3}},"line":41},"6":{"name":"(anonymous_6)","decl":{"start":{"line":47,"column":2},"end":{"line":47,"column":3}},"loc":{"start":{"line":47,"column":16},"end":{"line":67,"column":3}},"line":47},"7":{"name":"(anonymous_7)","decl":{"start":{"line":52,"column":23},"end":{"line":52,"column":24}},"loc":{"start":{"line":52,"column":54},"end":{"line":52,"column":104}},"line":52},"8":{"name":"(anonymous_8)","decl":{"start":{"line":54,"column":23},"end":{"line":54,"column":24}},"loc":{"start":{"line":54,"column":60},"end":{"line":56,"column":7}},"line":54},"9":{"name":"(anonymous_9)","decl":{"start":{"line":58,"column":23},"end":{"line":58,"column":24}},"loc":{"start":{"line":58,"column":54},"end":{"line":63,"column":7}},"line":58},"10":{"name":"(anonymous_10)","decl":{"start":{"line":69,"column":2},"end":{"line":69,"column":3}},"loc":{"start":{"line":69,"column":33},"end":{"line":84,"column":3}},"line":69},"11":{"name":"(anonymous_11)","decl":{"start":{"line":86,"column":2},"end":{"line":86,"column":3}},"loc":{"start":{"line":86,"column":16},"end":{"line":88,"column":3}},"line":86},"12":{"name":"(anonymous_12)","decl":{"start":{"line":90,"column":2},"end":{"line":90,"column":3}},"loc":{"start":{"line":90,"column":11},"end":{"line":140,"column":3}},"line":90},"13":{"name":"(anonymous_13)","decl":{"start":{"line":117,"column":34},"end":{"line":117,"column":35}},"loc":{"start":{"line":118,"column":14},"end":{"line":123,"column":16}},"line":118}},"branchMap":{"0":{"loc":{"start":{"line":51,"column":4},"end":{"line":64,"column":5}},"type":"if","locations":[{"start":{"line":51,"column":4},"end":{"line":64,"column":5}},{"start":{"line":53,"column":11},"end":{"line":64,"column":5}}],"line":51},"1":{"loc":{"start":{"line":53,"column":11},"end":{"line":64,"column":5}},"type":"if","locations":[{"start":{"line":53,"column":11},"end":{"line":64,"column":5}},{"start":{"line":57,"column":11},"end":{"line":64,"column":5}}],"line":53},"2":{"loc":{"start":{"line":55,"column":15},"end":{"line":55,"column":103}},"type":"cond-expr","locations":[{"start":{"line":55,"column":54},"end":{"line":55,"column":56}},{"start":{"line":55,"column":59},"end":{"line":55,"column":103}}],"line":55},"3":{"loc":{"start":{"line":55,"column":59},"end":{"line":55,"column":103}},"type":"cond-expr","locations":[{"start":{"line":55,"column":98},"end":{"line":55,"column":99}},{"start":{"line":55,"column":102},"end":{"line":55,"column":103}}],"line":55},"4":{"loc":{"start":{"line":59,"column":8},"end":{"line":61,"column":9}},"type":"if","locations":[{"start":{"line":59,"column":8},"end":{"line":61,"column":9}},{"start":{},"end":{}}],"line":59},"5":{"loc":{"start":{"line":60,"column":17},"end":{"line":60,"column":105}},"type":"cond-expr","locations":[{"start":{"line":60,"column":56},"end":{"line":60,"column":58}},{"start":{"line":60,"column":61},"end":{"line":60,"column":105}}],"line":60},"6":{"loc":{"start":{"line":60,"column":61},"end":{"line":60,"column":105}},"type":"cond-expr","locations":[{"start":{"line":60,"column":100},"end":{"line":60,"column":101}},{"start":{"line":60,"column":104},"end":{"line":60,"column":105}}],"line":60},"7":{"loc":{"start":{"line":71,"column":4},"end":{"line":83,"column":5}},"type":"if","locations":[{"start":{"line":71,"column":4},"end":{"line":83,"column":5}},{"start":{"line":81,"column":11},"end":{"line":83,"column":5}}],"line":71},"8":{"loc":{"start":{"line":73,"column":8},"end":{"line":78,"column":9}},"type":"if","locations":[{"start":{"line":73,"column":8},"end":{"line":78,"column":9}},{"start":{},"end":{}}],"line":73},"9":{"loc":{"start":{"line":74,"column":10},"end":{"line":75,"column":99}},"type":"binary-expr","locations":[{"start":{"line":74,"column":10},"end":{"line":74,"column":96}},{"start":{"line":75,"column":10},"end":{"line":75,"column":99}}],"line":74},"10":{"loc":{"start":{"line":94,"column":4},"end":{"line":139,"column":5}},"type":"if","locations":[{"start":{"line":94,"column":4},"end":{"line":139,"column":5}},{"start":{"line":104,"column":11},"end":{"line":139,"column":5}}],"line":94},"11":{"loc":{"start":{"line":94,"column":8},"end":{"line":94,"column":76}},"type":"binary-expr","locations":[{"start":{"line":94,"column":8},"end":{"line":94,"column":37}},{"start":{"line":94,"column":41},"end":{"line":94,"column":76}}],"line":94},"12":{"loc":{"start":{"line":104,"column":11},"end":{"line":139,"column":5}},"type":"if","locations":[{"start":{"line":104,"column":11},"end":{"line":139,"column":5}},{"start":{"line":111,"column":11},"end":{"line":139,"column":5}}],"line":104},"13":{"loc":{"start":{"line":104,"column":15},"end":{"line":104,"column":83}},"type":"binary-expr","locations":[{"start":{"line":104,"column":15},"end":{"line":104,"column":44}},{"start":{"line":104,"column":48},"end":{"line":104,"column":83}}],"line":104},"14":{"loc":{"start":{"line":127,"column":11},"end":{"line":133,"column":11}},"type":"cond-expr","locations":[{"start":{"line":128,"column":12},"end":{"line":130,"column":21}},{"start":{"line":132,"column":12},"end":{"line":132,"column":14}}],"line":127}},"s":{"0":6,"1":6,"2":6,"3":6,"4":6,"5":6,"6":6,"7":0,"8":0,"9":6,"10":3,"11":0,"12":15,"13":15,"14":0,"15":0,"16":15,"17":0,"18":0,"19":15,"20":15,"21":15,"22":0,"23":15,"24":15,"25":15,"26":0,"27":0,"28":0,"29":0,"30":0,"31":15,"32":0,"33":15,"34":15,"35":0,"36":15,"37":9,"38":6,"39":12},"f":{"0":6,"1":6,"2":0,"3":6,"4":3,"5":0,"6":15,"7":0,"8":0,"9":15,"10":15,"11":0,"12":15,"13":12},"b":{"0":[0,15],"1":[0,15],"2":[0,0],"3":[0,0],"4":[15,0],"5":[0,15],"6":[0,15],"7":[0,15],"8":[0,0],"9":[0,0],"10":[0,15],"11":[15,9],"12":[9,6],"13":[15,9],"14":[4,2]},"_coverageSchema":"1a1c01bbd47fc00a2c39e90264f33305004495a9","hash":"56e276b2df6c901dc82117d56c5482a632bc96aa"}
,"/home/shannon/Desktop/hr_projects/FEC/src/components/ratingsReviews/ReviewListEntry.jsx": {"path":"/home/shannon/Desktop/hr_projects/FEC/src/components/ratingsReviews/ReviewListEntry.jsx","statementMap":{"0":{"start":{"line":8,"column":4},"end":{"line":8,"column":17}},"1":{"start":{"line":9,"column":4},"end":{"line":13,"column":5}},"2":{"start":{"line":14,"column":4},"end":{"line":14,"column":63}},"3":{"start":{"line":15,"column":4},"end":{"line":15,"column":63}},"4":{"start":{"line":16,"column":4},"end":{"line":16,"column":53}},"5":{"start":{"line":17,"column":4},"end":{"line":17,"column":61}},"6":{"start":{"line":18,"column":4},"end":{"line":18,"column":73}},"7":{"start":{"line":19,"column":4},"end":{"line":19,"column":75}},"8":{"start":{"line":20,"column":4},"end":{"line":20,"column":55}},"9":{"start":{"line":21,"column":4},"end":{"line":21,"column":67}},"10":{"start":{"line":22,"column":4},"end":{"line":22,"column":59}},"11":{"start":{"line":26,"column":19},"end":{"line":26,"column":24}},"12":{"start":{"line":27,"column":4},"end":{"line":29,"column":5}},"13":{"start":{"line":28,"column":6},"end":{"line":28,"column":22}},"14":{"start":{"line":30,"column":4},"end":{"line":32,"column":6}},"15":{"start":{"line":37,"column":17},"end":{"line":37,"column":139}},"16":{"start":{"line":38,"column":4},"end":{"line":38,"column":81}},"17":{"start":{"line":43,"column":4},"end":{"line":43,"column":23}},"18":{"start":{"line":45,"column":27},"end":{"line":45,"column":85}},"19":{"start":{"line":46,"column":4},"end":{"line":54,"column":5}},"20":{"start":{"line":47,"column":6},"end":{"line":47,"column":57}},"21":{"start":{"line":48,"column":6},"end":{"line":48,"column":81}},"22":{"start":{"line":49,"column":6},"end":{"line":49,"column":70}},"23":{"start":{"line":50,"column":11},"end":{"line":54,"column":5}},"24":{"start":{"line":51,"column":6},"end":{"line":51,"column":57}},"25":{"start":{"line":52,"column":6},"end":{"line":52,"column":80}},"26":{"start":{"line":53,"column":6},"end":{"line":53,"column":70}},"27":{"start":{"line":59,"column":4},"end":{"line":59,"column":23}},"28":{"start":{"line":60,"column":4},"end":{"line":60,"column":62}},"29":{"start":{"line":65,"column":4},"end":{"line":76,"column":5}},"30":{"start":{"line":66,"column":6},"end":{"line":66,"column":48}},"31":{"start":{"line":68,"column":6},"end":{"line":75,"column":7}},"32":{"start":{"line":69,"column":8},"end":{"line":72,"column":16}},"33":{"start":{"line":74,"column":8},"end":{"line":74,"column":50}},"34":{"start":{"line":80,"column":4},"end":{"line":80,"column":23}},"35":{"start":{"line":81,"column":4},"end":{"line":83,"column":6}},"36":{"start":{"line":88,"column":4},"end":{"line":96,"column":5}},"37":{"start":{"line":89,"column":6},"end":{"line":95,"column":7}},"38":{"start":{"line":92,"column":12},"end":{"line":92,"column":165}},"39":{"start":{"line":100,"column":4},"end":{"line":100,"column":23}},"40":{"start":{"line":101,"column":4},"end":{"line":104,"column":6}},"41":{"start":{"line":108,"column":4},"end":{"line":108,"column":23}},"42":{"start":{"line":109,"column":4},"end":{"line":112,"column":6}},"43":{"start":{"line":116,"column":25},"end":{"line":119,"column":3}},"44":{"start":{"line":117,"column":4},"end":{"line":118,"column":53}},"45":{"start":{"line":123,"column":4},"end":{"line":152,"column":5}}},"fnMap":{"0":{"name":"(anonymous_0)","decl":{"start":{"line":7,"column":2},"end":{"line":7,"column":3}},"loc":{"start":{"line":7,"column":21},"end":{"line":23,"column":3}},"line":7},"1":{"name":"(anonymous_1)","decl":{"start":{"line":25,"column":2},"end":{"line":25,"column":3}},"loc":{"start":{"line":25,"column":27},"end":{"line":33,"column":3}},"line":25},"2":{"name":"(anonymous_2)","decl":{"start":{"line":36,"column":2},"end":{"line":36,"column":3}},"loc":{"start":{"line":36,"column":26},"end":{"line":39,"column":3}},"line":36},"3":{"name":"(anonymous_3)","decl":{"start":{"line":42,"column":2},"end":{"line":42,"column":3}},"loc":{"start":{"line":42,"column":23},"end":{"line":55,"column":3}},"line":42},"4":{"name":"(anonymous_4)","decl":{"start":{"line":58,"column":2},"end":{"line":58,"column":3}},"loc":{"start":{"line":58,"column":19},"end":{"line":61,"column":3}},"line":58},"5":{"name":"(anonymous_5)","decl":{"start":{"line":64,"column":2},"end":{"line":64,"column":3}},"loc":{"start":{"line":64,"column":21},"end":{"line":77,"column":3}},"line":64},"6":{"name":"(anonymous_6)","decl":{"start":{"line":79,"column":2},"end":{"line":79,"column":3}},"loc":{"start":{"line":79,"column":29},"end":{"line":84,"column":3}},"line":79},"7":{"name":"(anonymous_7)","decl":{"start":{"line":87,"column":2},"end":{"line":87,"column":3}},"loc":{"start":{"line":87,"column":24},"end":{"line":97,"column":3}},"line":87},"8":{"name":"(anonymous_8)","decl":{"start":{"line":91,"column":40},"end":{"line":91,"column":41}},"loc":{"start":{"line":92,"column":12},"end":{"line":92,"column":165}},"line":92},"9":{"name":"(anonymous_9)","decl":{"start":{"line":99,"column":2},"end":{"line":99,"column":3}},"loc":{"start":{"line":99,"column":19},"end":{"line":105,"column":3}},"line":99},"10":{"name":"(anonymous_10)","decl":{"start":{"line":107,"column":2},"end":{"line":107,"column":3}},"loc":{"start":{"line":107,"column":21},"end":{"line":113,"column":3}},"line":107},"11":{"name":"(anonymous_11)","decl":{"start":{"line":116,"column":25},"end":{"line":116,"column":26}},"loc":{"start":{"line":116,"column":32},"end":{"line":119,"column":3}},"line":116},"12":{"name":"(anonymous_12)","decl":{"start":{"line":122,"column":2},"end":{"line":122,"column":3}},"loc":{"start":{"line":122,"column":11},"end":{"line":153,"column":3}},"line":122}},"branchMap":{"0":{"loc":{"start":{"line":27,"column":4},"end":{"line":29,"column":5}},"type":"if","locations":[{"start":{"line":27,"column":4},"end":{"line":29,"column":5}},{"start":{},"end":{}}],"line":27},"1":{"loc":{"start":{"line":45,"column":27},"end":{"line":45,"column":85}},"type":"binary-expr","locations":[{"start":{"line":45,"column":27},"end":{"line":45,"column":79}},{"start":{"line":45,"column":83},"end":{"line":45,"column":85}}],"line":45},"2":{"loc":{"start":{"line":46,"column":4},"end":{"line":54,"column":5}},"type":"if","locations":[{"start":{"line":46,"column":4},"end":{"line":54,"column":5}},{"start":{"line":50,"column":11},"end":{"line":54,"column":5}}],"line":46},"3":{"loc":{"start":{"line":50,"column":11},"end":{"line":54,"column":5}},"type":"if","locations":[{"start":{"line":50,"column":11},"end":{"line":54,"column":5}},{"start":{},"end":{}}],"line":50},"4":{"loc":{"start":{"line":65,"column":4},"end":{"line":76,"column":5}},"type":"if","locations":[{"start":{"line":65,"column":4},"end":{"line":76,"column":5}},{"start":{"line":67,"column":11},"end":{"line":76,"column":5}}],"line":65},"5":{"loc":{"start":{"line":68,"column":6},"end":{"line":75,"column":7}},"type":"if","locations":[{"start":{"line":68,"column":6},"end":{"line":75,"column":7}},{"start":{"line":73,"column":13},"end":{"line":75,"column":7}}],"line":68},"6":{"loc":{"start":{"line":88,"column":4},"end":{"line":96,"column":5}},"type":"if","locations":[{"start":{"line":88,"column":4},"end":{"line":96,"column":5}},{"start":{},"end":{}}],"line":88},"7":{"loc":{"start":{"line":126,"column":11},"end":{"line":126,"column":140}},"type":"binary-expr","locations":[{"start":{"line":126,"column":11},"end":{"line":126,"column":43}},{"start":{"line":126,"column":47},"end":{"line":126,"column":140}}],"line":126},"8":{"loc":{"start":{"line":139,"column":9},"end":{"line":139,"column":121}},"type":"cond-expr","locations":[{"start":{"line":139,"column":39},"end":{"line":139,"column":116}},{"start":{"line":139,"column":119},"end":{"line":139,"column":121}}],"line":139},"9":{"loc":{"start":{"line":141,"column":9},"end":{"line":141,"column":111}},"type":"cond-expr","locations":[{"start":{"line":141,"column":38},"end":{"line":141,"column":106}},{"start":{"line":141,"column":109},"end":{"line":141,"column":111}}],"line":141}},"s":{"0":6,"1":6,"2":6,"3":6,"4":6,"5":6,"6":6,"7":6,"8":6,"9":6,"10":6,"11":0,"12":0,"13":0,"14":0,"15":12,"16":12,"17":0,"18":0,"19":0,"20":0,"21":0,"22":0,"23":0,"24":0,"25":0,"26":0,"27":0,"28":0,"29":12,"30":12,"31":0,"32":0,"33":0,"34":0,"35":0,"36":12,"37":0,"38":0,"39":0,"40":0,"41":0,"42":0,"43":6,"44":0,"45":12},"f":{"0":6,"1":0,"2":12,"3":0,"4":0,"5":12,"6":0,"7":12,"8":0,"9":0,"10":0,"11":0,"12":12},"b":{"0":[0,0],"1":[0,0],"2":[0,0],"3":[0,0],"4":[12,0],"5":[0,0],"6":[0,12],"7":[12,0],"8":[12,0],"9":[0,12]},"_coverageSchema":"1a1c01bbd47fc00a2c39e90264f33305004495a9","hash":"3b367d2d683b12acb412af4170e3dba907e6a939"}
,"/home/shannon/Desktop/hr_projects/FEC/src/components/ratingsReviews/SortDropdown.jsx": {"path":"/home/shannon/Desktop/hr_projects/FEC/src/components/ratingsReviews/SortDropdown.jsx","statementMap":{"0":{"start":{"line":5,"column":4},"end":{"line":5,"column":17}},"1":{"start":{"line":6,"column":4},"end":{"line":7,"column":5}},"2":{"start":{"line":8,"column":4},"end":{"line":8,"column":61}},"3":{"start":{"line":9,"column":4},"end":{"line":9,"column":49}},"4":{"start":{"line":13,"column":4},"end":{"line":13,"column":22}},"5":{"start":{"line":17,"column":4},"end":{"line":17,"column":23}},"6":{"start":{"line":18,"column":4},"end":{"line":18,"column":55}},"7":{"start":{"line":22,"column":4},"end":{"line":22,"column":52}},"8":{"start":{"line":26,"column":4},"end":{"line":37,"column":5}}},"fnMap":{"0":{"name":"(anonymous_0)","decl":{"start":{"line":4,"column":2},"end":{"line":4,"column":3}},"loc":{"start":{"line":4,"column":20},"end":{"line":10,"column":3}},"line":4},"1":{"name":"(anonymous_1)","decl":{"start":{"line":12,"column":2},"end":{"line":12,"column":3}},"loc":{"start":{"line":12,"column":22},"end":{"line":14,"column":3}},"line":12},"2":{"name":"(anonymous_2)","decl":{"start":{"line":16,"column":2},"end":{"line":16,"column":3}},"loc":{"start":{"line":16,"column":22},"end":{"line":19,"column":3}},"line":16},"3":{"name":"(anonymous_3)","decl":{"start":{"line":21,"column":2},"end":{"line":21,"column":3}},"loc":{"start":{"line":21,"column":15},"end":{"line":23,"column":3}},"line":21},"4":{"name":"(anonymous_4)","decl":{"start":{"line":25,"column":2},"end":{"line":25,"column":3}},"loc":{"start":{"line":25,"column":11},"end":{"line":38,"column":3}},"line":25}},"branchMap":{},"s":{"0":3,"1":3,"2":3,"3":3,"4":3,"5":0,"6":0,"7":3,"8":6},"f":{"0":3,"1":3,"2":0,"3":3,"4":6},"b":{},"_coverageSchema":"1a1c01bbd47fc00a2c39e90264f33305004495a9","hash":"d4a7741dea769d66ac5181525cd8ed3bd7e19723"}
,"/home/shannon/Desktop/hr_projects/FEC/src/services/Cloudinary.js": {"path":"/home/shannon/Desktop/hr_projects/FEC/src/services/Cloudinary.js","statementMap":{"0":{"start":{"line":6,"column":14},"end":{"line":13,"column":2}},"1":{"start":{"line":15,"column":29},"end":{"line":15,"column":31}},"2":{"start":{"line":17,"column":37},"end":{"line":28,"column":1}},"3":{"start":{"line":19,"column":2},"end":{"line":26,"column":3}},"4":{"start":{"line":20,"column":20},"end":{"line":20,"column":46}},"5":{"start":{"line":21,"column":4},"end":{"line":21,"column":39}},"6":{"start":{"line":22,"column":4},"end":{"line":22,"column":68}},"7":{"start":{"line":24,"column":18},"end":{"line":24,"column":35}},"8":{"start":{"line":25,"column":4},"end":{"line":25,"column":50}},"9":{"start":{"line":27,"column":2},"end":{"line":27,"column":45}},"10":{"start":{"line":30,"column":20},"end":{"line":30,"column":22}},"11":{"start":{"line":32,"column":35},"end":{"line":47,"column":1}},"12":{"start":{"line":33,"column":2},"end":{"line":45,"column":3}},"13":{"start":{"line":34,"column":16},"end":{"line":34,"column":32}},"14":{"start":{"line":35,"column":4},"end":{"line":35,"column":35}},"15":{"start":{"line":36,"column":4},"end":{"line":42,"column":6}},"16":{"start":{"line":44,"column":4},"end":{"line":44,"column":37}},"17":{"start":{"line":46,"column":2},"end":{"line":46,"column":26}}},"fnMap":{"0":{"name":"(anonymous_0)","decl":{"start":{"line":17,"column":37},"end":{"line":17,"column":38}},"loc":{"start":{"line":17,"column":62},"end":{"line":28,"column":1}},"line":17},"1":{"name":"(anonymous_1)","decl":{"start":{"line":32,"column":35},"end":{"line":32,"column":36}},"loc":{"start":{"line":32,"column":50},"end":{"line":47,"column":1}},"line":32}},"branchMap":{"0":{"loc":{"start":{"line":19,"column":2},"end":{"line":26,"column":3}},"type":"if","locations":[{"start":{"line":19,"column":2},"end":{"line":26,"column":3}},{"start":{},"end":{}}],"line":19},"1":{"loc":{"start":{"line":33,"column":2},"end":{"line":45,"column":3}},"type":"if","locations":[{"start":{"line":33,"column":2},"end":{"line":45,"column":3}},{"start":{},"end":{}}],"line":33}},"s":{"0":9,"1":9,"2":9,"3":111,"4":20,"5":20,"6":20,"7":20,"8":20,"9":111,"10":9,"11":9,"12":11,"13":8,"14":8,"15":8,"16":8,"17":11},"f":{"0":111,"1":11},"b":{"0":[20,91],"1":[8,3]},"_coverageSchema":"1a1c01bbd47fc00a2c39e90264f33305004495a9","hash":"3b48cbc0563326aa803bce9e9527617d149b5ba3"}
}
