{"/home/shannon/Desktop/hr_projects/FEC/config/config.js": {"path":"/home/shannon/Desktop/hr_projects/FEC/config/config.js","statementMap":{"0":{"start":{"line":1,"column":16},"end":{"line":1,"column":58}},"1":{"start":{"line":3,"column":12},"end":{"line":3,"column":65}}},"fnMap":{},"branchMap":{},"s":{"0":2,"1":2},"f":{},"b":{},"_coverageSchema":"1a1c01bbd47fc00a2c39e90264f33305004495a9","hash":"0905f4ec6d435677e0d684093724045a24c8c79e"}
,"/home/shannon/Desktop/hr_projects/FEC/src/controllers.js": {"path":"/home/shannon/Desktop/hr_projects/FEC/src/controllers.js","statementMap":{"0":{"start":{"line":5,"column":22},"end":{"line":5,"column":38}},"1":{"start":{"line":6,"column":23},"end":{"line":6,"column":39}},"2":{"start":{"line":8,"column":24},"end":{"line":8,"column":26}},"3":{"start":{"line":11,"column":2},"end":{"line":15,"column":3}},"4":{"start":{"line":12,"column":4},"end":{"line":14,"column":7}},"5":{"start":{"line":13,"column":6},"end":{"line":13,"column":37}},"6":{"start":{"line":16,"column":2},"end":{"line":29,"column":5}},"7":{"start":{"line":27,"column":4},"end":{"line":27,"column":42}},"8":{"start":{"line":28,"column":4},"end":{"line":28,"column":33}},"9":{"start":{"line":32,"column":23},"end":{"line":32,"column":25}},"10":{"start":{"line":35,"column":2},"end":{"line":39,"column":3}},"11":{"start":{"line":36,"column":4},"end":{"line":38,"column":7}},"12":{"start":{"line":37,"column":6},"end":{"line":37,"column":36}},"13":{"start":{"line":40,"column":2},"end":{"line":49,"column":5}},"14":{"start":{"line":47,"column":4},"end":{"line":47,"column":49}},"15":{"start":{"line":48,"column":4},"end":{"line":48,"column":32}},"16":{"start":{"line":52,"column":20},"end":{"line":52,"column":22}},"17":{"start":{"line":55,"column":2},"end":{"line":69,"column":3}},"18":{"start":{"line":56,"column":4},"end":{"line":56,"column":11}},"19":{"start":{"line":58,"column":4},"end":{"line":60,"column":5}},"20":{"start":{"line":59,"column":6},"end":{"line":59,"column":13}},"21":{"start":{"line":61,"column":4},"end":{"line":68,"column":7}},"22":{"start":{"line":62,"column":6},"end":{"line":67,"column":9}},"23":{"start":{"line":63,"column":8},"end":{"line":65,"column":11}},"24":{"start":{"line":64,"column":10},"end":{"line":64,"column":43}},"25":{"start":{"line":66,"column":8},"end":{"line":66,"column":86}},"26":{"start":{"line":73,"column":2},"end":{"line":95,"column":3}},"27":{"start":{"line":74,"column":14},"end":{"line":74,"column":47}},"28":{"start":{"line":75,"column":4},"end":{"line":90,"column":6}},"29":{"start":{"line":77,"column":8},"end":{"line":88,"column":10}},"30":{"start":{"line":92,"column":4},"end":{"line":94,"column":7}},"31":{"start":{"line":93,"column":6},"end":{"line":93,"column":15}},"32":{"start":{"line":98,"column":18},"end":{"line":98,"column":32}},"33":{"start":{"line":101,"column":2},"end":{"line":105,"column":3}},"34":{"start":{"line":102,"column":4},"end":{"line":104,"column":7}},"35":{"start":{"line":103,"column":6},"end":{"line":103,"column":39}},"36":{"start":{"line":106,"column":2},"end":{"line":145,"column":7}},"37":{"start":{"line":117,"column":6},"end":{"line":117,"column":27}},"38":{"start":{"line":121,"column":8},"end":{"line":125,"column":41}},"39":{"start":{"line":128,"column":8},"end":{"line":132,"column":37}},"40":{"start":{"line":134,"column":27},"end":{"line":134,"column":69}},"41":{"start":{"line":136,"column":6},"end":{"line":136,"column":47}},"42":{"start":{"line":137,"column":6},"end":{"line":137,"column":37}}},"fnMap":{"0":{"name":"getProductById","decl":{"start":{"line":10,"column":16},"end":{"line":10,"column":30}},"loc":{"start":{"line":10,"column":46},"end":{"line":30,"column":1}},"line":10},"1":{"name":"(anonymous_1)","decl":{"start":{"line":12,"column":23},"end":{"line":12,"column":24}},"loc":{"start":{"line":12,"column":44},"end":{"line":14,"column":5}},"line":12},"2":{"name":"(anonymous_2)","decl":{"start":{"line":26,"column":10},"end":{"line":26,"column":11}},"loc":{"start":{"line":26,"column":24},"end":{"line":29,"column":3}},"line":26},"3":{"name":"getStylesById","decl":{"start":{"line":34,"column":16},"end":{"line":34,"column":29}},"loc":{"start":{"line":34,"column":34},"end":{"line":50,"column":1}},"line":34},"4":{"name":"(anonymous_4)","decl":{"start":{"line":36,"column":23},"end":{"line":36,"column":24}},"loc":{"start":{"line":36,"column":44},"end":{"line":38,"column":5}},"line":36},"5":{"name":"(anonymous_5)","decl":{"start":{"line":46,"column":10},"end":{"line":46,"column":11}},"loc":{"start":{"line":46,"column":24},"end":{"line":49,"column":3}},"line":46},"6":{"name":"prefetch","decl":{"start":{"line":54,"column":16},"end":{"line":54,"column":24}},"loc":{"start":{"line":54,"column":51},"end":{"line":70,"column":1}},"line":54},"7":{"name":"(anonymous_7)","decl":{"start":{"line":61,"column":25},"end":{"line":61,"column":26}},"loc":{"start":{"line":61,"column":48},"end":{"line":68,"column":5}},"line":61},"8":{"name":"(anonymous_8)","decl":{"start":{"line":62,"column":33},"end":{"line":62,"column":34}},"loc":{"start":{"line":62,"column":56},"end":{"line":67,"column":7}},"line":62},"9":{"name":"(anonymous_9)","decl":{"start":{"line":63,"column":79},"end":{"line":63,"column":80}},"loc":{"start":{"line":63,"column":85},"end":{"line":65,"column":9}},"line":63},"10":{"name":"addToCart","decl":{"start":{"line":72,"column":16},"end":{"line":72,"column":25}},"loc":{"start":{"line":72,"column":40},"end":{"line":96,"column":1}},"line":72},"11":{"name":"(anonymous_11)","decl":{"start":{"line":76,"column":14},"end":{"line":76,"column":15}},"loc":{"start":{"line":76,"column":22},"end":{"line":89,"column":7}},"line":76},"12":{"name":"(anonymous_12)","decl":{"start":{"line":92,"column":23},"end":{"line":92,"column":24}},"loc":{"start":{"line":92,"column":44},"end":{"line":94,"column":5}},"line":92},"13":{"name":"(anonymous_13)","decl":{"start":{"line":98,"column":18},"end":{"line":98,"column":19}},"loc":{"start":{"line":98,"column":30},"end":{"line":98,"column":32}},"line":98},"14":{"name":"getStars","decl":{"start":{"line":100,"column":16},"end":{"line":100,"column":24}},"loc":{"start":{"line":100,"column":37},"end":{"line":146,"column":1}},"line":100},"15":{"name":"(anonymous_15)","decl":{"start":{"line":102,"column":23},"end":{"line":102,"column":24}},"loc":{"start":{"line":102,"column":44},"end":{"line":104,"column":5}},"line":102},"16":{"name":"(anonymous_16)","decl":{"start":{"line":116,"column":10},"end":{"line":116,"column":11}},"loc":{"start":{"line":116,"column":24},"end":{"line":118,"column":5}},"line":116},"17":{"name":"(anonymous_17)","decl":{"start":{"line":119,"column":10},"end":{"line":119,"column":11}},"loc":{"start":{"line":119,"column":24},"end":{"line":145,"column":5}},"line":119}},"branchMap":{"0":{"loc":{"start":{"line":10,"column":35},"end":{"line":10,"column":44}},"type":"default-arg","locations":[{"start":{"line":10,"column":43},"end":{"line":10,"column":44}}],"line":10},"1":{"loc":{"start":{"line":11,"column":2},"end":{"line":15,"column":3}},"type":"if","locations":[{"start":{"line":11,"column":2},"end":{"line":15,"column":3}},{"start":{},"end":{}}],"line":11},"2":{"loc":{"start":{"line":35,"column":2},"end":{"line":39,"column":3}},"type":"if","locations":[{"start":{"line":35,"column":2},"end":{"line":39,"column":3}},{"start":{},"end":{}}],"line":35},"3":{"loc":{"start":{"line":55,"column":2},"end":{"line":69,"column":3}},"type":"if","locations":[{"start":{"line":55,"column":2},"end":{"line":69,"column":3}},{"start":{"line":57,"column":9},"end":{"line":69,"column":3}}],"line":55},"4":{"loc":{"start":{"line":58,"column":4},"end":{"line":60,"column":5}},"type":"if","locations":[{"start":{"line":58,"column":4},"end":{"line":60,"column":5}},{"start":{},"end":{}}],"line":58},"5":{"loc":{"start":{"line":73,"column":2},"end":{"line":95,"column":3}},"type":"if","locations":[{"start":{"line":73,"column":2},"end":{"line":95,"column":3}},{"start":{"line":91,"column":9},"end":{"line":95,"column":3}}],"line":73},"6":{"loc":{"start":{"line":73,"column":6},"end":{"line":73,"column":30}},"type":"binary-expr","locations":[{"start":{"line":73,"column":6},"end":{"line":73,"column":18}},{"start":{"line":73,"column":22},"end":{"line":73,"column":30}}],"line":73},"7":{"loc":{"start":{"line":101,"column":2},"end":{"line":105,"column":3}},"type":"if","locations":[{"start":{"line":101,"column":2},"end":{"line":105,"column":3}},{"start":{},"end":{}}],"line":101}},"s":{"0":2,"1":2,"2":2,"3":0,"4":0,"5":0,"6":0,"7":0,"8":0,"9":2,"10":0,"11":0,"12":0,"13":0,"14":0,"15":0,"16":2,"17":0,"18":0,"19":0,"20":0,"21":0,"22":0,"23":0,"24":0,"25":0,"26":0,"27":0,"28":0,"29":0,"30":0,"31":0,"32":2,"33":0,"34":0,"35":0,"36":0,"37":0,"38":0,"39":0,"40":0,"41":0,"42":0},"f":{"0":0,"1":0,"2":0,"3":0,"4":0,"5":0,"6":0,"7":0,"8":0,"9":0,"10":0,"11":0,"12":0,"13":0,"14":0,"15":0,"16":0,"17":0},"b":{"0":[0],"1":[0,0],"2":[0,0],"3":[0,0],"4":[0,0],"5":[0,0],"6":[0,0],"7":[0,0]},"_coverageSchema":"1a1c01bbd47fc00a2c39e90264f33305004495a9","hash":"9928e99e29fcb3e1bb27ac3f396d04dae3f0af39"}
,"/home/shannon/Desktop/hr_projects/FEC/src/components/commonComponents/StarRatingStatic.jsx": {"path":"/home/shannon/Desktop/hr_projects/FEC/src/components/commonComponents/StarRatingStatic.jsx","statementMap":{"0":{"start":{"line":3,"column":25},"end":{"line":5,"column":1}},"1":{"start":{"line":4,"column":2},"end":{"line":4,"column":76}},"2":{"start":{"line":8,"column":2},"end":{"line":8,"column":95}}},"fnMap":{"0":{"name":"(anonymous_0)","decl":{"start":{"line":3,"column":25},"end":{"line":3,"column":26}},"loc":{"start":{"line":3,"column":36},"end":{"line":5,"column":1}},"line":3},"1":{"name":"StarRatingStatic2","decl":{"start":{"line":7,"column":16},"end":{"line":7,"column":33}},"loc":{"start":{"line":7,"column":41},"end":{"line":9,"column":1}},"line":7}},"branchMap":{},"s":{"0":1,"1":0,"2":2},"f":{"0":0,"1":2},"b":{},"_coverageSchema":"1a1c01bbd47fc00a2c39e90264f33305004495a9","hash":"d9c684c7d43b20f469657acfd95994c9dccc1b0a"}
,"/home/shannon/Desktop/hr_projects/FEC/src/components/commonComponents/usePreviousHook.jsx": {"path":"/home/shannon/Desktop/hr_projects/FEC/src/components/commonComponents/usePreviousHook.jsx","statementMap":{"0":{"start":{"line":3,"column":18},"end":{"line":11,"column":1}},"1":{"start":{"line":4,"column":12},"end":{"line":4,"column":20}},"2":{"start":{"line":6,"column":2},"end":{"line":8,"column":17}},"3":{"start":{"line":7,"column":4},"end":{"line":7,"column":27}},"4":{"start":{"line":10,"column":2},"end":{"line":10,"column":21}}},"fnMap":{"0":{"name":"(anonymous_0)","decl":{"start":{"line":3,"column":18},"end":{"line":3,"column":19}},"loc":{"start":{"line":3,"column":38},"end":{"line":11,"column":1}},"line":3},"1":{"name":"(anonymous_1)","decl":{"start":{"line":6,"column":12},"end":{"line":6,"column":13}},"loc":{"start":{"line":6,"column":18},"end":{"line":8,"column":3}},"line":6}},"branchMap":{},"s":{"0":2,"1":12,"2":12,"3":4,"4":12},"f":{"0":12,"1":4},"b":{},"_coverageSchema":"1a1c01bbd47fc00a2c39e90264f33305004495a9","hash":"29b2546f191968489b1461cdb8689af22e302235"}
,"/home/shannon/Desktop/hr_projects/FEC/src/components/overview/AddToCart.jsx": {"path":"/home/shannon/Desktop/hr_projects/FEC/src/components/overview/AddToCart.jsx","statementMap":{"0":{"start":{"line":3,"column":18},"end":{"line":57,"column":1}},"1":{"start":{"line":4,"column":28},"end":{"line":4,"column":43}},"2":{"start":{"line":6,"column":20},"end":{"line":36,"column":3}},"3":{"start":{"line":7,"column":15},"end":{"line":7,"column":20}},"4":{"start":{"line":8,"column":4},"end":{"line":14,"column":7}},"5":{"start":{"line":9,"column":6},"end":{"line":13,"column":7}},"6":{"start":{"line":10,"column":8},"end":{"line":12,"column":9}},"7":{"start":{"line":11,"column":10},"end":{"line":11,"column":22}},"8":{"start":{"line":15,"column":4},"end":{"line":17,"column":5}},"9":{"start":{"line":16,"column":6},"end":{"line":16,"column":22}},"10":{"start":{"line":18,"column":4},"end":{"line":18,"column":39}},"11":{"start":{"line":19,"column":4},"end":{"line":19,"column":17}},"12":{"start":{"line":20,"column":4},"end":{"line":35,"column":7}},"13":{"start":{"line":21,"column":6},"end":{"line":24,"column":7}},"14":{"start":{"line":22,"column":8},"end":{"line":22,"column":20}},"15":{"start":{"line":23,"column":8},"end":{"line":23,"column":25}},"16":{"start":{"line":25,"column":6},"end":{"line":31,"column":7}},"17":{"start":{"line":26,"column":8},"end":{"line":30,"column":9}},"18":{"start":{"line":27,"column":10},"end":{"line":27,"column":28}},"19":{"start":{"line":29,"column":10},"end":{"line":29,"column":28}},"20":{"start":{"line":32,"column":6},"end":{"line":34,"column":7}},"21":{"start":{"line":33,"column":8},"end":{"line":33,"column":24}},"22":{"start":{"line":38,"column":2},"end":{"line":45,"column":14}},"23":{"start":{"line":39,"column":4},"end":{"line":39,"column":20}},"24":{"start":{"line":40,"column":4},"end":{"line":44,"column":7}},"25":{"start":{"line":41,"column":6},"end":{"line":43,"column":7}},"26":{"start":{"line":42,"column":8},"end":{"line":42,"column":25}},"27":{"start":{"line":47,"column":2},"end":{"line":56,"column":4}},"28":{"start":{"line":51,"column":8},"end":{"line":51,"column":22}}},"fnMap":{"0":{"name":"(anonymous_0)","decl":{"start":{"line":3,"column":18},"end":{"line":3,"column":19}},"loc":{"start":{"line":3,"column":128},"end":{"line":57,"column":1}},"line":3},"1":{"name":"(anonymous_1)","decl":{"start":{"line":6,"column":20},"end":{"line":6,"column":21}},"loc":{"start":{"line":6,"column":32},"end":{"line":36,"column":3}},"line":6},"2":{"name":"(anonymous_2)","decl":{"start":{"line":8,"column":18},"end":{"line":8,"column":19}},"loc":{"start":{"line":8,"column":41},"end":{"line":14,"column":5}},"line":8},"3":{"name":"(anonymous_3)","decl":{"start":{"line":20,"column":18},"end":{"line":20,"column":19}},"loc":{"start":{"line":20,"column":38},"end":{"line":35,"column":5}},"line":20},"4":{"name":"(anonymous_4)","decl":{"start":{"line":38,"column":12},"end":{"line":38,"column":13}},"loc":{"start":{"line":38,"column":18},"end":{"line":45,"column":3}},"line":38},"5":{"name":"(anonymous_5)","decl":{"start":{"line":40,"column":19},"end":{"line":40,"column":20}},"loc":{"start":{"line":40,"column":39},"end":{"line":44,"column":5}},"line":40},"6":{"name":"(anonymous_6)","decl":{"start":{"line":50,"column":15},"end":{"line":50,"column":16}},"loc":{"start":{"line":50,"column":21},"end":{"line":52,"column":7}},"line":50}},"branchMap":{"0":{"loc":{"start":{"line":9,"column":6},"end":{"line":13,"column":7}},"type":"if","locations":[{"start":{"line":9,"column":6},"end":{"line":13,"column":7}},{"start":{},"end":{}}],"line":9},"1":{"loc":{"start":{"line":10,"column":8},"end":{"line":12,"column":9}},"type":"if","locations":[{"start":{"line":10,"column":8},"end":{"line":12,"column":9}},{"start":{},"end":{}}],"line":10},"2":{"loc":{"start":{"line":15,"column":4},"end":{"line":17,"column":5}},"type":"if","locations":[{"start":{"line":15,"column":4},"end":{"line":17,"column":5}},{"start":{},"end":{}}],"line":15},"3":{"loc":{"start":{"line":21,"column":6},"end":{"line":24,"column":7}},"type":"if","locations":[{"start":{"line":21,"column":6},"end":{"line":24,"column":7}},{"start":{},"end":{}}],"line":21},"4":{"loc":{"start":{"line":25,"column":6},"end":{"line":31,"column":7}},"type":"if","locations":[{"start":{"line":25,"column":6},"end":{"line":31,"column":7}},{"start":{},"end":{}}],"line":25},"5":{"loc":{"start":{"line":26,"column":8},"end":{"line":30,"column":9}},"type":"if","locations":[{"start":{"line":26,"column":8},"end":{"line":30,"column":9}},{"start":{"line":28,"column":15},"end":{"line":30,"column":9}}],"line":26},"6":{"loc":{"start":{"line":32,"column":6},"end":{"line":34,"column":7}},"type":"if","locations":[{"start":{"line":32,"column":6},"end":{"line":34,"column":7}},{"start":{},"end":{}}],"line":32},"7":{"loc":{"start":{"line":41,"column":6},"end":{"line":43,"column":7}},"type":"if","locations":[{"start":{"line":41,"column":6},"end":{"line":43,"column":7}},{"start":{},"end":{}}],"line":41},"8":{"loc":{"start":{"line":53,"column":17},"end":{"line":53,"column":58}},"type":"cond-expr","locations":[{"start":{"line":53,"column":26},"end":{"line":53,"column":42}},{"start":{"line":53,"column":45},"end":{"line":53,"column":58}}],"line":53}},"s":{"0":2,"1":8,"2":8,"3":0,"4":0,"5":0,"6":0,"7":0,"8":0,"9":0,"10":0,"11":0,"12":0,"13":0,"14":0,"15":0,"16":0,"17":0,"18":0,"19":0,"20":0,"21":0,"22":8,"23":4,"24":4,"25":16,"26":16,"27":8,"28":0},"f":{"0":8,"1":0,"2":0,"3":0,"4":4,"5":16,"6":0},"b":{"0":[0,0],"1":[0,0],"2":[0,0],"3":[0,0],"4":[0,0],"5":[0,0],"6":[0,0],"7":[16,0],"8":[0,8]},"_coverageSchema":"1a1c01bbd47fc00a2c39e90264f33305004495a9","hash":"cfd8c4d762881325fc24702d979d0b3ecc33d270"}
,"/home/shannon/Desktop/hr_projects/FEC/src/components/overview/CollapseButton.jsx": {"path":"/home/shannon/Desktop/hr_projects/FEC/src/components/overview/CollapseButton.jsx","statementMap":{"0":{"start":{"line":3,"column":23},"end":{"line":14,"column":1}},"1":{"start":{"line":4,"column":2},"end":{"line":13,"column":4}},"2":{"start":{"line":9,"column":8},"end":{"line":9,"column":31}}},"fnMap":{"0":{"name":"(anonymous_0)","decl":{"start":{"line":3,"column":23},"end":{"line":3,"column":24}},"loc":{"start":{"line":3,"column":54},"end":{"line":14,"column":1}},"line":3},"1":{"name":"(anonymous_1)","decl":{"start":{"line":8,"column":15},"end":{"line":8,"column":16}},"loc":{"start":{"line":8,"column":21},"end":{"line":10,"column":7}},"line":8}},"branchMap":{},"s":{"0":1,"1":2,"2":0},"f":{"0":2,"1":0},"b":{},"_coverageSchema":"1a1c01bbd47fc00a2c39e90264f33305004495a9","hash":"c0d09c236939ee68017d895bddc31f4c8e1fe301"}
,"/home/shannon/Desktop/hr_projects/FEC/src/components/overview/ExpandedProductInfo.jsx": {"path":"/home/shannon/Desktop/hr_projects/FEC/src/components/overview/ExpandedProductInfo.jsx","statementMap":{"0":{"start":{"line":9,"column":28},"end":{"line":102,"column":1}},"1":{"start":{"line":26,"column":32},"end":{"line":26,"column":47}},"2":{"start":{"line":27,"column":34},"end":{"line":27,"column":49}},"3":{"start":{"line":29,"column":24},"end":{"line":38,"column":3}},"4":{"start":{"line":30,"column":4},"end":{"line":30,"column":27}},"5":{"start":{"line":31,"column":12},"end":{"line":31,"column":21}},"6":{"start":{"line":32,"column":4},"end":{"line":37,"column":5}},"7":{"start":{"line":33,"column":6},"end":{"line":33,"column":25}},"8":{"start":{"line":34,"column":6},"end":{"line":36,"column":14}},"9":{"start":{"line":35,"column":8},"end":{"line":35,"column":28}},"10":{"start":{"line":40,"column":2},"end":{"line":101,"column":4}},"11":{"start":{"line":44,"column":10},"end":{"line":44,"column":36}}},"fnMap":{"0":{"name":"(anonymous_0)","decl":{"start":{"line":9,"column":28},"end":{"line":9,"column":29}},"loc":{"start":{"line":25,"column":6},"end":{"line":102,"column":1}},"line":25},"1":{"name":"(anonymous_1)","decl":{"start":{"line":29,"column":24},"end":{"line":29,"column":25}},"loc":{"start":{"line":29,"column":36},"end":{"line":38,"column":3}},"line":29},"2":{"name":"(anonymous_2)","decl":{"start":{"line":34,"column":17},"end":{"line":34,"column":18}},"loc":{"start":{"line":34,"column":23},"end":{"line":36,"column":7}},"line":34},"3":{"name":"(anonymous_3)","decl":{"start":{"line":43,"column":17},"end":{"line":43,"column":18}},"loc":{"start":{"line":43,"column":23},"end":{"line":45,"column":9}},"line":43}},"branchMap":{"0":{"loc":{"start":{"line":32,"column":4},"end":{"line":37,"column":5}},"type":"if","locations":[{"start":{"line":32,"column":4},"end":{"line":37,"column":5}},{"start":{},"end":{}}],"line":32},"1":{"loc":{"start":{"line":41,"column":62},"end":{"line":41,"column":148}},"type":"cond-expr","locations":[{"start":{"line":41,"column":78},"end":{"line":41,"column":116}},{"start":{"line":41,"column":119},"end":{"line":41,"column":148}}],"line":41},"2":{"loc":{"start":{"line":47,"column":10},"end":{"line":61,"column":15}},"type":"cond-expr","locations":[{"start":{"line":48,"column":14},"end":{"line":48,"column":60}},{"start":{"line":49,"column":14},"end":{"line":61,"column":15}}],"line":47},"3":{"loc":{"start":{"line":75,"column":22},"end":{"line":75,"column":100}},"type":"cond-expr","locations":[{"start":{"line":75,"column":34},"end":{"line":75,"column":58}},{"start":{"line":75,"column":61},"end":{"line":75,"column":100}}],"line":75},"4":{"loc":{"start":{"line":78,"column":22},"end":{"line":78,"column":132}},"type":"cond-expr","locations":[{"start":{"line":78,"column":35},"end":{"line":78,"column":93}},{"start":{"line":78,"column":96},"end":{"line":78,"column":132}}],"line":78}},"s":{"0":1,"1":2,"2":2,"3":2,"4":0,"5":0,"6":0,"7":0,"8":0,"9":0,"10":2,"11":0},"f":{"0":2,"1":0,"2":0,"3":0},"b":{"0":[0,0],"1":[0,2],"2":[0,2],"3":[0,2],"4":[2,0]},"_coverageSchema":"1a1c01bbd47fc00a2c39e90264f33305004495a9","hash":"11db77b817f5ebf8cf6e5c17c60d2398fe1e435c"}
,"/home/shannon/Desktop/hr_projects/FEC/src/components/overview/ImageCarousel.jsx": {"path":"/home/shannon/Desktop/hr_projects/FEC/src/components/overview/ImageCarousel.jsx","statementMap":{"0":{"start":{"line":7,"column":22},"end":{"line":71,"column":1}},"1":{"start":{"line":24,"column":42},"end":{"line":24,"column":57}},"2":{"start":{"line":26,"column":19},"end":{"line":28,"column":3}},"3":{"start":{"line":27,"column":4},"end":{"line":27,"column":15}},"4":{"start":{"line":30,"column":2},"end":{"line":70,"column":4}},"5":{"start":{"line":34,"column":10},"end":{"line":34,"column":36}},"6":{"start":{"line":67,"column":10},"end":{"line":67,"column":43}}},"fnMap":{"0":{"name":"(anonymous_0)","decl":{"start":{"line":7,"column":22},"end":{"line":7,"column":23}},"loc":{"start":{"line":23,"column":6},"end":{"line":71,"column":1}},"line":23},"1":{"name":"(anonymous_1)","decl":{"start":{"line":26,"column":19},"end":{"line":26,"column":20}},"loc":{"start":{"line":26,"column":39},"end":{"line":28,"column":3}},"line":26},"2":{"name":"(anonymous_2)","decl":{"start":{"line":33,"column":17},"end":{"line":33,"column":18}},"loc":{"start":{"line":33,"column":23},"end":{"line":35,"column":9}},"line":33},"3":{"name":"(anonymous_3)","decl":{"start":{"line":66,"column":21},"end":{"line":66,"column":22}},"loc":{"start":{"line":66,"column":27},"end":{"line":68,"column":9}},"line":66}},"branchMap":{"0":{"loc":{"start":{"line":37,"column":10},"end":{"line":39,"column":63}},"type":"cond-expr","locations":[{"start":{"line":38,"column":14},"end":{"line":38,"column":85}},{"start":{"line":39,"column":14},"end":{"line":39,"column":63}}],"line":37}},"s":{"0":1,"1":2,"2":2,"3":0,"4":2,"5":0,"6":0},"f":{"0":2,"1":0,"2":0,"3":0},"b":{"0":[2,0]},"_coverageSchema":"1a1c01bbd47fc00a2c39e90264f33305004495a9","hash":"0e9e70ed6e9360d9e095fd264d13be6802171024"}
,"/home/shannon/Desktop/hr_projects/FEC/src/components/overview/OverlayThumbnail.jsx": {"path":"/home/shannon/Desktop/hr_projects/FEC/src/components/overview/OverlayThumbnail.jsx","statementMap":{"0":{"start":{"line":4,"column":25},"end":{"line":40,"column":1}},"1":{"start":{"line":5,"column":40},"end":{"line":5,"column":85}},"2":{"start":{"line":7,"column":20},"end":{"line":9,"column":3}},"3":{"start":{"line":8,"column":4},"end":{"line":8,"column":39}},"4":{"start":{"line":11,"column":20},"end":{"line":15,"column":3}},"5":{"start":{"line":12,"column":4},"end":{"line":14,"column":5}},"6":{"start":{"line":13,"column":6},"end":{"line":13,"column":60}},"7":{"start":{"line":17,"column":2},"end":{"line":28,"column":3}},"8":{"start":{"line":18,"column":4},"end":{"line":27,"column":6}},"9":{"start":{"line":21,"column":10},"end":{"line":21,"column":24}},"10":{"start":{"line":30,"column":2},"end":{"line":39,"column":4}},"11":{"start":{"line":33,"column":8},"end":{"line":33,"column":22}}},"fnMap":{"0":{"name":"(anonymous_0)","decl":{"start":{"line":4,"column":25},"end":{"line":4,"column":26}},"loc":{"start":{"line":4,"column":92},"end":{"line":40,"column":1}},"line":4},"1":{"name":"(anonymous_1)","decl":{"start":{"line":7,"column":20},"end":{"line":7,"column":21}},"loc":{"start":{"line":7,"column":32},"end":{"line":9,"column":3}},"line":7},"2":{"name":"(anonymous_2)","decl":{"start":{"line":11,"column":20},"end":{"line":11,"column":21}},"loc":{"start":{"line":11,"column":32},"end":{"line":15,"column":3}},"line":11},"3":{"name":"(anonymous_3)","decl":{"start":{"line":20,"column":17},"end":{"line":20,"column":18}},"loc":{"start":{"line":20,"column":23},"end":{"line":22,"column":9}},"line":20},"4":{"name":"(anonymous_4)","decl":{"start":{"line":32,"column":15},"end":{"line":32,"column":16}},"loc":{"start":{"line":32,"column":21},"end":{"line":34,"column":7}},"line":32}},"branchMap":{"0":{"loc":{"start":{"line":12,"column":4},"end":{"line":14,"column":5}},"type":"if","locations":[{"start":{"line":12,"column":4},"end":{"line":14,"column":5}},{"start":{},"end":{}}],"line":12},"1":{"loc":{"start":{"line":17,"column":2},"end":{"line":28,"column":3}},"type":"if","locations":[{"start":{"line":17,"column":2},"end":{"line":28,"column":3}},{"start":{},"end":{}}],"line":17},"2":{"loc":{"start":{"line":24,"column":19},"end":{"line":24,"column":94}},"type":"cond-expr","locations":[{"start":{"line":24,"column":28},"end":{"line":24,"column":63}},{"start":{"line":24,"column":66},"end":{"line":24,"column":94}}],"line":24}},"s":{"0":2,"1":48,"2":48,"3":0,"4":48,"5":48,"6":24,"7":48,"8":8,"9":0,"10":40,"11":0},"f":{"0":48,"1":0,"2":48,"3":0,"4":0},"b":{"0":[24,24],"1":[8,40],"2":[8,0]},"_coverageSchema":"1a1c01bbd47fc00a2c39e90264f33305004495a9","hash":"7b38c0fee987023e318e04e032e490743ad42ce4"}
,"/home/shannon/Desktop/hr_projects/FEC/src/components/overview/Price.jsx": {"path":"/home/shannon/Desktop/hr_projects/FEC/src/components/overview/Price.jsx","statementMap":{"0":{"start":{"line":3,"column":14},"end":{"line":22,"column":1}},"1":{"start":{"line":4,"column":2},"end":{"line":21,"column":3}},"2":{"start":{"line":5,"column":4},"end":{"line":14,"column":6}},"3":{"start":{"line":16,"column":4},"end":{"line":20,"column":6}}},"fnMap":{"0":{"name":"(anonymous_0)","decl":{"start":{"line":3,"column":14},"end":{"line":3,"column":15}},"loc":{"start":{"line":3,"column":33},"end":{"line":22,"column":1}},"line":3}},"branchMap":{"0":{"loc":{"start":{"line":4,"column":2},"end":{"line":21,"column":3}},"type":"if","locations":[{"start":{"line":4,"column":2},"end":{"line":21,"column":3}},{"start":{"line":15,"column":9},"end":{"line":21,"column":3}}],"line":4}},"s":{"0":2,"1":5,"2":2,"3":3},"f":{"0":5},"b":{"0":[2,3]},"_coverageSchema":"1a1c01bbd47fc00a2c39e90264f33305004495a9","hash":"8545b7f57672c1dd7f2c9319a78f57e9714a0b4c"}
,"/home/shannon/Desktop/hr_projects/FEC/src/components/overview/PurchaseInfo.jsx": {"path":"/home/shannon/Desktop/hr_projects/FEC/src/components/overview/PurchaseInfo.jsx","statementMap":{"0":{"start":{"line":9,"column":21},"end":{"line":86,"column":1}},"1":{"start":{"line":10,"column":35},"end":{"line":10,"column":49}},"2":{"start":{"line":11,"column":27},"end":{"line":11,"column":41}},"3":{"start":{"line":12,"column":28},"end":{"line":12,"column":43}},"4":{"start":{"line":13,"column":30},"end":{"line":13,"column":45}},"5":{"start":{"line":14,"column":30},"end":{"line":14,"column":44}},"6":{"start":{"line":16,"column":19},"end":{"line":30,"column":3}},"7":{"start":{"line":17,"column":4},"end":{"line":17,"column":24}},"8":{"start":{"line":18,"column":4},"end":{"line":18,"column":32}},"9":{"start":{"line":19,"column":4},"end":{"line":19,"column":25}},"10":{"start":{"line":20,"column":4},"end":{"line":20,"column":38}},"11":{"start":{"line":21,"column":4},"end":{"line":29,"column":9}},"12":{"start":{"line":28,"column":8},"end":{"line":28,"column":35}},"13":{"start":{"line":32,"column":2},"end":{"line":40,"column":14}},"14":{"start":{"line":33,"column":15},"end":{"line":33,"column":20}},"15":{"start":{"line":34,"column":4},"end":{"line":39,"column":7}},"16":{"start":{"line":35,"column":6},"end":{"line":35,"column":24}},"17":{"start":{"line":36,"column":6},"end":{"line":38,"column":7}},"18":{"start":{"line":37,"column":8},"end":{"line":37,"column":25}},"19":{"start":{"line":42,"column":2},"end":{"line":85,"column":4}}},"fnMap":{"0":{"name":"(anonymous_0)","decl":{"start":{"line":9,"column":21},"end":{"line":9,"column":22}},"loc":{"start":{"line":9,"column":83},"end":{"line":86,"column":1}},"line":9},"1":{"name":"(anonymous_1)","decl":{"start":{"line":16,"column":19},"end":{"line":16,"column":20}},"loc":{"start":{"line":16,"column":31},"end":{"line":30,"column":3}},"line":16},"2":{"name":"(anonymous_2)","decl":{"start":{"line":27,"column":12},"end":{"line":27,"column":13}},"loc":{"start":{"line":27,"column":26},"end":{"line":29,"column":7}},"line":27},"3":{"name":"(anonymous_3)","decl":{"start":{"line":32,"column":12},"end":{"line":32,"column":13}},"loc":{"start":{"line":32,"column":18},"end":{"line":40,"column":3}},"line":32},"4":{"name":"(anonymous_4)","decl":{"start":{"line":34,"column":19},"end":{"line":34,"column":20}},"loc":{"start":{"line":34,"column":39},"end":{"line":39,"column":5}},"line":34}},"branchMap":{"0":{"loc":{"start":{"line":36,"column":6},"end":{"line":38,"column":7}},"type":"if","locations":[{"start":{"line":36,"column":6},"end":{"line":38,"column":7}},{"start":{},"end":{}}],"line":36},"1":{"loc":{"start":{"line":36,"column":10},"end":{"line":36,"column":63}},"type":"binary-expr","locations":[{"start":{"line":36,"column":10},"end":{"line":36,"column":33}},{"start":{"line":36,"column":37},"end":{"line":36,"column":63}}],"line":36},"2":{"loc":{"start":{"line":49,"column":11},"end":{"line":57,"column":11}},"type":"cond-expr","locations":[{"start":{"line":50,"column":12},"end":{"line":52,"column":19}},{"start":{"line":54,"column":12},"end":{"line":56,"column":19}}],"line":49}},"s":{"0":2,"1":8,"2":8,"3":8,"4":8,"5":8,"6":8,"7":0,"8":0,"9":0,"10":0,"11":0,"12":0,"13":8,"14":4,"15":4,"16":16,"17":16,"18":16,"19":8},"f":{"0":8,"1":0,"2":0,"3":4,"4":16},"b":{"0":[16,0],"1":[16,16],"2":[0,8]},"_coverageSchema":"1a1c01bbd47fc00a2c39e90264f33305004495a9","hash":"63daceabac23c58c6e04acd140cd0e3ccfc7dbd4"}
,"/home/shannon/Desktop/hr_projects/FEC/src/components/overview/QMenu.jsx": {"path":"/home/shannon/Desktop/hr_projects/FEC/src/components/overview/QMenu.jsx","statementMap":{"0":{"start":{"line":3,"column":14},"end":{"line":43,"column":1}},"1":{"start":{"line":4,"column":32},"end":{"line":4,"column":47}},"2":{"start":{"line":6,"column":20},"end":{"line":27,"column":3}},"3":{"start":{"line":7,"column":4},"end":{"line":26,"column":5}},"4":{"start":{"line":8,"column":21},"end":{"line":8,"column":25}},"5":{"start":{"line":9,"column":6},"end":{"line":14,"column":7}},"6":{"start":{"line":9,"column":19},"end":{"line":9,"column":20}},"7":{"start":{"line":10,"column":8},"end":{"line":13,"column":9}},"8":{"start":{"line":11,"column":10},"end":{"line":11,"column":39}},"9":{"start":{"line":12,"column":10},"end":{"line":12,"column":16}},"10":{"start":{"line":15,"column":22},"end":{"line":15,"column":44}},"11":{"start":{"line":16,"column":6},"end":{"line":25,"column":7}},"12":{"start":{"line":17,"column":21},"end":{"line":21,"column":12}},"13":{"start":{"line":20,"column":12},"end":{"line":20,"column":25}},"14":{"start":{"line":22,"column":8},"end":{"line":22,"column":22}},"15":{"start":{"line":24,"column":8},"end":{"line":24,"column":18}},"16":{"start":{"line":29,"column":2},"end":{"line":42,"column":4}},"17":{"start":{"line":35,"column":8},"end":{"line":35,"column":49}},"18":{"start":{"line":39,"column":8},"end":{"line":39,"column":48}}},"fnMap":{"0":{"name":"(anonymous_0)","decl":{"start":{"line":3,"column":14},"end":{"line":3,"column":15}},"loc":{"start":{"line":3,"column":69},"end":{"line":43,"column":1}},"line":3},"1":{"name":"(anonymous_1)","decl":{"start":{"line":6,"column":20},"end":{"line":6,"column":21}},"loc":{"start":{"line":6,"column":32},"end":{"line":27,"column":3}},"line":6},"2":{"name":"(anonymous_2)","decl":{"start":{"line":19,"column":15},"end":{"line":19,"column":16}},"loc":{"start":{"line":19,"column":25},"end":{"line":21,"column":11}},"line":19},"3":{"name":"(anonymous_3)","decl":{"start":{"line":34,"column":16},"end":{"line":34,"column":17}},"loc":{"start":{"line":34,"column":23},"end":{"line":36,"column":7}},"line":34},"4":{"name":"(anonymous_4)","decl":{"start":{"line":38,"column":26},"end":{"line":38,"column":27}},"loc":{"start":{"line":38,"column":46},"end":{"line":40,"column":7}},"line":38}},"branchMap":{"0":{"loc":{"start":{"line":7,"column":4},"end":{"line":26,"column":5}},"type":"if","locations":[{"start":{"line":7,"column":4},"end":{"line":26,"column":5}},{"start":{},"end":{}}],"line":7},"1":{"loc":{"start":{"line":7,"column":8},"end":{"line":7,"column":23}},"type":"binary-expr","locations":[{"start":{"line":7,"column":8},"end":{"line":7,"column":12}},{"start":{"line":7,"column":16},"end":{"line":7,"column":23}}],"line":7},"2":{"loc":{"start":{"line":10,"column":8},"end":{"line":13,"column":9}},"type":"if","locations":[{"start":{"line":10,"column":8},"end":{"line":13,"column":9}},{"start":{},"end":{}}],"line":10},"3":{"loc":{"start":{"line":16,"column":6},"end":{"line":25,"column":7}},"type":"if","locations":[{"start":{"line":16,"column":6},"end":{"line":25,"column":7}},{"start":{"line":23,"column":13},"end":{"line":25,"column":7}}],"line":16}},"s":{"0":2,"1":8,"2":8,"3":8,"4":0,"5":0,"6":0,"7":0,"8":0,"9":0,"10":0,"11":0,"12":0,"13":0,"14":0,"15":0,"16":8,"17":0,"18":0},"f":{"0":8,"1":8,"2":0,"3":0,"4":0},"b":{"0":[0,8],"1":[8,0],"2":[0,0],"3":[0,0]},"_coverageSchema":"1a1c01bbd47fc00a2c39e90264f33305004495a9","hash":"c7c8e666ac7ea10cb5a962f385f7e7620863039a"}
,"/home/shannon/Desktop/hr_projects/FEC/src/components/overview/SizeMenu.jsx": {"path":"/home/shannon/Desktop/hr_projects/FEC/src/components/overview/SizeMenu.jsx","statementMap":{"0":{"start":{"line":3,"column":17},"end":{"line":55,"column":1}},"1":{"start":{"line":4,"column":40},"end":{"line":4,"column":65}},"2":{"start":{"line":6,"column":2},"end":{"line":18,"column":23}},"3":{"start":{"line":7,"column":15},"end":{"line":7,"column":20}},"4":{"start":{"line":8,"column":4},"end":{"line":13,"column":7}},"5":{"start":{"line":9,"column":6},"end":{"line":12,"column":7}},"6":{"start":{"line":10,"column":8},"end":{"line":10,"column":20}},"7":{"start":{"line":11,"column":8},"end":{"line":11,"column":42}},"8":{"start":{"line":14,"column":4},"end":{"line":17,"column":5}},"9":{"start":{"line":15,"column":6},"end":{"line":15,"column":27}},"10":{"start":{"line":16,"column":6},"end":{"line":16,"column":39}},"11":{"start":{"line":20,"column":2},"end":{"line":54,"column":4}},"12":{"start":{"line":24,"column":8},"end":{"line":24,"column":25}},"13":{"start":{"line":25,"column":8},"end":{"line":25,"column":35}},"14":{"start":{"line":26,"column":8},"end":{"line":26,"column":26}},"15":{"start":{"line":27,"column":8},"end":{"line":31,"column":11}},"16":{"start":{"line":28,"column":10},"end":{"line":30,"column":11}},"17":{"start":{"line":29,"column":12},"end":{"line":29,"column":36}},"18":{"start":{"line":43,"column":8},"end":{"line":51,"column":9}},"19":{"start":{"line":44,"column":10},"end":{"line":48,"column":12}},"20":{"start":{"line":50,"column":10},"end":{"line":50,"column":84}}},"fnMap":{"0":{"name":"(anonymous_0)","decl":{"start":{"line":3,"column":17},"end":{"line":3,"column":18}},"loc":{"start":{"line":3,"column":104},"end":{"line":55,"column":1}},"line":3},"1":{"name":"(anonymous_1)","decl":{"start":{"line":6,"column":12},"end":{"line":6,"column":13}},"loc":{"start":{"line":6,"column":18},"end":{"line":18,"column":3}},"line":6},"2":{"name":"(anonymous_2)","decl":{"start":{"line":8,"column":19},"end":{"line":8,"column":20}},"loc":{"start":{"line":8,"column":39},"end":{"line":13,"column":5}},"line":8},"3":{"name":"(anonymous_3)","decl":{"start":{"line":23,"column":16},"end":{"line":23,"column":17}},"loc":{"start":{"line":23,"column":23},"end":{"line":32,"column":7}},"line":23},"4":{"name":"(anonymous_4)","decl":{"start":{"line":27,"column":22},"end":{"line":27,"column":23}},"loc":{"start":{"line":27,"column":42},"end":{"line":31,"column":9}},"line":27},"5":{"name":"(anonymous_5)","decl":{"start":{"line":42,"column":18},"end":{"line":42,"column":19}},"loc":{"start":{"line":42,"column":41},"end":{"line":52,"column":7}},"line":42}},"branchMap":{"0":{"loc":{"start":{"line":9,"column":6},"end":{"line":12,"column":7}},"type":"if","locations":[{"start":{"line":9,"column":6},"end":{"line":12,"column":7}},{"start":{},"end":{}}],"line":9},"1":{"loc":{"start":{"line":9,"column":10},"end":{"line":9,"column":60}},"type":"binary-expr","locations":[{"start":{"line":9,"column":10},"end":{"line":9,"column":36}},{"start":{"line":9,"column":40},"end":{"line":9,"column":60}}],"line":9},"2":{"loc":{"start":{"line":14,"column":4},"end":{"line":17,"column":5}},"type":"if","locations":[{"start":{"line":14,"column":4},"end":{"line":17,"column":5}},{"start":{},"end":{}}],"line":14},"3":{"loc":{"start":{"line":28,"column":10},"end":{"line":30,"column":11}},"type":"if","locations":[{"start":{"line":28,"column":10},"end":{"line":30,"column":11}},{"start":{},"end":{}}],"line":28},"4":{"loc":{"start":{"line":35,"column":7},"end":{"line":41,"column":7}},"type":"cond-expr","locations":[{"start":{"line":36,"column":8},"end":{"line":38,"column":17}},{"start":{"line":40,"column":8},"end":{"line":40,"column":13}}],"line":35},"5":{"loc":{"start":{"line":43,"column":8},"end":{"line":51,"column":9}},"type":"if","locations":[{"start":{"line":43,"column":8},"end":{"line":51,"column":9}},{"start":{"line":49,"column":15},"end":{"line":51,"column":9}}],"line":43},"6":{"loc":{"start":{"line":43,"column":12},"end":{"line":43,"column":65}},"type":"binary-expr","locations":[{"start":{"line":43,"column":12},"end":{"line":43,"column":35}},{"start":{"line":43,"column":39},"end":{"line":43,"column":65}}],"line":43},"7":{"loc":{"start":{"line":46,"column":15},"end":{"line":46,"column":72}},"type":"cond-expr","locations":[{"start":{"line":46,"column":41},"end":{"line":46,"column":54}},{"start":{"line":46,"column":57},"end":{"line":46,"column":72}}],"line":46}},"s":{"0":2,"1":8,"2":8,"3":4,"4":4,"5":16,"6":16,"7":16,"8":4,"9":0,"10":0,"11":8,"12":0,"13":0,"14":0,"15":0,"16":0,"17":0,"18":32,"19":0,"20":32},"f":{"0":8,"1":4,"2":16,"3":0,"4":0,"5":32},"b":{"0":[16,0],"1":[16,16],"2":[0,4],"3":[0,0],"4":[0,8],"5":[0,32],"6":[32,32],"7":[0,0]},"_coverageSchema":"1a1c01bbd47fc00a2c39e90264f33305004495a9","hash":"448c650d28b598677d87c2784d2337a6f2a268bc"}
,"/home/shannon/Desktop/hr_projects/FEC/src/components/overview/StyleObjectThumbnail.jsx": {"path":"/home/shannon/Desktop/hr_projects/FEC/src/components/overview/StyleObjectThumbnail.jsx","statementMap":{"0":{"start":{"line":4,"column":29},"end":{"line":61,"column":1}},"1":{"start":{"line":5,"column":20},"end":{"line":7,"column":3}},"2":{"start":{"line":6,"column":4},"end":{"line":6,"column":33}},"3":{"start":{"line":9,"column":2},"end":{"line":42,"column":3}},"4":{"start":{"line":10,"column":4},"end":{"line":41,"column":6}},"5":{"start":{"line":15,"column":12},"end":{"line":15,"column":33}},"6":{"start":{"line":18,"column":12},"end":{"line":18,"column":32}},"7":{"start":{"line":21,"column":12},"end":{"line":21,"column":26}},"8":{"start":{"line":44,"column":2},"end":{"line":60,"column":4}},"9":{"start":{"line":49,"column":10},"end":{"line":49,"column":31}},"10":{"start":{"line":52,"column":10},"end":{"line":52,"column":30}},"11":{"start":{"line":55,"column":10},"end":{"line":55,"column":24}}},"fnMap":{"0":{"name":"(anonymous_0)","decl":{"start":{"line":4,"column":29},"end":{"line":4,"column":30}},"loc":{"start":{"line":4,"column":115},"end":{"line":61,"column":1}},"line":4},"1":{"name":"(anonymous_1)","decl":{"start":{"line":5,"column":20},"end":{"line":5,"column":21}},"loc":{"start":{"line":5,"column":32},"end":{"line":7,"column":3}},"line":5},"2":{"name":"(anonymous_2)","decl":{"start":{"line":14,"column":24},"end":{"line":14,"column":25}},"loc":{"start":{"line":14,"column":30},"end":{"line":16,"column":11}},"line":14},"3":{"name":"(anonymous_3)","decl":{"start":{"line":17,"column":24},"end":{"line":17,"column":25}},"loc":{"start":{"line":17,"column":30},"end":{"line":19,"column":11}},"line":17},"4":{"name":"(anonymous_4)","decl":{"start":{"line":20,"column":19},"end":{"line":20,"column":20}},"loc":{"start":{"line":20,"column":25},"end":{"line":22,"column":11}},"line":20},"5":{"name":"(anonymous_5)","decl":{"start":{"line":48,"column":22},"end":{"line":48,"column":23}},"loc":{"start":{"line":48,"column":28},"end":{"line":50,"column":9}},"line":48},"6":{"name":"(anonymous_6)","decl":{"start":{"line":51,"column":22},"end":{"line":51,"column":23}},"loc":{"start":{"line":51,"column":28},"end":{"line":53,"column":9}},"line":51},"7":{"name":"(anonymous_7)","decl":{"start":{"line":54,"column":17},"end":{"line":54,"column":18}},"loc":{"start":{"line":54,"column":23},"end":{"line":56,"column":9}},"line":54}},"branchMap":{"0":{"loc":{"start":{"line":9,"column":2},"end":{"line":42,"column":3}},"type":"if","locations":[{"start":{"line":9,"column":2},"end":{"line":42,"column":3}},{"start":{},"end":{}}],"line":9}},"s":{"0":1,"1":12,"2":0,"3":12,"4":2,"5":0,"6":0,"7":0,"8":10,"9":0,"10":0,"11":0},"f":{"0":12,"1":0,"2":0,"3":0,"4":0,"5":0,"6":0,"7":0},"b":{"0":[2,10]},"_coverageSchema":"1a1c01bbd47fc00a2c39e90264f33305004495a9","hash":"c132d7279291bf086853f02a773462386d9e6593"}
,"/home/shannon/Desktop/hr_projects/FEC/src/components/overview/StylesContainer.jsx": {"path":"/home/shannon/Desktop/hr_projects/FEC/src/components/overview/StylesContainer.jsx","statementMap":{"0":{"start":{"line":4,"column":24},"end":{"line":20,"column":1}},"1":{"start":{"line":5,"column":2},"end":{"line":19,"column":4}},"2":{"start":{"line":8,"column":8},"end":{"line":16,"column":10}}},"fnMap":{"0":{"name":"(anonymous_0)","decl":{"start":{"line":4,"column":24},"end":{"line":4,"column":25}},"loc":{"start":{"line":4,"column":104},"end":{"line":20,"column":1}},"line":4},"1":{"name":"(anonymous_1)","decl":{"start":{"line":7,"column":24},"end":{"line":7,"column":25}},"loc":{"start":{"line":7,"column":50},"end":{"line":17,"column":7}},"line":7}},"branchMap":{},"s":{"0":1,"1":2,"2":12},"f":{"0":2,"1":12},"b":{},"_coverageSchema":"1a1c01bbd47fc00a2c39e90264f33305004495a9","hash":"b0c6298831cc18c0b02da15e4d7194e4e3681468"}
,"/home/shannon/Desktop/hr_projects/FEC/src/components/overview/ThumbnailContainer.jsx": {"path":"/home/shannon/Desktop/hr_projects/FEC/src/components/overview/ThumbnailContainer.jsx","statementMap":{"0":{"start":{"line":9,"column":27},"end":{"line":122,"column":1}},"1":{"start":{"line":10,"column":32},"end":{"line":10,"column":48}},"2":{"start":{"line":11,"column":32},"end":{"line":11,"column":46}},"3":{"start":{"line":12,"column":28},"end":{"line":12,"column":43}},"4":{"start":{"line":13,"column":36},"end":{"line":13,"column":48}},"5":{"start":{"line":14,"column":24},"end":{"line":14,"column":57}},"6":{"start":{"line":16,"column":2},"end":{"line":47,"column":15}},"7":{"start":{"line":30,"column":4},"end":{"line":32,"column":5}},"8":{"start":{"line":31,"column":6},"end":{"line":31,"column":24}},"9":{"start":{"line":33,"column":18},"end":{"line":37,"column":8}},"10":{"start":{"line":36,"column":8},"end":{"line":36,"column":17}},"11":{"start":{"line":38,"column":4},"end":{"line":38,"column":39}},"12":{"start":{"line":49,"column":2},"end":{"line":53,"column":19}},"13":{"start":{"line":50,"column":4},"end":{"line":52,"column":5}},"14":{"start":{"line":51,"column":6},"end":{"line":51,"column":24}},"15":{"start":{"line":55,"column":2},"end":{"line":71,"column":29}},"16":{"start":{"line":56,"column":4},"end":{"line":70,"column":5}},"17":{"start":{"line":57,"column":14},"end":{"line":61,"column":10}},"18":{"start":{"line":60,"column":10},"end":{"line":60,"column":42}},"19":{"start":{"line":62,"column":6},"end":{"line":62,"column":23}},"20":{"start":{"line":63,"column":11},"end":{"line":70,"column":5}},"21":{"start":{"line":64,"column":14},"end":{"line":68,"column":10}},"22":{"start":{"line":67,"column":10},"end":{"line":67,"column":46}},"23":{"start":{"line":69,"column":6},"end":{"line":69,"column":23}},"24":{"start":{"line":81,"column":25},"end":{"line":86,"column":3}},"25":{"start":{"line":82,"column":21},"end":{"line":84,"column":6}},"26":{"start":{"line":83,"column":6},"end":{"line":83,"column":19}},"27":{"start":{"line":85,"column":4},"end":{"line":85,"column":30}},"28":{"start":{"line":88,"column":23},"end":{"line":93,"column":3}},"29":{"start":{"line":89,"column":21},"end":{"line":91,"column":6}},"30":{"start":{"line":90,"column":6},"end":{"line":90,"column":19}},"31":{"start":{"line":92,"column":4},"end":{"line":92,"column":30}},"32":{"start":{"line":95,"column":19},"end":{"line":99,"column":3}},"33":{"start":{"line":96,"column":4},"end":{"line":96,"column":28}},"34":{"start":{"line":97,"column":4},"end":{"line":97,"column":55}},"35":{"start":{"line":98,"column":4},"end":{"line":98,"column":31}},"36":{"start":{"line":101,"column":2},"end":{"line":121,"column":4}},"37":{"start":{"line":105,"column":8},"end":{"line":117,"column":9}},"38":{"start":{"line":105,"column":21},"end":{"line":105,"column":22}},"39":{"start":{"line":106,"column":10},"end":{"line":116,"column":11}},"40":{"start":{"line":107,"column":12},"end":{"line":115,"column":14}}},"fnMap":{"0":{"name":"(anonymous_0)","decl":{"start":{"line":9,"column":27},"end":{"line":9,"column":28}},"loc":{"start":{"line":9,"column":90},"end":{"line":122,"column":1}},"line":9},"1":{"name":"(anonymous_1)","decl":{"start":{"line":16,"column":12},"end":{"line":16,"column":13}},"loc":{"start":{"line":16,"column":18},"end":{"line":47,"column":3}},"line":16},"2":{"name":"(anonymous_2)","decl":{"start":{"line":35,"column":11},"end":{"line":35,"column":12}},"loc":{"start":{"line":35,"column":27},"end":{"line":37,"column":7}},"line":35},"3":{"name":"(anonymous_3)","decl":{"start":{"line":49,"column":12},"end":{"line":49,"column":13}},"loc":{"start":{"line":49,"column":18},"end":{"line":53,"column":3}},"line":49},"4":{"name":"(anonymous_4)","decl":{"start":{"line":55,"column":12},"end":{"line":55,"column":13}},"loc":{"start":{"line":55,"column":18},"end":{"line":71,"column":3}},"line":55},"5":{"name":"(anonymous_5)","decl":{"start":{"line":59,"column":13},"end":{"line":59,"column":14}},"loc":{"start":{"line":59,"column":29},"end":{"line":61,"column":9}},"line":59},"6":{"name":"(anonymous_6)","decl":{"start":{"line":66,"column":13},"end":{"line":66,"column":14}},"loc":{"start":{"line":66,"column":29},"end":{"line":68,"column":9}},"line":66},"7":{"name":"(anonymous_7)","decl":{"start":{"line":81,"column":25},"end":{"line":81,"column":26}},"loc":{"start":{"line":81,"column":37},"end":{"line":86,"column":3}},"line":81},"8":{"name":"(anonymous_8)","decl":{"start":{"line":82,"column":36},"end":{"line":82,"column":37}},"loc":{"start":{"line":82,"column":49},"end":{"line":84,"column":5}},"line":82},"9":{"name":"(anonymous_9)","decl":{"start":{"line":88,"column":23},"end":{"line":88,"column":24}},"loc":{"start":{"line":88,"column":35},"end":{"line":93,"column":3}},"line":88},"10":{"name":"(anonymous_10)","decl":{"start":{"line":89,"column":36},"end":{"line":89,"column":37}},"loc":{"start":{"line":89,"column":49},"end":{"line":91,"column":5}},"line":89},"11":{"name":"(anonymous_11)","decl":{"start":{"line":95,"column":19},"end":{"line":95,"column":20}},"loc":{"start":{"line":95,"column":31},"end":{"line":99,"column":3}},"line":95},"12":{"name":"(anonymous_12)","decl":{"start":{"line":104,"column":23},"end":{"line":104,"column":24}},"loc":{"start":{"line":104,"column":44},"end":{"line":118,"column":7}},"line":104}},"branchMap":{"0":{"loc":{"start":{"line":30,"column":4},"end":{"line":32,"column":5}},"type":"if","locations":[{"start":{"line":30,"column":4},"end":{"line":32,"column":5}},{"start":{},"end":{}}],"line":30},"1":{"loc":{"start":{"line":50,"column":4},"end":{"line":52,"column":5}},"type":"if","locations":[{"start":{"line":50,"column":4},"end":{"line":52,"column":5}},{"start":{},"end":{}}],"line":50},"2":{"loc":{"start":{"line":56,"column":4},"end":{"line":70,"column":5}},"type":"if","locations":[{"start":{"line":56,"column":4},"end":{"line":70,"column":5}},{"start":{"line":63,"column":11},"end":{"line":70,"column":5}}],"line":56},"3":{"loc":{"start":{"line":63,"column":11},"end":{"line":70,"column":5}},"type":"if","locations":[{"start":{"line":63,"column":11},"end":{"line":70,"column":5}},{"start":{},"end":{}}],"line":63},"4":{"loc":{"start":{"line":106,"column":10},"end":{"line":116,"column":11}},"type":"if","locations":[{"start":{"line":106,"column":10},"end":{"line":116,"column":11}},{"start":{},"end":{}}],"line":106}},"s":{"0":2,"1":12,"2":12,"3":12,"4":12,"5":12,"6":12,"7":4,"8":0,"9":4,"10":24,"11":4,"12":12,"13":8,"14":4,"15":12,"16":4,"17":0,"18":0,"19":0,"20":4,"21":0,"22":0,"23":0,"24":12,"25":0,"26":0,"27":0,"28":12,"29":0,"30":0,"31":0,"32":12,"33":0,"34":0,"35":0,"36":12,"37":48,"38":48,"39":168,"40":48},"f":{"0":12,"1":4,"2":24,"3":8,"4":4,"5":0,"6":0,"7":0,"8":0,"9":0,"10":0,"11":0,"12":48},"b":{"0":[0,4],"1":[4,4],"2":[0,4],"3":[0,4],"4":[48,120]},"_coverageSchema":"1a1c01bbd47fc00a2c39e90264f33305004495a9","hash":"a5d1f9806470f7ef5dd44007cf93416774fd2341"}
,"/home/shannon/Desktop/hr_projects/FEC/src/components/overview/ThumbnailDecrement.jsx": {"path":"/home/shannon/Desktop/hr_projects/FEC/src/components/overview/ThumbnailDecrement.jsx","statementMap":{"0":{"start":{"line":3,"column":27},"end":{"line":24,"column":1}},"1":{"start":{"line":4,"column":28},"end":{"line":4,"column":43}},"2":{"start":{"line":6,"column":2},"end":{"line":12,"column":19}},"3":{"start":{"line":7,"column":4},"end":{"line":11,"column":5}},"4":{"start":{"line":8,"column":6},"end":{"line":8,"column":22}},"5":{"start":{"line":10,"column":6},"end":{"line":10,"column":23}},"6":{"start":{"line":14,"column":2},"end":{"line":23,"column":4}},"7":{"start":{"line":18,"column":10},"end":{"line":18,"column":21}}},"fnMap":{"0":{"name":"(anonymous_0)","decl":{"start":{"line":3,"column":27},"end":{"line":3,"column":28}},"loc":{"start":{"line":3,"column":57},"end":{"line":24,"column":1}},"line":3},"1":{"name":"(anonymous_1)","decl":{"start":{"line":6,"column":12},"end":{"line":6,"column":13}},"loc":{"start":{"line":6,"column":18},"end":{"line":12,"column":3}},"line":6},"2":{"name":"(anonymous_2)","decl":{"start":{"line":17,"column":17},"end":{"line":17,"column":18}},"loc":{"start":{"line":17,"column":23},"end":{"line":19,"column":9}},"line":17}},"branchMap":{"0":{"loc":{"start":{"line":7,"column":4},"end":{"line":11,"column":5}},"type":"if","locations":[{"start":{"line":7,"column":4},"end":{"line":11,"column":5}},{"start":{"line":9,"column":11},"end":{"line":11,"column":5}}],"line":7},"1":{"loc":{"start":{"line":15,"column":16},"end":{"line":15,"column":97}},"type":"cond-expr","locations":[{"start":{"line":15,"column":25},"end":{"line":15,"column":49}},{"start":{"line":15,"column":52},"end":{"line":15,"column":97}}],"line":15}},"s":{"0":2,"1":12,"2":12,"3":8,"4":4,"5":4,"6":12,"7":0},"f":{"0":12,"1":8,"2":0},"b":{"0":[4,4],"1":[4,8]},"_coverageSchema":"1a1c01bbd47fc00a2c39e90264f33305004495a9","hash":"67589d3483f7123b81f0fd7b5c14c6fb5cc2c7de"}
,"/home/shannon/Desktop/hr_projects/FEC/src/components/overview/ThumbnailIncrement.jsx": {"path":"/home/shannon/Desktop/hr_projects/FEC/src/components/overview/ThumbnailIncrement.jsx","statementMap":{"0":{"start":{"line":3,"column":27},"end":{"line":24,"column":1}},"1":{"start":{"line":4,"column":28},"end":{"line":4,"column":43}},"2":{"start":{"line":6,"column":2},"end":{"line":12,"column":19}},"3":{"start":{"line":7,"column":4},"end":{"line":11,"column":5}},"4":{"start":{"line":8,"column":6},"end":{"line":8,"column":22}},"5":{"start":{"line":10,"column":6},"end":{"line":10,"column":23}},"6":{"start":{"line":14,"column":2},"end":{"line":23,"column":4}},"7":{"start":{"line":18,"column":10},"end":{"line":18,"column":21}}},"fnMap":{"0":{"name":"(anonymous_0)","decl":{"start":{"line":3,"column":27},"end":{"line":3,"column":28}},"loc":{"start":{"line":3,"column":72},"end":{"line":24,"column":1}},"line":3},"1":{"name":"(anonymous_1)","decl":{"start":{"line":6,"column":12},"end":{"line":6,"column":13}},"loc":{"start":{"line":6,"column":18},"end":{"line":12,"column":3}},"line":6},"2":{"name":"(anonymous_2)","decl":{"start":{"line":17,"column":17},"end":{"line":17,"column":18}},"loc":{"start":{"line":17,"column":23},"end":{"line":19,"column":9}},"line":17}},"branchMap":{"0":{"loc":{"start":{"line":7,"column":4},"end":{"line":11,"column":5}},"type":"if","locations":[{"start":{"line":7,"column":4},"end":{"line":11,"column":5}},{"start":{"line":9,"column":11},"end":{"line":11,"column":5}}],"line":7},"1":{"loc":{"start":{"line":15,"column":16},"end":{"line":15,"column":97}},"type":"cond-expr","locations":[{"start":{"line":15,"column":25},"end":{"line":15,"column":49}},{"start":{"line":15,"column":52},"end":{"line":15,"column":97}}],"line":15}},"s":{"0":2,"1":12,"2":12,"3":8,"4":4,"5":4,"6":12,"7":0},"f":{"0":12,"1":8,"2":0},"b":{"0":[4,4],"1":[4,8]},"_coverageSchema":"1a1c01bbd47fc00a2c39e90264f33305004495a9","hash":"66c4fce86fd9a24b88be3a52da2e721703524905"}
,"/home/shannon/Desktop/hr_projects/FEC/src/services/Cloudinary.js": {"path":"/home/shannon/Desktop/hr_projects/FEC/src/services/Cloudinary.js","statementMap":{"0":{"start":{"line":6,"column":14},"end":{"line":13,"column":2}},"1":{"start":{"line":15,"column":29},"end":{"line":15,"column":31}},"2":{"start":{"line":17,"column":37},"end":{"line":28,"column":1}},"3":{"start":{"line":19,"column":2},"end":{"line":26,"column":3}},"4":{"start":{"line":20,"column":20},"end":{"line":20,"column":46}},"5":{"start":{"line":21,"column":4},"end":{"line":21,"column":39}},"6":{"start":{"line":22,"column":4},"end":{"line":22,"column":68}},"7":{"start":{"line":24,"column":18},"end":{"line":24,"column":35}},"8":{"start":{"line":25,"column":4},"end":{"line":25,"column":50}},"9":{"start":{"line":27,"column":2},"end":{"line":27,"column":45}},"10":{"start":{"line":30,"column":20},"end":{"line":30,"column":22}},"11":{"start":{"line":32,"column":35},"end":{"line":47,"column":1}},"12":{"start":{"line":33,"column":2},"end":{"line":45,"column":3}},"13":{"start":{"line":34,"column":16},"end":{"line":34,"column":32}},"14":{"start":{"line":35,"column":4},"end":{"line":35,"column":35}},"15":{"start":{"line":36,"column":4},"end":{"line":42,"column":6}},"16":{"start":{"line":44,"column":4},"end":{"line":44,"column":37}},"17":{"start":{"line":46,"column":2},"end":{"line":46,"column":26}}},"fnMap":{"0":{"name":"(anonymous_0)","decl":{"start":{"line":17,"column":37},"end":{"line":17,"column":38}},"loc":{"start":{"line":17,"column":62},"end":{"line":28,"column":1}},"line":17},"1":{"name":"(anonymous_1)","decl":{"start":{"line":32,"column":35},"end":{"line":32,"column":36}},"loc":{"start":{"line":32,"column":50},"end":{"line":47,"column":1}},"line":32}},"branchMap":{"0":{"loc":{"start":{"line":19,"column":2},"end":{"line":26,"column":3}},"type":"if","locations":[{"start":{"line":19,"column":2},"end":{"line":26,"column":3}},{"start":{},"end":{}}],"line":19},"1":{"loc":{"start":{"line":33,"column":2},"end":{"line":45,"column":3}},"type":"if","locations":[{"start":{"line":33,"column":2},"end":{"line":45,"column":3}},{"start":{},"end":{}}],"line":33}},"s":{"0":4,"1":4,"2":4,"3":132,"4":29,"5":29,"6":29,"7":29,"8":29,"9":132,"10":4,"11":4,"12":3,"13":1,"14":1,"15":1,"16":1,"17":3},"f":{"0":132,"1":3},"b":{"0":[29,103],"1":[1,2]},"_coverageSchema":"1a1c01bbd47fc00a2c39e90264f33305004495a9","hash":"3b48cbc0563326aa803bce9e9527617d149b5ba3"}
}
