TN:
SF:config/config.js
FNF:0
FNH:0
DA:2,3
DA:3,3
LF:2
LH:2
BRF:0
BRH:0
end_of_record
TN:
SF:src/controllers.js
FN:10,getProductById
FN:12,(anonymous_1)
FN:26,(anonymous_2)
FN:34,getStylesById
FN:36,(anonymous_4)
FN:46,(anonymous_5)
FN:54,prefetch
FN:61,(anonymous_7)
FN:62,(anonymous_8)
FN:63,(anonymous_9)
FN:72,addToCart
FN:76,(anonymous_11)
FN:92,(anonymous_12)
FN:100,getStars
FN:102,(anonymous_14)
FN:115,(anonymous_15)
FNF:16
FNH:3
FNDA:2,getProductById
FNDA:0,(anonymous_1)
FNDA:0,(anonymous_2)
FNDA:2,getStylesById
FNDA:0,(anonymous_4)
FNDA:0,(anonymous_5)
FNDA:2,prefetch
FNDA:0,(anonymous_7)
FNDA:0,(anonymous_8)
FNDA:0,(anonymous_9)
FNDA:0,addToCart
FNDA:0,(anonymous_11)
FNDA:0,(anonymous_12)
FNDA:0,getStars
FNDA:0,(anonymous_14)
FNDA:0,(anonymous_15)
DA:5,3
DA:6,3
DA:8,3
DA:11,2
DA:12,0
DA:13,0
DA:16,2
DA:27,0
DA:28,0
DA:32,3
DA:35,2
DA:36,0
DA:37,0
DA:40,2
DA:47,0
DA:48,0
DA:52,3
DA:55,2
DA:56,0
DA:58,2
DA:59,2
DA:61,0
DA:62,0
DA:63,0
DA:64,0
DA:66,0
DA:73,0
DA:74,0
DA:75,0
DA:77,0
DA:92,0
DA:93,0
DA:98,3
DA:101,0
DA:102,0
DA:103,0
DA:106,0
DA:116,0
DA:118,0
DA:125,0
DA:131,0
DA:133,0
DA:134,0
LF:43
LH:13
BRDA:10,0,0,2
BRDA:11,1,0,0
BRDA:11,1,1,2
BRDA:35,2,0,0
BRDA:35,2,1,2
BRDA:55,3,0,0
BRDA:55,3,1,2
BRDA:58,4,0,2
BRDA:58,4,1,0
BRDA:73,5,0,0
BRDA:73,5,1,0
BRDA:73,6,0,0
BRDA:73,6,1,0
BRDA:101,7,0,0
BRDA:101,7,1,0
BRF:15
BRH:5
end_of_record
TN:
SF:src/components/commonComponents/StarRatingStatic.jsx
FN:3,(anonymous_0)
FN:7,StarRatingStatic2
FNF:2
FNH:1
FNDA:0,(anonymous_0)
FNDA:5,StarRatingStatic2
DA:3,2
DA:4,0
DA:8,5
LF:3
LH:2
BRF:0
BRH:0
end_of_record
TN:
SF:src/components/commonComponents/usePreviousHook.jsx
FN:3,(anonymous_0)
FN:6,(anonymous_1)
FNF:2
FNH:0
FNDA:0,(anonymous_0)
FNDA:0,(anonymous_1)
DA:3,1
DA:4,0
DA:6,0
DA:7,0
DA:10,0
LF:5
LH:1
BRF:0
BRH:0
end_of_record
TN:
SF:src/components/overview/AddToCart.jsx
FN:3,(anonymous_0)
FN:6,(anonymous_1)
FN:8,(anonymous_2)
FN:20,(anonymous_3)
FN:38,(anonymous_4)
FN:40,(anonymous_5)
FN:50,(anonymous_6)
FNF:7
FNH:7
FNDA:14,(anonymous_0)
FNDA:2,(anonymous_1)
FNDA:6,(anonymous_2)
FNDA:6,(anonymous_3)
FNDA:7,(anonymous_4)
FNDA:21,(anonymous_5)
FNDA:2,(anonymous_6)
DA:3,4
DA:4,14
DA:6,14
DA:7,2
DA:8,2
DA:9,6
DA:10,0
DA:11,0
DA:15,2
DA:16,2
DA:18,2
DA:19,2
DA:20,2
DA:21,6
DA:22,6
DA:23,6
DA:25,6
DA:26,0
DA:27,0
DA:29,0
DA:32,6
DA:33,0
DA:38,14
DA:39,7
DA:40,7
DA:41,21
DA:42,21
DA:47,14
DA:51,2
LF:29
LH:23
BRDA:9,0,0,0
BRDA:9,0,1,6
BRDA:10,1,0,0
BRDA:10,1,1,0
BRDA:15,2,0,2
BRDA:15,2,1,0
BRDA:21,3,0,6
BRDA:21,3,1,0
BRDA:25,4,0,0
BRDA:25,4,1,6
BRDA:26,5,0,0
BRDA:26,5,1,0
BRDA:32,6,0,0
BRDA:32,6,1,6
BRDA:41,7,0,21
BRDA:41,7,1,0
BRDA:53,8,0,2
BRDA:53,8,1,12
BRF:18
BRH:8
end_of_record
TN:
SF:src/components/overview/BottomInformation.jsx
FN:3,(anonymous_0)
FNF:1
FNH:1
FNDA:2,(anonymous_0)
DA:3,1
DA:4,2
LF:2
LH:2
BRF:0
BRH:0
end_of_record
TN:
SF:src/components/overview/CollapseButton.jsx
FN:3,(anonymous_0)
FN:9,(anonymous_1)
FNF:2
FNH:1
FNDA:5,(anonymous_0)
FNDA:0,(anonymous_1)
DA:3,2
DA:4,5
DA:10,0
LF:3
LH:2
BRDA:8,0,0,0
BRDA:8,0,1,5
BRDA:12,1,0,5
BRDA:12,1,1,0
BRDA:12,2,0,0
BRDA:12,2,1,0
BRF:6
BRH:2
end_of_record
TN:
SF:src/components/overview/ExpandedProductInfo.jsx
FN:9,(anonymous_0)
FN:31,(anonymous_1)
FNF:2
FNH:1
FNDA:5,(anonymous_0)
FNDA:0,(anonymous_1)
DA:9,2
DA:27,5
DA:32,0
DA:33,0
LF:4
LH:2
BRDA:28,0,0,0
BRDA:28,0,1,5
BRDA:30,1,0,0
BRDA:30,1,1,5
BRDA:36,2,0,0
BRDA:36,2,1,5
BRDA:36,3,0,5
BRDA:36,3,1,5
BRF:8
BRH:5
end_of_record
TN:
SF:src/components/overview/ImageCarousel.jsx
FN:8,(anonymous_0)
FN:72,(anonymous_1)
FNF:2
FNH:1
FNDA:5,(anonymous_0)
FNDA:0,(anonymous_1)
DA:8,2
DA:32,5
DA:73,0
LF:3
LH:2
BRDA:33,0,0,0
BRDA:33,0,1,5
BRF:2
BRH:1
end_of_record
TN:
SF:src/components/overview/MagnifyingGlass.jsx
FN:4,(anonymous_0)
FN:9,(anonymous_1)
FN:20,(anonymous_2)
FN:27,(anonymous_3)
FN:34,(anonymous_4)
FN:51,(anonymous_5)
FN:54,(anonymous_6)
FN:57,(anonymous_7)
FNF:8
FNH:1
FNDA:5,(anonymous_0)
FNDA:0,(anonymous_1)
FNDA:0,(anonymous_2)
FNDA:0,(anonymous_3)
FNDA:0,(anonymous_4)
FNDA:0,(anonymous_5)
FNDA:0,(anonymous_6)
FNDA:0,(anonymous_7)
DA:4,2
DA:5,5
DA:6,5
DA:7,5
DA:9,5
DA:10,0
DA:11,0
DA:12,0
DA:13,0
DA:14,0
DA:15,0
DA:16,0
DA:17,0
DA:20,5
DA:21,0
DA:24,5
DA:28,0
DA:29,0
DA:35,0
DA:36,0
DA:37,0
DA:39,0
DA:40,0
DA:41,0
DA:42,0
DA:43,0
DA:44,0
DA:45,0
DA:46,0
DA:47,0
DA:52,0
DA:55,0
DA:58,0
LF:33
LH:7
BRDA:26,0,0,0
BRDA:26,0,1,5
BRDA:28,1,0,0
BRDA:28,1,1,0
BRDA:33,2,0,0
BRDA:33,2,1,5
BRDA:35,3,0,0
BRDA:35,3,1,0
BRDA:36,4,0,0
BRDA:36,4,1,0
BRDA:39,5,0,0
BRDA:39,5,1,0
BRDA:40,6,0,0
BRDA:40,6,1,0
BRDA:44,7,0,0
BRDA:44,7,1,0
BRDA:60,8,0,0
BRDA:60,8,1,5
BRDA:63,9,0,0
BRDA:63,9,1,5
BRF:20
BRH:4
end_of_record
TN:
SF:src/components/overview/NiceSelectMenu.jsx
FN:3,(anonymous_0)
FN:8,(anonymous_1)
FN:15,(anonymous_2)
FN:21,(anonymous_3)
FNF:4
FNH:0
FNDA:0,(anonymous_0)
FNDA:0,(anonymous_1)
FNDA:0,(anonymous_2)
FNDA:0,(anonymous_3)
DA:3,3
DA:4,0
DA:9,0
DA:10,0
DA:16,0
DA:22,0
DA:23,0
DA:24,0
LF:8
LH:1
BRDA:9,0,0,0
BRDA:9,0,1,0
BRDA:18,1,0,0
BRDA:18,1,1,0
BRDA:20,2,0,0
BRDA:20,2,1,0
BRDA:22,3,0,0
BRDA:22,3,1,0
BRF:8
BRH:0
end_of_record
TN:
SF:src/components/overview/OverlayThumbnail.jsx
FN:4,(anonymous_0)
FN:7,(anonymous_1)
FN:11,(anonymous_2)
FN:27,(anonymous_3)
FN:40,(anonymous_4)
FN:52,(anonymous_5)
FNF:6
FNH:2
FNDA:36,(anonymous_0)
FNDA:0,(anonymous_1)
FNDA:36,(anonymous_2)
FNDA:0,(anonymous_3)
FNDA:0,(anonymous_4)
FNDA:0,(anonymous_5)
DA:4,2
DA:5,36
DA:7,36
DA:8,0
DA:11,36
DA:12,36
DA:13,18
DA:17,36
DA:18,0
DA:19,0
DA:25,0
DA:28,0
DA:37,36
DA:38,6
DA:41,0
DA:50,30
DA:53,0
LF:17
LH:10
BRDA:12,0,0,18
BRDA:12,0,1,18
BRDA:17,1,0,0
BRDA:17,1,1,36
BRDA:18,2,0,0
BRDA:18,2,1,0
BRDA:37,3,0,6
BRDA:37,3,1,30
BRDA:44,4,0,6
BRDA:44,4,1,0
BRF:10
BRH:6
end_of_record
TN:
SF:src/components/overview/Price.jsx
FN:3,(anonymous_0)
FNF:1
FNH:1
FNDA:17,(anonymous_0)
DA:3,3
DA:4,17
DA:5,0
DA:16,5
LF:4
LH:3
BRDA:4,0,0,0
BRDA:4,0,1,5
BRF:2
BRH:1
end_of_record
TN:
SF:src/components/overview/ProductOverview.jsx
FN:8,(anonymous_0)
FN:32,(anonymous_1)
FN:34,(anonymous_2)
FN:35,(anonymous_3)
FN:38,(anonymous_4)
FN:41,(anonymous_5)
FN:43,(anonymous_6)
FN:50,(anonymous_7)
FN:65,(anonymous_8)
FN:71,(anonymous_9)
FN:75,(anonymous_10)
FN:79,(anonymous_11)
FN:94,(anonymous_12)
FN:97,(anonymous_13)
FN:102,(anonymous_14)
FN:109,(anonymous_15)
FN:115,(anonymous_16)
FN:122,(anonymous_17)
FN:129,(anonymous_18)
FN:130,(anonymous_19)
FN:135,(anonymous_20)
FN:136,(anonymous_21)
FN:141,(anonymous_22)
FN:148,(anonymous_23)
FN:152,(anonymous_24)
FN:158,(anonymous_25)
FN:164,(anonymous_26)
FN:169,(anonymous_27)
FN:180,(anonymous_28)
FN:182,(anonymous_29)
FN:186,(anonymous_30)
FN:221,(anonymous_31)
FN:225,(anonymous_32)
FN:232,(anonymous_33)
FNF:34
FNH:7
FNDA:2,(anonymous_0)
FNDA:0,(anonymous_1)
FNDA:2,(anonymous_2)
FNDA:0,(anonymous_3)
FNDA:0,(anonymous_4)
FNDA:0,(anonymous_5)
FNDA:0,(anonymous_6)
FNDA:0,(anonymous_7)
FNDA:0,(anonymous_8)
FNDA:2,(anonymous_9)
FNDA:0,(anonymous_10)
FNDA:0,(anonymous_11)
FNDA:0,(anonymous_12)
FNDA:0,(anonymous_13)
FNDA:2,(anonymous_14)
FNDA:0,(anonymous_15)
FNDA:2,(anonymous_16)
FNDA:2,(anonymous_17)
FNDA:0,(anonymous_18)
FNDA:0,(anonymous_19)
FNDA:0,(anonymous_20)
FNDA:0,(anonymous_21)
FNDA:2,(anonymous_22)
FNDA:0,(anonymous_23)
FNDA:0,(anonymous_24)
FNDA:0,(anonymous_25)
FNDA:0,(anonymous_26)
FNDA:0,(anonymous_27)
FNDA:0,(anonymous_28)
FNDA:0,(anonymous_29)
FNDA:0,(anonymous_30)
FNDA:0,(anonymous_31)
FNDA:0,(anonymous_32)
FNDA:0,(anonymous_33)
DA:8,1
DA:9,2
DA:10,2
DA:11,2
DA:21,2
DA:22,2
DA:23,2
DA:24,2
DA:25,2
DA:26,2
DA:27,2
DA:28,2
DA:29,2
DA:30,2
DA:32,2
DA:34,2
DA:35,2
DA:36,0
DA:38,2
DA:39,0
DA:40,0
DA:41,0
DA:42,0
DA:43,0
DA:44,0
DA:47,0
DA:48,0
DA:49,0
DA:50,0
DA:51,0
DA:52,0
DA:53,0
DA:56,0
DA:57,0
DA:60,0
DA:62,0
DA:63,0
DA:64,0
DA:65,0
DA:66,0
DA:71,2
DA:72,2
DA:75,2
DA:76,0
DA:79,2
DA:81,0
DA:82,0
DA:83,0
DA:84,0
DA:94,0
DA:95,0
DA:97,0
DA:98,0
DA:102,2
DA:103,2
DA:104,0
DA:106,2
DA:109,2
DA:110,0
DA:111,0
DA:112,0
DA:115,2
DA:116,2
DA:117,0
DA:119,2
DA:122,2
DA:123,2
DA:124,0
DA:126,2
DA:129,2
DA:130,0
DA:131,0
DA:135,2
DA:136,0
DA:137,0
DA:141,2
DA:142,2
DA:143,0
DA:145,2
DA:148,2
DA:149,0
DA:152,2
DA:153,0
DA:154,0
DA:155,0
DA:158,2
DA:159,0
DA:160,0
DA:161,0
DA:164,2
DA:165,0
DA:166,0
DA:168,0
DA:170,0
DA:171,0
DA:172,0
DA:173,0
DA:174,0
DA:177,0
DA:178,0
DA:181,0
DA:182,0
DA:183,0
DA:186,0
DA:189,2
DA:222,0
DA:226,0
DA:233,0
LF:108
LH:42
BRDA:51,0,0,0
BRDA:51,0,1,0
BRDA:56,1,0,0
BRDA:56,1,1,0
BRDA:103,2,0,0
BRDA:103,2,1,2
BRDA:116,3,0,0
BRDA:116,3,1,2
BRDA:123,4,0,0
BRDA:123,4,1,2
BRDA:142,5,0,0
BRDA:142,5,1,2
BRDA:165,6,0,0
BRDA:165,6,1,0
BRDA:165,7,0,0
BRDA:165,7,1,0
BRDA:173,8,0,0
BRDA:173,8,1,0
BRF:18
BRH:4
end_of_record
TN:
SF:src/components/overview/PurchaseInfo.jsx
FN:10,(anonymous_0)
FN:21,(anonymous_1)
FN:23,(anonymous_2)
FN:34,(anonymous_3)
FNF:4
FNH:3
FNDA:21,(anonymous_0)
FNDA:5,(anonymous_1)
FNDA:15,(anonymous_2)
FNDA:0,(anonymous_3)
DA:10,3
DA:11,21
DA:12,21
DA:13,21
DA:14,21
DA:15,21
DA:16,21
DA:19,21
DA:21,21
DA:22,5
DA:23,5
DA:24,15
DA:25,15
DA:26,15
DA:28,15
DA:29,0
DA:34,21
DA:35,0
DA:38,21
LF:19
LH:17
BRDA:25,0,0,15
BRDA:25,0,1,0
BRDA:25,1,0,15
BRDA:25,1,1,15
BRDA:28,2,0,0
BRDA:28,2,1,15
BRDA:45,3,0,0
BRDA:45,3,1,5
BRDA:88,4,0,5
BRDA:88,4,1,0
BRF:10
BRH:6
end_of_record
TN:
SF:src/components/overview/QMenu.jsx
FN:3,(anonymous_0)
FN:6,(anonymous_1)
FN:19,(anonymous_2)
FN:35,(anonymous_3)
FN:39,(anonymous_4)
FNF:5
FNH:4
FNDA:8,(anonymous_0)
FNDA:8,(anonymous_1)
FNDA:1,(anonymous_2)
FNDA:0,(anonymous_3)
FNDA:1,(anonymous_4)
DA:3,4
DA:4,8
DA:6,8
DA:7,8
DA:8,1
DA:9,1
DA:10,1
DA:11,1
DA:12,1
DA:15,1
DA:16,1
DA:17,1
DA:20,1
DA:22,1
DA:24,0
DA:29,8
DA:36,0
DA:40,1
LF:18
LH:16
BRDA:7,0,0,1
BRDA:7,0,1,7
BRDA:7,1,0,8
BRDA:7,1,1,2
BRDA:10,2,0,1
BRDA:10,2,1,0
BRDA:16,3,0,1
BRDA:16,3,1,0
BRF:8
BRH:6
end_of_record
TN:
SF:src/components/overview/SizeMenu.jsx
FN:3,(anonymous_0)
FN:6,(anonymous_1)
FN:8,(anonymous_2)
FN:21,(anonymous_3)
FN:25,(anonymous_4)
FN:26,(anonymous_5)
FN:46,(anonymous_6)
FN:50,(anonymous_7)
FN:65,(anonymous_8)
FNF:9
FNH:4
FNDA:8,(anonymous_0)
FNDA:5,(anonymous_1)
FNDA:15,(anonymous_2)
FNDA:0,(anonymous_3)
FNDA:0,(anonymous_4)
FNDA:0,(anonymous_5)
FNDA:0,(anonymous_6)
FNDA:0,(anonymous_7)
FNDA:30,(anonymous_8)
DA:3,3
DA:4,8
DA:6,8
DA:7,5
DA:8,5
DA:9,15
DA:10,15
DA:11,15
DA:14,5
DA:15,0
DA:19,8
DA:21,8
DA:22,0
DA:25,8
DA:26,0
DA:27,0
DA:28,0
DA:30,0
DA:34,0
DA:41,8
DA:47,0
DA:48,0
DA:49,0
DA:50,0
DA:51,0
DA:52,0
DA:66,30
DA:67,0
DA:73,30
LF:29
LH:15
BRDA:9,0,0,15
BRDA:9,0,1,0
BRDA:9,1,0,15
BRDA:9,1,1,15
BRDA:9,1,2,15
BRDA:9,1,3,15
BRDA:14,2,0,0
BRDA:14,2,1,5
BRDA:27,3,0,0
BRDA:27,3,1,0
BRDA:36,4,0,0
BRDA:36,4,1,0
BRDA:51,5,0,0
BRDA:51,5,1,0
BRDA:58,6,0,0
BRDA:58,6,1,8
BRDA:66,7,0,0
BRDA:66,7,1,30
BRDA:66,8,0,30
BRDA:66,8,1,30
BRDA:69,9,0,0
BRDA:69,9,1,0
BRF:22
BRH:10
end_of_record
TN:
SF:src/components/overview/StyleObjectThumbnail.jsx
FN:4,(anonymous_0)
FN:5,(anonymous_1)
FN:14,(anonymous_2)
FN:17,(anonymous_3)
FN:20,(anonymous_4)
FN:50,(anonymous_5)
FN:53,(anonymous_6)
FN:56,(anonymous_7)
FNF:8
FNH:1
FNDA:20,(anonymous_0)
FNDA:0,(anonymous_1)
FNDA:0,(anonymous_2)
FNDA:0,(anonymous_3)
FNDA:0,(anonymous_4)
FNDA:0,(anonymous_5)
FNDA:0,(anonymous_6)
FNDA:0,(anonymous_7)
DA:4,2
DA:5,20
DA:6,0
DA:9,20
DA:10,5
DA:15,0
DA:18,0
DA:21,0
DA:46,15
DA:51,0
DA:54,0
DA:57,0
LF:12
LH:5
BRDA:9,0,0,5
BRDA:9,0,1,15
BRF:2
BRH:2
end_of_record
TN:
SF:src/components/overview/StylesContainer.jsx
FN:4,(anonymous_0)
FN:7,(anonymous_1)
FNF:2
FNH:2
FNDA:5,(anonymous_0)
FNDA:20,(anonymous_1)
DA:4,2
DA:5,5
DA:8,20
LF:3
LH:3
BRF:0
BRH:0
end_of_record
TN:
SF:src/components/overview/ThumbnailContainer.jsx
FN:8,(anonymous_0)
FN:22,(anonymous_1)
FN:28,(anonymous_2)
FN:34,(anonymous_3)
FN:40,(anonymous_4)
FN:44,(anonymous_5)
FN:51,(anonymous_6)
FN:58,(anonymous_7)
FN:59,(anonymous_8)
FN:65,(anonymous_9)
FN:66,(anonymous_10)
FN:81,(anonymous_11)
FN:104,(anonymous_12)
FNF:13
FNH:6
FNDA:15,(anonymous_0)
FNDA:5,(anonymous_1)
FNDA:20,(anonymous_2)
FNDA:10,(anonymous_3)
FNDA:5,(anonymous_4)
FNDA:0,(anonymous_5)
FNDA:0,(anonymous_6)
FNDA:0,(anonymous_7)
FNDA:0,(anonymous_8)
FNDA:0,(anonymous_9)
FNDA:0,(anonymous_10)
FNDA:0,(anonymous_11)
FNDA:40,(anonymous_12)
DA:8,2
DA:17,15
DA:18,15
DA:19,15
DA:20,15
DA:22,15
DA:23,5
DA:24,0
DA:26,5
DA:29,20
DA:31,5
DA:34,15
DA:35,10
DA:36,5
DA:40,15
DA:41,5
DA:42,0
DA:45,0
DA:47,0
DA:48,5
DA:49,0
DA:52,0
DA:54,0
DA:58,15
DA:59,0
DA:60,0
DA:62,0
DA:65,15
DA:66,0
DA:67,0
DA:69,0
DA:72,15
DA:73,0
DA:76,15
DA:82,0
DA:105,40
DA:106,130
DA:107,36
LF:38
LH:23
BRDA:23,0,0,0
BRDA:23,0,1,5
BRDA:35,1,0,5
BRDA:35,1,1,5
BRDA:41,2,0,0
BRDA:41,2,1,5
BRDA:48,3,0,0
BRDA:48,3,1,5
BRDA:72,4,0,0
BRDA:72,4,1,15
BRDA:78,5,0,0
BRDA:78,5,1,15
BRDA:80,6,0,0
BRDA:80,6,1,15
BRDA:85,7,0,9
BRDA:85,7,1,6
BRDA:85,8,0,15
BRDA:85,8,1,6
BRDA:106,9,0,36
BRDA:106,9,1,94
BRF:20
BRH:14
end_of_record
TN:
SF:src/components/overview/ThumbnailDecrement.jsx
FN:3,(anonymous_0)
FN:6,(anonymous_1)
FN:17,(anonymous_2)
FNF:3
FNH:2
FNDA:15,(anonymous_0)
FNDA:10,(anonymous_1)
FNDA:0,(anonymous_2)
DA:3,2
DA:4,15
DA:6,15
DA:7,10
DA:8,5
DA:10,5
DA:14,15
DA:18,0
LF:8
LH:7
BRDA:7,0,0,5
BRDA:7,0,1,5
BRDA:21,1,0,5
BRDA:21,1,1,10
BRDA:21,2,0,15
BRDA:21,2,1,10
BRF:6
BRH:6
end_of_record
TN:
SF:src/components/overview/ThumbnailIncrement.jsx
FN:3,(anonymous_0)
FN:6,(anonymous_1)
FN:17,(anonymous_2)
FNF:3
FNH:2
FNDA:15,(anonymous_0)
FNDA:10,(anonymous_1)
FNDA:0,(anonymous_2)
DA:3,2
DA:4,15
DA:6,15
DA:7,10
DA:8,5
DA:10,5
DA:14,15
DA:18,0
LF:8
LH:7
BRDA:7,0,0,5
BRDA:7,0,1,5
BRDA:16,1,0,0
BRDA:16,1,1,15
BRDA:21,2,0,5
BRDA:21,2,1,10
BRDA:21,3,0,15
BRDA:21,3,1,10
BRF:8
BRH:7
end_of_record
TN:
SF:src/services/Cloudinary.js
FN:17,(anonymous_0)
FN:32,(anonymous_1)
FNF:2
FNH:2
FNDA:110,(anonymous_0)
FNDA:5,(anonymous_1)
DA:6,6
DA:15,6
DA:17,6
DA:19,110
DA:20,19
DA:21,19
DA:22,19
DA:24,19
DA:25,19
DA:27,110
DA:30,6
DA:32,6
DA:33,5
DA:34,3
DA:35,3
DA:36,3
DA:44,3
DA:46,5
LF:18
LH:18
BRDA:19,0,0,19
BRDA:19,0,1,91
BRDA:33,1,0,3
BRDA:33,1,1,2
BRF:4
BRH:4
end_of_record
