TN:
SF:config/config.js
FNF:0
FNH:0
DA:1,2
DA:3,2
LF:2
LH:2
BRF:0
BRH:0
end_of_record
TN:
SF:src/controllers.js
FN:10,getProductById
FN:12,(anonymous_1)
FN:26,(anonymous_2)
FN:34,getStylesById
FN:36,(anonymous_4)
FN:46,(anonymous_5)
FN:54,prefetch
FN:61,(anonymous_7)
FN:62,(anonymous_8)
FN:63,(anonymous_9)
FN:72,addToCart
FN:76,(anonymous_11)
FN:92,(anonymous_12)
FN:98,(anonymous_13)
FN:100,getStars
FN:102,(anonymous_15)
FN:116,(anonymous_16)
FN:119,(anonymous_17)
FNF:18
FNH:0
FNDA:0,getProductById
FNDA:0,(anonymous_1)
FNDA:0,(anonymous_2)
FNDA:0,getStylesById
FNDA:0,(anonymous_4)
FNDA:0,(anonymous_5)
FNDA:0,prefetch
FNDA:0,(anonymous_7)
FNDA:0,(anonymous_8)
FNDA:0,(anonymous_9)
FNDA:0,addToCart
FNDA:0,(anonymous_11)
FNDA:0,(anonymous_12)
FNDA:0,(anonymous_13)
FNDA:0,getStars
FNDA:0,(anonymous_15)
FNDA:0,(anonymous_16)
FNDA:0,(anonymous_17)
DA:5,2
DA:6,2
DA:8,2
DA:11,0
DA:12,0
DA:13,0
DA:16,0
DA:27,0
DA:28,0
DA:32,2
DA:35,0
DA:36,0
DA:37,0
DA:40,0
DA:47,0
DA:48,0
DA:52,2
DA:55,0
DA:56,0
DA:58,0
DA:59,0
DA:61,0
DA:62,0
DA:63,0
DA:64,0
DA:66,0
DA:73,0
DA:74,0
DA:75,0
DA:77,0
DA:92,0
DA:93,0
DA:98,2
DA:101,0
DA:102,0
DA:103,0
DA:106,0
DA:117,0
DA:121,0
DA:128,0
DA:134,0
DA:136,0
DA:137,0
LF:43
LH:6
BRDA:10,0,0,0
BRDA:11,1,0,0
BRDA:11,1,1,0
BRDA:35,2,0,0
BRDA:35,2,1,0
BRDA:55,3,0,0
BRDA:55,3,1,0
BRDA:58,4,0,0
BRDA:58,4,1,0
BRDA:73,5,0,0
BRDA:73,5,1,0
BRDA:73,6,0,0
BRDA:73,6,1,0
BRDA:101,7,0,0
BRDA:101,7,1,0
BRF:15
BRH:0
end_of_record
TN:
SF:src/components/commonComponents/StarRatingStatic.jsx
FN:3,(anonymous_0)
FN:7,StarRatingStatic2
FNF:2
FNH:1
FNDA:0,(anonymous_0)
FNDA:2,StarRatingStatic2
DA:3,1
DA:4,0
DA:8,2
LF:3
LH:2
BRF:0
BRH:0
end_of_record
TN:
SF:src/components/commonComponents/usePreviousHook.jsx
FN:3,(anonymous_0)
FN:6,(anonymous_1)
FNF:2
FNH:2
FNDA:12,(anonymous_0)
FNDA:4,(anonymous_1)
DA:3,2
DA:4,12
DA:6,12
DA:7,4
DA:10,12
LF:5
LH:5
BRF:0
BRH:0
end_of_record
TN:
SF:src/components/overview/AddToCart.jsx
FN:3,(anonymous_0)
FN:6,(anonymous_1)
FN:8,(anonymous_2)
FN:20,(anonymous_3)
FN:38,(anonymous_4)
FN:40,(anonymous_5)
FN:50,(anonymous_6)
FNF:7
FNH:3
FNDA:8,(anonymous_0)
FNDA:0,(anonymous_1)
FNDA:0,(anonymous_2)
FNDA:0,(anonymous_3)
FNDA:4,(anonymous_4)
FNDA:16,(anonymous_5)
FNDA:0,(anonymous_6)
DA:3,2
DA:4,8
DA:6,8
DA:7,0
DA:8,0
DA:9,0
DA:10,0
DA:11,0
DA:15,0
DA:16,0
DA:18,0
DA:19,0
DA:20,0
DA:21,0
DA:22,0
DA:23,0
DA:25,0
DA:26,0
DA:27,0
DA:29,0
DA:32,0
DA:33,0
DA:38,8
DA:39,4
DA:40,4
DA:41,16
DA:42,16
DA:47,8
DA:51,0
LF:29
LH:9
BRDA:9,0,0,0
BRDA:9,0,1,0
BRDA:10,1,0,0
BRDA:10,1,1,0
BRDA:15,2,0,0
BRDA:15,2,1,0
BRDA:21,3,0,0
BRDA:21,3,1,0
BRDA:25,4,0,0
BRDA:25,4,1,0
BRDA:26,5,0,0
BRDA:26,5,1,0
BRDA:32,6,0,0
BRDA:32,6,1,0
BRDA:41,7,0,16
BRDA:41,7,1,0
BRDA:53,8,0,0
BRDA:53,8,1,8
BRF:18
BRH:2
end_of_record
TN:
SF:src/components/overview/CollapseButton.jsx
FN:3,(anonymous_0)
FN:8,(anonymous_1)
FNF:2
FNH:1
FNDA:2,(anonymous_0)
FNDA:0,(anonymous_1)
DA:3,1
DA:4,2
DA:9,0
LF:3
LH:2
BRF:0
BRH:0
end_of_record
TN:
SF:src/components/overview/ExpandedProductInfo.jsx
FN:9,(anonymous_0)
FN:29,(anonymous_1)
FN:34,(anonymous_2)
FN:43,(anonymous_3)
FNF:4
FNH:1
FNDA:2,(anonymous_0)
FNDA:0,(anonymous_1)
FNDA:0,(anonymous_2)
FNDA:0,(anonymous_3)
DA:9,1
DA:26,2
DA:27,2
DA:29,2
DA:30,0
DA:31,0
DA:32,0
DA:33,0
DA:34,0
DA:35,0
DA:40,2
DA:44,0
LF:12
LH:5
BRDA:32,0,0,0
BRDA:32,0,1,0
BRDA:41,1,0,0
BRDA:41,1,1,2
BRDA:47,2,0,0
BRDA:47,2,1,2
BRDA:75,3,0,0
BRDA:75,3,1,2
BRDA:78,4,0,2
BRDA:78,4,1,0
BRF:10
BRH:4
end_of_record
TN:
SF:src/components/overview/ImageCarousel.jsx
FN:7,(anonymous_0)
FN:26,(anonymous_1)
FN:33,(anonymous_2)
FN:66,(anonymous_3)
FNF:4
FNH:1
FNDA:2,(anonymous_0)
FNDA:0,(anonymous_1)
FNDA:0,(anonymous_2)
FNDA:0,(anonymous_3)
DA:7,1
DA:24,2
DA:26,2
DA:27,0
DA:30,2
DA:34,0
DA:67,0
LF:7
LH:4
BRDA:37,0,0,2
BRDA:37,0,1,0
BRF:2
BRH:1
end_of_record
TN:
SF:src/components/overview/OverlayThumbnail.jsx
FN:4,(anonymous_0)
FN:7,(anonymous_1)
FN:11,(anonymous_2)
FN:20,(anonymous_3)
FN:32,(anonymous_4)
FNF:5
FNH:2
FNDA:48,(anonymous_0)
FNDA:0,(anonymous_1)
FNDA:48,(anonymous_2)
FNDA:0,(anonymous_3)
FNDA:0,(anonymous_4)
DA:4,2
DA:5,48
DA:7,48
DA:8,0
DA:11,48
DA:12,48
DA:13,24
DA:17,48
DA:18,8
DA:21,0
DA:30,40
DA:33,0
LF:12
LH:9
BRDA:12,0,0,24
BRDA:12,0,1,24
BRDA:17,1,0,8
BRDA:17,1,1,40
BRDA:24,2,0,8
BRDA:24,2,1,0
BRF:6
BRH:5
end_of_record
TN:
SF:src/components/overview/Price.jsx
FN:3,(anonymous_0)
FNF:1
FNH:1
FNDA:5,(anonymous_0)
DA:3,2
DA:4,5
DA:5,2
DA:16,3
LF:4
LH:4
BRDA:4,0,0,2
BRDA:4,0,1,3
BRF:2
BRH:2
end_of_record
TN:
SF:src/components/overview/PurchaseInfo.jsx
FN:9,(anonymous_0)
FN:16,(anonymous_1)
FN:27,(anonymous_2)
FN:32,(anonymous_3)
FN:34,(anonymous_4)
FNF:5
FNH:3
FNDA:8,(anonymous_0)
FNDA:0,(anonymous_1)
FNDA:0,(anonymous_2)
FNDA:4,(anonymous_3)
FNDA:16,(anonymous_4)
DA:9,2
DA:10,8
DA:11,8
DA:12,8
DA:13,8
DA:14,8
DA:16,8
DA:17,0
DA:18,0
DA:19,0
DA:20,0
DA:21,0
DA:28,0
DA:32,8
DA:33,4
DA:34,4
DA:35,16
DA:36,16
DA:37,16
DA:42,8
LF:20
LH:14
BRDA:36,0,0,16
BRDA:36,0,1,0
BRDA:36,1,0,16
BRDA:36,1,1,16
BRDA:49,2,0,0
BRDA:49,2,1,8
BRF:6
BRH:4
end_of_record
TN:
SF:src/components/overview/QMenu.jsx
FN:3,(anonymous_0)
FN:6,(anonymous_1)
FN:19,(anonymous_2)
FN:34,(anonymous_3)
FN:38,(anonymous_4)
FNF:5
FNH:2
FNDA:8,(anonymous_0)
FNDA:8,(anonymous_1)
FNDA:0,(anonymous_2)
FNDA:0,(anonymous_3)
FNDA:0,(anonymous_4)
DA:3,2
DA:4,8
DA:6,8
DA:7,8
DA:8,0
DA:9,0
DA:10,0
DA:11,0
DA:12,0
DA:15,0
DA:16,0
DA:17,0
DA:20,0
DA:22,0
DA:24,0
DA:29,8
DA:35,0
DA:39,0
LF:18
LH:5
BRDA:7,0,0,0
BRDA:7,0,1,8
BRDA:7,1,0,8
BRDA:7,1,1,0
BRDA:10,2,0,0
BRDA:10,2,1,0
BRDA:16,3,0,0
BRDA:16,3,1,0
BRF:8
BRH:2
end_of_record
TN:
SF:src/components/overview/SizeMenu.jsx
FN:3,(anonymous_0)
FN:6,(anonymous_1)
FN:8,(anonymous_2)
FN:23,(anonymous_3)
FN:27,(anonymous_4)
FN:42,(anonymous_5)
FNF:6
FNH:4
FNDA:8,(anonymous_0)
FNDA:4,(anonymous_1)
FNDA:16,(anonymous_2)
FNDA:0,(anonymous_3)
FNDA:0,(anonymous_4)
FNDA:32,(anonymous_5)
DA:3,2
DA:4,8
DA:6,8
DA:7,4
DA:8,4
DA:9,16
DA:10,16
DA:11,16
DA:14,4
DA:15,0
DA:16,0
DA:20,8
DA:24,0
DA:25,0
DA:26,0
DA:27,0
DA:28,0
DA:29,0
DA:43,32
DA:44,0
DA:50,32
LF:21
LH:12
BRDA:9,0,0,16
BRDA:9,0,1,0
BRDA:9,1,0,16
BRDA:9,1,1,16
BRDA:14,2,0,0
BRDA:14,2,1,4
BRDA:28,3,0,0
BRDA:28,3,1,0
BRDA:35,4,0,0
BRDA:35,4,1,8
BRDA:43,5,0,0
BRDA:43,5,1,32
BRDA:43,6,0,32
BRDA:43,6,1,32
BRDA:46,7,0,0
BRDA:46,7,1,0
BRF:16
BRH:8
end_of_record
TN:
SF:src/components/overview/StyleObjectThumbnail.jsx
FN:4,(anonymous_0)
FN:5,(anonymous_1)
FN:14,(anonymous_2)
FN:17,(anonymous_3)
FN:20,(anonymous_4)
FN:48,(anonymous_5)
FN:51,(anonymous_6)
FN:54,(anonymous_7)
FNF:8
FNH:1
FNDA:12,(anonymous_0)
FNDA:0,(anonymous_1)
FNDA:0,(anonymous_2)
FNDA:0,(anonymous_3)
FNDA:0,(anonymous_4)
FNDA:0,(anonymous_5)
FNDA:0,(anonymous_6)
FNDA:0,(anonymous_7)
DA:4,1
DA:5,12
DA:6,0
DA:9,12
DA:10,2
DA:15,0
DA:18,0
DA:21,0
DA:44,10
DA:49,0
DA:52,0
DA:55,0
LF:12
LH:5
BRDA:9,0,0,2
BRDA:9,0,1,10
BRF:2
BRH:2
end_of_record
TN:
SF:src/components/overview/StylesContainer.jsx
FN:4,(anonymous_0)
FN:7,(anonymous_1)
FNF:2
FNH:2
FNDA:2,(anonymous_0)
FNDA:12,(anonymous_1)
DA:4,1
DA:5,2
DA:8,12
LF:3
LH:3
BRF:0
BRH:0
end_of_record
TN:
SF:src/components/overview/ThumbnailContainer.jsx
FN:9,(anonymous_0)
FN:16,(anonymous_1)
FN:35,(anonymous_2)
FN:49,(anonymous_3)
FN:55,(anonymous_4)
FN:59,(anonymous_5)
FN:66,(anonymous_6)
FN:81,(anonymous_7)
FN:82,(anonymous_8)
FN:88,(anonymous_9)
FN:89,(anonymous_10)
FN:95,(anonymous_11)
FN:104,(anonymous_12)
FNF:13
FNH:6
FNDA:12,(anonymous_0)
FNDA:4,(anonymous_1)
FNDA:24,(anonymous_2)
FNDA:8,(anonymous_3)
FNDA:4,(anonymous_4)
FNDA:0,(anonymous_5)
FNDA:0,(anonymous_6)
FNDA:0,(anonymous_7)
FNDA:0,(anonymous_8)
FNDA:0,(anonymous_9)
FNDA:0,(anonymous_10)
FNDA:0,(anonymous_11)
FNDA:48,(anonymous_12)
DA:9,2
DA:10,12
DA:11,12
DA:12,12
DA:13,12
DA:14,12
DA:16,12
DA:30,4
DA:31,0
DA:33,4
DA:36,24
DA:38,4
DA:49,12
DA:50,8
DA:51,4
DA:55,12
DA:56,4
DA:57,0
DA:60,0
DA:62,0
DA:63,4
DA:64,0
DA:67,0
DA:69,0
DA:81,12
DA:82,0
DA:83,0
DA:85,0
DA:88,12
DA:89,0
DA:90,0
DA:92,0
DA:95,12
DA:96,0
DA:97,0
DA:98,0
DA:101,12
DA:105,48
DA:106,168
DA:107,48
LF:40
LH:24
BRDA:30,0,0,0
BRDA:30,0,1,4
BRDA:50,1,0,4
BRDA:50,1,1,4
BRDA:56,2,0,0
BRDA:56,2,1,4
BRDA:63,3,0,0
BRDA:63,3,1,4
BRDA:106,4,0,48
BRDA:106,4,1,120
BRF:10
BRH:7
end_of_record
TN:
SF:src/components/overview/ThumbnailDecrement.jsx
FN:3,(anonymous_0)
FN:6,(anonymous_1)
FN:17,(anonymous_2)
FNF:3
FNH:2
FNDA:12,(anonymous_0)
FNDA:8,(anonymous_1)
FNDA:0,(anonymous_2)
DA:3,2
DA:4,12
DA:6,12
DA:7,8
DA:8,4
DA:10,4
DA:14,12
DA:18,0
LF:8
LH:7
BRDA:7,0,0,4
BRDA:7,0,1,4
BRDA:15,1,0,4
BRDA:15,1,1,8
BRF:4
BRH:4
end_of_record
TN:
SF:src/components/overview/ThumbnailIncrement.jsx
FN:3,(anonymous_0)
FN:6,(anonymous_1)
FN:17,(anonymous_2)
FNF:3
FNH:2
FNDA:12,(anonymous_0)
FNDA:8,(anonymous_1)
FNDA:0,(anonymous_2)
DA:3,2
DA:4,12
DA:6,12
DA:7,8
DA:8,4
DA:10,4
DA:14,12
DA:18,0
LF:8
LH:7
BRDA:7,0,0,4
BRDA:7,0,1,4
BRDA:15,1,0,4
BRDA:15,1,1,8
BRF:4
BRH:4
end_of_record
TN:
SF:src/services/Cloudinary.js
FN:17,(anonymous_0)
FN:32,(anonymous_1)
FNF:2
FNH:2
FNDA:132,(anonymous_0)
FNDA:3,(anonymous_1)
DA:6,4
DA:15,4
DA:17,4
DA:19,132
DA:20,29
DA:21,29
DA:22,29
DA:24,29
DA:25,29
DA:27,132
DA:30,4
DA:32,4
DA:33,3
DA:34,1
DA:35,1
DA:36,1
DA:44,1
DA:46,3
LF:18
LH:18
BRDA:19,0,0,29
BRDA:19,0,1,103
BRDA:33,1,0,1
BRDA:33,1,1,2
BRF:4
BRH:4
end_of_record
